[2025-03-12T11:36:58.353+0000] {processor.py:186} INFO - Started process (PID=25097) to work on /home/arthur-guilherme/airflow-env/lib/python3.12/site-packages/airflow/example_dags/example_branch_labels.py
[2025-03-12T11:36:58.354+0000] {processor.py:914} INFO - Processing file /home/arthur-guilherme/airflow-env/lib/python3.12/site-packages/airflow/example_dags/example_branch_labels.py for tasks to queue
[2025-03-12T11:36:58.358+0000] {logging_mixin.py:190} INFO - [2025-03-12T11:36:58.357+0000] {dagbag.py:588} INFO - Filling up the DagBag from /home/arthur-guilherme/airflow-env/lib/python3.12/site-packages/airflow/example_dags/example_branch_labels.py
[2025-03-12T11:36:58.373+0000] {processor.py:925} INFO - DAG(s) 'example_branch_labels' retrieved from /home/arthur-guilherme/airflow-env/lib/python3.12/site-packages/airflow/example_dags/example_branch_labels.py
[2025-03-12T11:36:58.637+0000] {logging_mixin.py:190} INFO - [2025-03-12T11:36:58.637+0000] {override.py:1930} INFO - Created Permission View: can edit on DAG:example_branch_labels
[2025-03-12T11:36:58.666+0000] {logging_mixin.py:190} INFO - [2025-03-12T11:36:58.665+0000] {override.py:1930} INFO - Created Permission View: can delete on DAG:example_branch_labels
[2025-03-12T11:36:58.704+0000] {logging_mixin.py:190} INFO - [2025-03-12T11:36:58.704+0000] {override.py:1930} INFO - Created Permission View: can read on DAG:example_branch_labels
[2025-03-12T11:36:58.797+0000] {logging_mixin.py:190} INFO - [2025-03-12T11:36:58.795+0000] {override.py:1930} INFO - Created Permission View: menu access on DAG Run:example_branch_labels
[2025-03-12T11:36:58.817+0000] {logging_mixin.py:190} INFO - [2025-03-12T11:36:58.817+0000] {override.py:1930} INFO - Created Permission View: can create on DAG Run:example_branch_labels
[2025-03-12T11:36:58.880+0000] {logging_mixin.py:190} INFO - [2025-03-12T11:36:58.876+0000] {override.py:1930} INFO - Created Permission View: can delete on DAG Run:example_branch_labels
[2025-03-12T11:36:58.898+0000] {logging_mixin.py:190} INFO - [2025-03-12T11:36:58.898+0000] {override.py:1930} INFO - Created Permission View: can read on DAG Run:example_branch_labels
[2025-03-12T11:36:58.899+0000] {logging_mixin.py:190} INFO - [2025-03-12T11:36:58.899+0000] {dag.py:3239} INFO - Sync 1 DAGs
[2025-03-12T11:36:58.915+0000] {logging_mixin.py:190} INFO - [2025-03-12T11:36:58.915+0000] {dag.py:3262} INFO - Creating ORM DAG for example_branch_labels
[2025-03-12T11:36:58.926+0000] {logging_mixin.py:190} INFO - [2025-03-12T11:36:58.926+0000] {dag.py:4180} INFO - Setting next_dagrun for example_branch_labels to 2025-03-11 00:00:00+00:00, run_after=2025-03-12 00:00:00+00:00
[2025-03-12T11:36:58.970+0000] {processor.py:208} INFO - Processing /home/arthur-guilherme/airflow-env/lib/python3.12/site-packages/airflow/example_dags/example_branch_labels.py took 0.625 seconds
[2025-03-12T11:38:08.063+0000] {processor.py:186} INFO - Started process (PID=25184) to work on /home/arthur-guilherme/airflow-env/lib/python3.12/site-packages/airflow/example_dags/example_branch_labels.py
[2025-03-12T11:38:08.066+0000] {processor.py:914} INFO - Processing file /home/arthur-guilherme/airflow-env/lib/python3.12/site-packages/airflow/example_dags/example_branch_labels.py for tasks to queue
[2025-03-12T11:38:08.068+0000] {logging_mixin.py:190} INFO - [2025-03-12T11:38:08.068+0000] {dagbag.py:588} INFO - Filling up the DagBag from /home/arthur-guilherme/airflow-env/lib/python3.12/site-packages/airflow/example_dags/example_branch_labels.py
[2025-03-12T11:38:08.079+0000] {processor.py:925} INFO - DAG(s) 'example_branch_labels' retrieved from /home/arthur-guilherme/airflow-env/lib/python3.12/site-packages/airflow/example_dags/example_branch_labels.py
[2025-03-12T11:38:08.095+0000] {logging_mixin.py:190} INFO - [2025-03-12T11:38:08.095+0000] {dag.py:3239} INFO - Sync 1 DAGs
[2025-03-12T11:38:08.114+0000] {logging_mixin.py:190} INFO - [2025-03-12T11:38:08.114+0000] {dag.py:4180} INFO - Setting next_dagrun for example_branch_labels to 2025-03-11 00:00:00+00:00, run_after=2025-03-12 00:00:00+00:00
[2025-03-12T11:38:08.134+0000] {processor.py:208} INFO - Processing /home/arthur-guilherme/airflow-env/lib/python3.12/site-packages/airflow/example_dags/example_branch_labels.py took 0.076 seconds
[2025-03-12T11:39:04.551+0000] {processor.py:186} INFO - Started process (PID=25244) to work on /home/arthur-guilherme/airflow-env/lib/python3.12/site-packages/airflow/example_dags/example_branch_labels.py
[2025-03-12T11:39:04.553+0000] {processor.py:914} INFO - Processing file /home/arthur-guilherme/airflow-env/lib/python3.12/site-packages/airflow/example_dags/example_branch_labels.py for tasks to queue
[2025-03-12T11:39:04.554+0000] {logging_mixin.py:190} INFO - [2025-03-12T11:39:04.554+0000] {dagbag.py:588} INFO - Filling up the DagBag from /home/arthur-guilherme/airflow-env/lib/python3.12/site-packages/airflow/example_dags/example_branch_labels.py
[2025-03-12T11:39:04.563+0000] {processor.py:925} INFO - DAG(s) 'example_branch_labels' retrieved from /home/arthur-guilherme/airflow-env/lib/python3.12/site-packages/airflow/example_dags/example_branch_labels.py
[2025-03-12T11:39:04.576+0000] {logging_mixin.py:190} INFO - [2025-03-12T11:39:04.576+0000] {dag.py:3239} INFO - Sync 1 DAGs
[2025-03-12T11:39:04.593+0000] {logging_mixin.py:190} INFO - [2025-03-12T11:39:04.593+0000] {dag.py:4180} INFO - Setting next_dagrun for example_branch_labels to 2025-03-11 00:00:00+00:00, run_after=2025-03-12 00:00:00+00:00
[2025-03-12T11:39:04.609+0000] {processor.py:208} INFO - Processing /home/arthur-guilherme/airflow-env/lib/python3.12/site-packages/airflow/example_dags/example_branch_labels.py took 0.062 seconds
