[2025-03-12T11:36:23.954+0000] {processor.py:186} INFO - Started process (PID=25035) to work on /home/arthur-guilherme/airflow-env/lib/python3.12/site-packages/airflow/example_dags/example_skip_dag.py
[2025-03-12T11:36:23.955+0000] {processor.py:914} INFO - Processing file /home/arthur-guilherme/airflow-env/lib/python3.12/site-packages/airflow/example_dags/example_skip_dag.py for tasks to queue
[2025-03-12T11:36:23.956+0000] {logging_mixin.py:190} INFO - [2025-03-12T11:36:23.956+0000] {dagbag.py:588} INFO - Filling up the DagBag from /home/arthur-guilherme/airflow-env/lib/python3.12/site-packages/airflow/example_dags/example_skip_dag.py
[2025-03-12T11:36:23.962+0000] {processor.py:925} INFO - DAG(s) 'example_skip_dag' retrieved from /home/arthur-guilherme/airflow-env/lib/python3.12/site-packages/airflow/example_dags/example_skip_dag.py
[2025-03-12T11:36:24.050+0000] {logging_mixin.py:190} INFO - [2025-03-12T11:36:24.050+0000] {override.py:1930} INFO - Created Permission View: can edit on DAG:example_skip_dag
[2025-03-12T11:36:24.061+0000] {logging_mixin.py:190} INFO - [2025-03-12T11:36:24.061+0000] {override.py:1930} INFO - Created Permission View: can delete on DAG:example_skip_dag
[2025-03-12T11:36:24.069+0000] {logging_mixin.py:190} INFO - [2025-03-12T11:36:24.069+0000] {override.py:1930} INFO - Created Permission View: can read on DAG:example_skip_dag
[2025-03-12T11:36:24.082+0000] {logging_mixin.py:190} INFO - [2025-03-12T11:36:24.081+0000] {override.py:1930} INFO - Created Permission View: menu access on DAG Run:example_skip_dag
[2025-03-12T11:36:24.090+0000] {logging_mixin.py:190} INFO - [2025-03-12T11:36:24.089+0000] {override.py:1930} INFO - Created Permission View: can create on DAG Run:example_skip_dag
[2025-03-12T11:36:24.097+0000] {logging_mixin.py:190} INFO - [2025-03-12T11:36:24.097+0000] {override.py:1930} INFO - Created Permission View: can delete on DAG Run:example_skip_dag
[2025-03-12T11:36:24.105+0000] {logging_mixin.py:190} INFO - [2025-03-12T11:36:24.105+0000] {override.py:1930} INFO - Created Permission View: can read on DAG Run:example_skip_dag
[2025-03-12T11:36:24.105+0000] {logging_mixin.py:190} INFO - [2025-03-12T11:36:24.105+0000] {dag.py:3239} INFO - Sync 1 DAGs
[2025-03-12T11:36:24.115+0000] {logging_mixin.py:190} INFO - [2025-03-12T11:36:24.115+0000] {dag.py:3262} INFO - Creating ORM DAG for example_skip_dag
[2025-03-12T11:36:24.120+0000] {logging_mixin.py:190} INFO - [2025-03-12T11:36:24.120+0000] {dag.py:4180} INFO - Setting next_dagrun for example_skip_dag to 2025-03-11 00:00:00+00:00, run_after=2025-03-12 00:00:00+00:00
[2025-03-12T11:36:24.137+0000] {processor.py:208} INFO - Processing /home/arthur-guilherme/airflow-env/lib/python3.12/site-packages/airflow/example_dags/example_skip_dag.py took 0.187 seconds
[2025-03-12T11:37:30.812+0000] {processor.py:186} INFO - Started process (PID=25140) to work on /home/arthur-guilherme/airflow-env/lib/python3.12/site-packages/airflow/example_dags/example_skip_dag.py
[2025-03-12T11:37:30.820+0000] {processor.py:914} INFO - Processing file /home/arthur-guilherme/airflow-env/lib/python3.12/site-packages/airflow/example_dags/example_skip_dag.py for tasks to queue
[2025-03-12T11:37:30.822+0000] {logging_mixin.py:190} INFO - [2025-03-12T11:37:30.822+0000] {dagbag.py:588} INFO - Filling up the DagBag from /home/arthur-guilherme/airflow-env/lib/python3.12/site-packages/airflow/example_dags/example_skip_dag.py
[2025-03-12T11:37:30.829+0000] {processor.py:925} INFO - DAG(s) 'example_skip_dag' retrieved from /home/arthur-guilherme/airflow-env/lib/python3.12/site-packages/airflow/example_dags/example_skip_dag.py
[2025-03-12T11:37:30.844+0000] {logging_mixin.py:190} INFO - [2025-03-12T11:37:30.844+0000] {dag.py:3239} INFO - Sync 1 DAGs
[2025-03-12T11:37:30.860+0000] {logging_mixin.py:190} INFO - [2025-03-12T11:37:30.860+0000] {dag.py:4180} INFO - Setting next_dagrun for example_skip_dag to 2025-03-11 00:00:00+00:00, run_after=2025-03-12 00:00:00+00:00
[2025-03-12T11:37:30.880+0000] {processor.py:208} INFO - Processing /home/arthur-guilherme/airflow-env/lib/python3.12/site-packages/airflow/example_dags/example_skip_dag.py took 0.072 seconds
[2025-03-12T11:38:27.203+0000] {processor.py:186} INFO - Started process (PID=25203) to work on /home/arthur-guilherme/airflow-env/lib/python3.12/site-packages/airflow/example_dags/example_skip_dag.py
[2025-03-12T11:38:27.206+0000] {processor.py:914} INFO - Processing file /home/arthur-guilherme/airflow-env/lib/python3.12/site-packages/airflow/example_dags/example_skip_dag.py for tasks to queue
[2025-03-12T11:38:27.208+0000] {logging_mixin.py:190} INFO - [2025-03-12T11:38:27.208+0000] {dagbag.py:588} INFO - Filling up the DagBag from /home/arthur-guilherme/airflow-env/lib/python3.12/site-packages/airflow/example_dags/example_skip_dag.py
[2025-03-12T11:38:27.215+0000] {processor.py:925} INFO - DAG(s) 'example_skip_dag' retrieved from /home/arthur-guilherme/airflow-env/lib/python3.12/site-packages/airflow/example_dags/example_skip_dag.py
[2025-03-12T11:38:27.229+0000] {logging_mixin.py:190} INFO - [2025-03-12T11:38:27.229+0000] {dag.py:3239} INFO - Sync 1 DAGs
[2025-03-12T11:38:27.245+0000] {logging_mixin.py:190} INFO - [2025-03-12T11:38:27.245+0000] {dag.py:4180} INFO - Setting next_dagrun for example_skip_dag to 2025-03-11 00:00:00+00:00, run_after=2025-03-12 00:00:00+00:00
[2025-03-12T11:38:27.265+0000] {processor.py:208} INFO - Processing /home/arthur-guilherme/airflow-env/lib/python3.12/site-packages/airflow/example_dags/example_skip_dag.py took 0.067 seconds
