[2025-03-12T11:36:55.134+0000] {processor.py:186} INFO - Started process (PID=25093) to work on /home/arthur-guilherme/airflow-env/lib/python3.12/site-packages/airflow/example_dags/example_branch_datetime_operator.py
[2025-03-12T11:36:55.135+0000] {processor.py:914} INFO - Processing file /home/arthur-guilherme/airflow-env/lib/python3.12/site-packages/airflow/example_dags/example_branch_datetime_operator.py for tasks to queue
[2025-03-12T11:36:55.136+0000] {logging_mixin.py:190} INFO - [2025-03-12T11:36:55.136+0000] {dagbag.py:588} INFO - Filling up the DagBag from /home/arthur-guilherme/airflow-env/lib/python3.12/site-packages/airflow/example_dags/example_branch_datetime_operator.py
[2025-03-12T11:36:55.150+0000] {processor.py:925} INFO - DAG(s) 'example_branch_datetime_operator_3', 'example_branch_datetime_operator', 'example_branch_datetime_operator_2' retrieved from /home/arthur-guilherme/airflow-env/lib/python3.12/site-packages/airflow/example_dags/example_branch_datetime_operator.py
[2025-03-12T11:36:55.247+0000] {logging_mixin.py:190} INFO - [2025-03-12T11:36:55.246+0000] {override.py:1930} INFO - Created Permission View: can edit on DAG:example_branch_datetime_operator_3
[2025-03-12T11:36:55.258+0000] {logging_mixin.py:190} INFO - [2025-03-12T11:36:55.258+0000] {override.py:1930} INFO - Created Permission View: can delete on DAG:example_branch_datetime_operator_3
[2025-03-12T11:36:55.268+0000] {logging_mixin.py:190} INFO - [2025-03-12T11:36:55.268+0000] {override.py:1930} INFO - Created Permission View: can read on DAG:example_branch_datetime_operator_3
[2025-03-12T11:36:55.304+0000] {logging_mixin.py:190} INFO - [2025-03-12T11:36:55.303+0000] {override.py:1930} INFO - Created Permission View: menu access on DAG Run:example_branch_datetime_operator_3
[2025-03-12T11:36:55.314+0000] {logging_mixin.py:190} INFO - [2025-03-12T11:36:55.314+0000] {override.py:1930} INFO - Created Permission View: can create on DAG Run:example_branch_datetime_operator_3
[2025-03-12T11:36:55.323+0000] {logging_mixin.py:190} INFO - [2025-03-12T11:36:55.323+0000] {override.py:1930} INFO - Created Permission View: can delete on DAG Run:example_branch_datetime_operator_3
[2025-03-12T11:36:55.346+0000] {logging_mixin.py:190} INFO - [2025-03-12T11:36:55.345+0000] {override.py:1930} INFO - Created Permission View: can read on DAG Run:example_branch_datetime_operator_3
[2025-03-12T11:36:55.369+0000] {logging_mixin.py:190} INFO - [2025-03-12T11:36:55.368+0000] {override.py:1930} INFO - Created Permission View: can edit on DAG:example_branch_datetime_operator
[2025-03-12T11:36:55.376+0000] {logging_mixin.py:190} INFO - [2025-03-12T11:36:55.376+0000] {override.py:1930} INFO - Created Permission View: can delete on DAG:example_branch_datetime_operator
[2025-03-12T11:36:55.383+0000] {logging_mixin.py:190} INFO - [2025-03-12T11:36:55.382+0000] {override.py:1930} INFO - Created Permission View: can read on DAG:example_branch_datetime_operator
[2025-03-12T11:36:55.423+0000] {logging_mixin.py:190} INFO - [2025-03-12T11:36:55.423+0000] {override.py:1930} INFO - Created Permission View: menu access on DAG Run:example_branch_datetime_operator
[2025-03-12T11:36:55.459+0000] {logging_mixin.py:190} INFO - [2025-03-12T11:36:55.458+0000] {override.py:1930} INFO - Created Permission View: can create on DAG Run:example_branch_datetime_operator
[2025-03-12T11:36:55.472+0000] {logging_mixin.py:190} INFO - [2025-03-12T11:36:55.471+0000] {override.py:1930} INFO - Created Permission View: can delete on DAG Run:example_branch_datetime_operator
[2025-03-12T11:36:55.482+0000] {logging_mixin.py:190} INFO - [2025-03-12T11:36:55.482+0000] {override.py:1930} INFO - Created Permission View: can read on DAG Run:example_branch_datetime_operator
[2025-03-12T11:36:55.519+0000] {logging_mixin.py:190} INFO - [2025-03-12T11:36:55.519+0000] {override.py:1930} INFO - Created Permission View: can edit on DAG:example_branch_datetime_operator_2
[2025-03-12T11:36:55.539+0000] {logging_mixin.py:190} INFO - [2025-03-12T11:36:55.539+0000] {override.py:1930} INFO - Created Permission View: can delete on DAG:example_branch_datetime_operator_2
[2025-03-12T11:36:55.548+0000] {logging_mixin.py:190} INFO - [2025-03-12T11:36:55.548+0000] {override.py:1930} INFO - Created Permission View: can read on DAG:example_branch_datetime_operator_2
[2025-03-12T11:36:55.563+0000] {logging_mixin.py:190} INFO - [2025-03-12T11:36:55.563+0000] {override.py:1930} INFO - Created Permission View: menu access on DAG Run:example_branch_datetime_operator_2
[2025-03-12T11:36:55.575+0000] {logging_mixin.py:190} INFO - [2025-03-12T11:36:55.574+0000] {override.py:1930} INFO - Created Permission View: can create on DAG Run:example_branch_datetime_operator_2
[2025-03-12T11:36:55.601+0000] {logging_mixin.py:190} INFO - [2025-03-12T11:36:55.601+0000] {override.py:1930} INFO - Created Permission View: can delete on DAG Run:example_branch_datetime_operator_2
[2025-03-12T11:36:55.610+0000] {logging_mixin.py:190} INFO - [2025-03-12T11:36:55.609+0000] {override.py:1930} INFO - Created Permission View: can read on DAG Run:example_branch_datetime_operator_2
[2025-03-12T11:36:55.610+0000] {logging_mixin.py:190} INFO - [2025-03-12T11:36:55.610+0000] {dag.py:3239} INFO - Sync 3 DAGs
[2025-03-12T11:36:55.627+0000] {logging_mixin.py:190} INFO - [2025-03-12T11:36:55.627+0000] {dag.py:3262} INFO - Creating ORM DAG for example_branch_datetime_operator_3
[2025-03-12T11:36:55.628+0000] {logging_mixin.py:190} INFO - [2025-03-12T11:36:55.628+0000] {dag.py:3262} INFO - Creating ORM DAG for example_branch_datetime_operator
[2025-03-12T11:36:55.628+0000] {logging_mixin.py:190} INFO - [2025-03-12T11:36:55.628+0000] {dag.py:3262} INFO - Creating ORM DAG for example_branch_datetime_operator_2
[2025-03-12T11:36:55.636+0000] {logging_mixin.py:190} INFO - [2025-03-12T11:36:55.635+0000] {dag.py:4180} INFO - Setting next_dagrun for example_branch_datetime_operator to 2025-03-11 00:00:00+00:00, run_after=2025-03-12 00:00:00+00:00
[2025-03-12T11:36:55.638+0000] {logging_mixin.py:190} INFO - [2025-03-12T11:36:55.637+0000] {dag.py:4180} INFO - Setting next_dagrun for example_branch_datetime_operator_2 to 2025-03-11 00:00:00+00:00, run_after=2025-03-12 00:00:00+00:00
[2025-03-12T11:36:55.639+0000] {logging_mixin.py:190} INFO - [2025-03-12T11:36:55.639+0000] {dag.py:4180} INFO - Setting next_dagrun for example_branch_datetime_operator_3 to 2025-03-11 00:00:00+00:00, run_after=2025-03-12 00:00:00+00:00
[2025-03-12T11:36:55.678+0000] {processor.py:208} INFO - Processing /home/arthur-guilherme/airflow-env/lib/python3.12/site-packages/airflow/example_dags/example_branch_datetime_operator.py took 0.551 seconds
[2025-03-12T11:38:06.561+0000] {processor.py:186} INFO - Started process (PID=25182) to work on /home/arthur-guilherme/airflow-env/lib/python3.12/site-packages/airflow/example_dags/example_branch_datetime_operator.py
[2025-03-12T11:38:06.563+0000] {processor.py:914} INFO - Processing file /home/arthur-guilherme/airflow-env/lib/python3.12/site-packages/airflow/example_dags/example_branch_datetime_operator.py for tasks to queue
[2025-03-12T11:38:06.565+0000] {logging_mixin.py:190} INFO - [2025-03-12T11:38:06.565+0000] {dagbag.py:588} INFO - Filling up the DagBag from /home/arthur-guilherme/airflow-env/lib/python3.12/site-packages/airflow/example_dags/example_branch_datetime_operator.py
[2025-03-12T11:38:06.578+0000] {processor.py:925} INFO - DAG(s) 'example_branch_datetime_operator', 'example_branch_datetime_operator_3', 'example_branch_datetime_operator_2' retrieved from /home/arthur-guilherme/airflow-env/lib/python3.12/site-packages/airflow/example_dags/example_branch_datetime_operator.py
[2025-03-12T11:38:06.596+0000] {logging_mixin.py:190} INFO - [2025-03-12T11:38:06.595+0000] {dag.py:3239} INFO - Sync 3 DAGs
[2025-03-12T11:38:06.614+0000] {logging_mixin.py:190} INFO - [2025-03-12T11:38:06.614+0000] {dag.py:4180} INFO - Setting next_dagrun for example_branch_datetime_operator to 2025-03-11 00:00:00+00:00, run_after=2025-03-12 00:00:00+00:00
[2025-03-12T11:38:06.617+0000] {logging_mixin.py:190} INFO - [2025-03-12T11:38:06.617+0000] {dag.py:4180} INFO - Setting next_dagrun for example_branch_datetime_operator_2 to 2025-03-11 00:00:00+00:00, run_after=2025-03-12 00:00:00+00:00
[2025-03-12T11:38:06.619+0000] {logging_mixin.py:190} INFO - [2025-03-12T11:38:06.619+0000] {dag.py:4180} INFO - Setting next_dagrun for example_branch_datetime_operator_3 to 2025-03-11 00:00:00+00:00, run_after=2025-03-12 00:00:00+00:00
[2025-03-12T11:38:06.639+0000] {processor.py:208} INFO - Processing /home/arthur-guilherme/airflow-env/lib/python3.12/site-packages/airflow/example_dags/example_branch_datetime_operator.py took 0.083 seconds
[2025-03-12T11:39:03.102+0000] {processor.py:186} INFO - Started process (PID=25242) to work on /home/arthur-guilherme/airflow-env/lib/python3.12/site-packages/airflow/example_dags/example_branch_datetime_operator.py
[2025-03-12T11:39:03.105+0000] {processor.py:914} INFO - Processing file /home/arthur-guilherme/airflow-env/lib/python3.12/site-packages/airflow/example_dags/example_branch_datetime_operator.py for tasks to queue
[2025-03-12T11:39:03.108+0000] {logging_mixin.py:190} INFO - [2025-03-12T11:39:03.107+0000] {dagbag.py:588} INFO - Filling up the DagBag from /home/arthur-guilherme/airflow-env/lib/python3.12/site-packages/airflow/example_dags/example_branch_datetime_operator.py
[2025-03-12T11:39:03.121+0000] {processor.py:925} INFO - DAG(s) 'example_branch_datetime_operator_3', 'example_branch_datetime_operator_2', 'example_branch_datetime_operator' retrieved from /home/arthur-guilherme/airflow-env/lib/python3.12/site-packages/airflow/example_dags/example_branch_datetime_operator.py
[2025-03-12T11:39:03.139+0000] {logging_mixin.py:190} INFO - [2025-03-12T11:39:03.139+0000] {dag.py:3239} INFO - Sync 3 DAGs
[2025-03-12T11:39:03.157+0000] {logging_mixin.py:190} INFO - [2025-03-12T11:39:03.156+0000] {dag.py:4180} INFO - Setting next_dagrun for example_branch_datetime_operator to 2025-03-11 00:00:00+00:00, run_after=2025-03-12 00:00:00+00:00
[2025-03-12T11:39:03.160+0000] {logging_mixin.py:190} INFO - [2025-03-12T11:39:03.159+0000] {dag.py:4180} INFO - Setting next_dagrun for example_branch_datetime_operator_2 to 2025-03-11 00:00:00+00:00, run_after=2025-03-12 00:00:00+00:00
[2025-03-12T11:39:03.161+0000] {logging_mixin.py:190} INFO - [2025-03-12T11:39:03.161+0000] {dag.py:4180} INFO - Setting next_dagrun for example_branch_datetime_operator_3 to 2025-03-11 00:00:00+00:00, run_after=2025-03-12 00:00:00+00:00
[2025-03-12T11:39:03.192+0000] {processor.py:208} INFO - Processing /home/arthur-guilherme/airflow-env/lib/python3.12/site-packages/airflow/example_dags/example_branch_datetime_operator.py took 0.098 seconds
