[2025-03-12T11:36:04.774+0000] {processor.py:186} INFO - Started process (PID=25017) to work on /home/arthur-guilherme/airflow-env/lib/python3.12/site-packages/airflow/example_dags/example_python_decorator.py
[2025-03-12T11:36:04.774+0000] {processor.py:914} INFO - Processing file /home/arthur-guilherme/airflow-env/lib/python3.12/site-packages/airflow/example_dags/example_python_decorator.py for tasks to queue
[2025-03-12T11:36:04.776+0000] {logging_mixin.py:190} INFO - [2025-03-12T11:36:04.775+0000] {dagbag.py:588} INFO - Filling up the DagBag from /home/arthur-guilherme/airflow-env/lib/python3.12/site-packages/airflow/example_dags/example_python_decorator.py
[2025-03-12T11:36:04.784+0000] {logging_mixin.py:190} INFO - [2025-03-12T11:36:04.784+0000] {example_python_decorator.py:80} WARNING - The virtalenv_python example task requires virtualenv, please install it.
[2025-03-12T11:36:04.786+0000] {processor.py:925} INFO - DAG(s) 'example_python_decorator' retrieved from /home/arthur-guilherme/airflow-env/lib/python3.12/site-packages/airflow/example_dags/example_python_decorator.py
[2025-03-12T11:36:04.895+0000] {logging_mixin.py:190} INFO - [2025-03-12T11:36:04.894+0000] {override.py:1930} INFO - Created Permission View: can edit on DAG:example_python_decorator
[2025-03-12T11:36:04.908+0000] {logging_mixin.py:190} INFO - [2025-03-12T11:36:04.907+0000] {override.py:1930} INFO - Created Permission View: can delete on DAG:example_python_decorator
[2025-03-12T11:36:04.916+0000] {logging_mixin.py:190} INFO - [2025-03-12T11:36:04.916+0000] {override.py:1930} INFO - Created Permission View: can read on DAG:example_python_decorator
[2025-03-12T11:36:04.930+0000] {logging_mixin.py:190} INFO - [2025-03-12T11:36:04.930+0000] {override.py:1930} INFO - Created Permission View: menu access on DAG Run:example_python_decorator
[2025-03-12T11:36:04.938+0000] {logging_mixin.py:190} INFO - [2025-03-12T11:36:04.938+0000] {override.py:1930} INFO - Created Permission View: can create on DAG Run:example_python_decorator
[2025-03-12T11:36:04.946+0000] {logging_mixin.py:190} INFO - [2025-03-12T11:36:04.946+0000] {override.py:1930} INFO - Created Permission View: can delete on DAG Run:example_python_decorator
[2025-03-12T11:36:04.954+0000] {logging_mixin.py:190} INFO - [2025-03-12T11:36:04.954+0000] {override.py:1930} INFO - Created Permission View: can read on DAG Run:example_python_decorator
[2025-03-12T11:36:04.954+0000] {logging_mixin.py:190} INFO - [2025-03-12T11:36:04.954+0000] {dag.py:3239} INFO - Sync 1 DAGs
[2025-03-12T11:36:04.963+0000] {logging_mixin.py:190} INFO - [2025-03-12T11:36:04.963+0000] {dag.py:3262} INFO - Creating ORM DAG for example_python_decorator
[2025-03-12T11:36:04.963+0000] {logging_mixin.py:190} INFO - [2025-03-12T11:36:04.963+0000] {dag.py:4180} INFO - Setting next_dagrun for example_python_decorator to None, run_after=None
[2025-03-12T11:36:04.981+0000] {processor.py:208} INFO - Processing /home/arthur-guilherme/airflow-env/lib/python3.12/site-packages/airflow/example_dags/example_python_decorator.py took 0.211 seconds
[2025-03-12T11:37:12.100+0000] {processor.py:186} INFO - Started process (PID=25120) to work on /home/arthur-guilherme/airflow-env/lib/python3.12/site-packages/airflow/example_dags/example_python_decorator.py
[2025-03-12T11:37:12.114+0000] {processor.py:914} INFO - Processing file /home/arthur-guilherme/airflow-env/lib/python3.12/site-packages/airflow/example_dags/example_python_decorator.py for tasks to queue
[2025-03-12T11:37:12.116+0000] {logging_mixin.py:190} INFO - [2025-03-12T11:37:12.116+0000] {dagbag.py:588} INFO - Filling up the DagBag from /home/arthur-guilherme/airflow-env/lib/python3.12/site-packages/airflow/example_dags/example_python_decorator.py
[2025-03-12T11:37:12.123+0000] {logging_mixin.py:190} INFO - [2025-03-12T11:37:12.122+0000] {example_python_decorator.py:80} WARNING - The virtalenv_python example task requires virtualenv, please install it.
[2025-03-12T11:37:12.124+0000] {processor.py:925} INFO - DAG(s) 'example_python_decorator' retrieved from /home/arthur-guilherme/airflow-env/lib/python3.12/site-packages/airflow/example_dags/example_python_decorator.py
[2025-03-12T11:37:12.138+0000] {logging_mixin.py:190} INFO - [2025-03-12T11:37:12.137+0000] {dag.py:3239} INFO - Sync 1 DAGs
[2025-03-12T11:37:12.148+0000] {logging_mixin.py:190} INFO - [2025-03-12T11:37:12.148+0000] {dag.py:4180} INFO - Setting next_dagrun for example_python_decorator to None, run_after=None
[2025-03-12T11:37:12.173+0000] {processor.py:208} INFO - Processing /home/arthur-guilherme/airflow-env/lib/python3.12/site-packages/airflow/example_dags/example_python_decorator.py took 0.077 seconds
[2025-03-12T11:37:48.351+0000] {processor.py:186} INFO - Started process (PID=25160) to work on /home/arthur-guilherme/airflow-env/lib/python3.12/site-packages/airflow/example_dags/example_python_decorator.py
[2025-03-12T11:37:48.353+0000] {processor.py:914} INFO - Processing file /home/arthur-guilherme/airflow-env/lib/python3.12/site-packages/airflow/example_dags/example_python_decorator.py for tasks to queue
[2025-03-12T11:37:48.355+0000] {logging_mixin.py:190} INFO - [2025-03-12T11:37:48.355+0000] {dagbag.py:588} INFO - Filling up the DagBag from /home/arthur-guilherme/airflow-env/lib/python3.12/site-packages/airflow/example_dags/example_python_decorator.py
[2025-03-12T11:37:48.362+0000] {logging_mixin.py:190} INFO - [2025-03-12T11:37:48.361+0000] {example_python_decorator.py:80} WARNING - The virtalenv_python example task requires virtualenv, please install it.
[2025-03-12T11:37:48.363+0000] {processor.py:925} INFO - DAG(s) 'example_python_decorator' retrieved from /home/arthur-guilherme/airflow-env/lib/python3.12/site-packages/airflow/example_dags/example_python_decorator.py
[2025-03-12T11:37:48.378+0000] {logging_mixin.py:190} INFO - [2025-03-12T11:37:48.378+0000] {dag.py:3239} INFO - Sync 1 DAGs
[2025-03-12T11:37:48.387+0000] {logging_mixin.py:190} INFO - [2025-03-12T11:37:48.387+0000] {dag.py:4180} INFO - Setting next_dagrun for example_python_decorator to None, run_after=None
[2025-03-12T11:37:48.426+0000] {processor.py:208} INFO - Processing /home/arthur-guilherme/airflow-env/lib/python3.12/site-packages/airflow/example_dags/example_python_decorator.py took 0.085 seconds
[2025-03-12T11:38:43.413+0000] {processor.py:186} INFO - Started process (PID=25220) to work on /home/arthur-guilherme/airflow-env/lib/python3.12/site-packages/airflow/example_dags/example_python_decorator.py
[2025-03-12T11:38:43.415+0000] {processor.py:914} INFO - Processing file /home/arthur-guilherme/airflow-env/lib/python3.12/site-packages/airflow/example_dags/example_python_decorator.py for tasks to queue
[2025-03-12T11:38:43.417+0000] {logging_mixin.py:190} INFO - [2025-03-12T11:38:43.416+0000] {dagbag.py:588} INFO - Filling up the DagBag from /home/arthur-guilherme/airflow-env/lib/python3.12/site-packages/airflow/example_dags/example_python_decorator.py
[2025-03-12T11:38:43.425+0000] {logging_mixin.py:190} INFO - [2025-03-12T11:38:43.425+0000] {example_python_decorator.py:80} WARNING - The virtalenv_python example task requires virtualenv, please install it.
[2025-03-12T11:38:43.428+0000] {processor.py:925} INFO - DAG(s) 'example_python_decorator' retrieved from /home/arthur-guilherme/airflow-env/lib/python3.12/site-packages/airflow/example_dags/example_python_decorator.py
[2025-03-12T11:38:43.445+0000] {logging_mixin.py:190} INFO - [2025-03-12T11:38:43.445+0000] {dag.py:3239} INFO - Sync 1 DAGs
[2025-03-12T11:38:43.455+0000] {logging_mixin.py:190} INFO - [2025-03-12T11:38:43.455+0000] {dag.py:4180} INFO - Setting next_dagrun for example_python_decorator to None, run_after=None
[2025-03-12T11:38:43.485+0000] {processor.py:208} INFO - Processing /home/arthur-guilherme/airflow-env/lib/python3.12/site-packages/airflow/example_dags/example_python_decorator.py took 0.077 seconds
