[2025-03-12T11:37:10.601+0000] {processor.py:186} INFO - Started process (PID=25118) to work on /home/arthur-guilherme/airflow-env/lib/python3.12/site-packages/airflow/example_dags/example_latest_only.py
[2025-03-12T11:37:10.601+0000] {processor.py:914} INFO - Processing file /home/arthur-guilherme/airflow-env/lib/python3.12/site-packages/airflow/example_dags/example_latest_only.py for tasks to queue
[2025-03-12T11:37:10.603+0000] {logging_mixin.py:190} INFO - [2025-03-12T11:37:10.602+0000] {dagbag.py:588} INFO - Filling up the DagBag from /home/arthur-guilherme/airflow-env/lib/python3.12/site-packages/airflow/example_dags/example_latest_only.py
[2025-03-12T11:37:10.608+0000] {processor.py:925} INFO - DAG(s) 'latest_only' retrieved from /home/arthur-guilherme/airflow-env/lib/python3.12/site-packages/airflow/example_dags/example_latest_only.py
[2025-03-12T11:37:10.700+0000] {logging_mixin.py:190} INFO - [2025-03-12T11:37:10.699+0000] {override.py:1930} INFO - Created Permission View: can edit on DAG:latest_only
[2025-03-12T11:37:10.710+0000] {logging_mixin.py:190} INFO - [2025-03-12T11:37:10.710+0000] {override.py:1930} INFO - Created Permission View: can delete on DAG:latest_only
[2025-03-12T11:37:10.719+0000] {logging_mixin.py:190} INFO - [2025-03-12T11:37:10.718+0000] {override.py:1930} INFO - Created Permission View: can read on DAG:latest_only
[2025-03-12T11:37:10.733+0000] {logging_mixin.py:190} INFO - [2025-03-12T11:37:10.732+0000] {override.py:1930} INFO - Created Permission View: menu access on DAG Run:latest_only
[2025-03-12T11:37:10.741+0000] {logging_mixin.py:190} INFO - [2025-03-12T11:37:10.741+0000] {override.py:1930} INFO - Created Permission View: can create on DAG Run:latest_only
[2025-03-12T11:37:10.749+0000] {logging_mixin.py:190} INFO - [2025-03-12T11:37:10.749+0000] {override.py:1930} INFO - Created Permission View: can delete on DAG Run:latest_only
[2025-03-12T11:37:10.758+0000] {logging_mixin.py:190} INFO - [2025-03-12T11:37:10.757+0000] {override.py:1930} INFO - Created Permission View: can read on DAG Run:latest_only
[2025-03-12T11:37:10.758+0000] {logging_mixin.py:190} INFO - [2025-03-12T11:37:10.758+0000] {dag.py:3239} INFO - Sync 1 DAGs
[2025-03-12T11:37:10.766+0000] {logging_mixin.py:190} INFO - [2025-03-12T11:37:10.766+0000] {dag.py:3262} INFO - Creating ORM DAG for latest_only
[2025-03-12T11:37:10.772+0000] {logging_mixin.py:190} INFO - [2025-03-12T11:37:10.772+0000] {dag.py:4180} INFO - Setting next_dagrun for latest_only to 2025-03-12 04:00:00+00:00, run_after=2025-03-12 08:00:00+00:00
[2025-03-12T11:37:10.789+0000] {processor.py:208} INFO - Processing /home/arthur-guilherme/airflow-env/lib/python3.12/site-packages/airflow/example_dags/example_latest_only.py took 0.193 seconds
[2025-03-12T11:38:15.435+0000] {processor.py:186} INFO - Started process (PID=25191) to work on /home/arthur-guilherme/airflow-env/lib/python3.12/site-packages/airflow/example_dags/example_latest_only.py
[2025-03-12T11:38:15.436+0000] {processor.py:914} INFO - Processing file /home/arthur-guilherme/airflow-env/lib/python3.12/site-packages/airflow/example_dags/example_latest_only.py for tasks to queue
[2025-03-12T11:38:15.438+0000] {logging_mixin.py:190} INFO - [2025-03-12T11:38:15.437+0000] {dagbag.py:588} INFO - Filling up the DagBag from /home/arthur-guilherme/airflow-env/lib/python3.12/site-packages/airflow/example_dags/example_latest_only.py
[2025-03-12T11:38:15.443+0000] {processor.py:925} INFO - DAG(s) 'latest_only' retrieved from /home/arthur-guilherme/airflow-env/lib/python3.12/site-packages/airflow/example_dags/example_latest_only.py
[2025-03-12T11:38:15.458+0000] {logging_mixin.py:190} INFO - [2025-03-12T11:38:15.458+0000] {dag.py:3239} INFO - Sync 1 DAGs
[2025-03-12T11:38:15.474+0000] {logging_mixin.py:190} INFO - [2025-03-12T11:38:15.474+0000] {dag.py:4180} INFO - Setting next_dagrun for latest_only to 2025-03-12 04:00:00+00:00, run_after=2025-03-12 08:00:00+00:00
[2025-03-12T11:38:15.491+0000] {processor.py:208} INFO - Processing /home/arthur-guilherme/airflow-env/lib/python3.12/site-packages/airflow/example_dags/example_latest_only.py took 0.067 seconds
