[2025-03-12T11:36:43.839+0000] {processor.py:186} INFO - Started process (PID=25084) to work on /home/arthur-guilherme/airflow-env/lib/python3.12/site-packages/airflow/example_dags/example_local_kubernetes_executor.py
[2025-03-12T11:36:43.840+0000] {processor.py:914} INFO - Processing file /home/arthur-guilherme/airflow-env/lib/python3.12/site-packages/airflow/example_dags/example_local_kubernetes_executor.py for tasks to queue
[2025-03-12T11:36:43.841+0000] {logging_mixin.py:190} INFO - [2025-03-12T11:36:43.841+0000] {dagbag.py:588} INFO - Filling up the DagBag from /home/arthur-guilherme/airflow-env/lib/python3.12/site-packages/airflow/example_dags/example_local_kubernetes_executor.py
[2025-03-12T11:36:43.845+0000] {logging_mixin.py:190} INFO - [2025-03-12T11:36:43.844+0000] {example_local_kubernetes_executor.py:40} WARNING - Could not import DAGs in example_local_kubernetes_executor.py
Traceback (most recent call last):
  File "/home/arthur-guilherme/airflow-env/lib/python3.12/site-packages/airflow/example_dags/example_local_kubernetes_executor.py", line 38, in <module>
    from kubernetes.client import models as k8s
ModuleNotFoundError: No module named 'kubernetes'
[2025-03-12T11:36:43.845+0000] {logging_mixin.py:190} INFO - [2025-03-12T11:36:43.845+0000] {example_local_kubernetes_executor.py:41} WARNING - Install Kubernetes dependencies with: pip install apache-airflow[cncf.kubernetes]
[2025-03-12T11:36:43.845+0000] {processor.py:927} WARNING - No viable dags retrieved from /home/arthur-guilherme/airflow-env/lib/python3.12/site-packages/airflow/example_dags/example_local_kubernetes_executor.py
[2025-03-12T11:36:43.855+0000] {processor.py:208} INFO - Processing /home/arthur-guilherme/airflow-env/lib/python3.12/site-packages/airflow/example_dags/example_local_kubernetes_executor.py took 0.020 seconds
[2025-03-12T11:37:57.916+0000] {processor.py:186} INFO - Started process (PID=25173) to work on /home/arthur-guilherme/airflow-env/lib/python3.12/site-packages/airflow/example_dags/example_local_kubernetes_executor.py
[2025-03-12T11:37:57.919+0000] {processor.py:914} INFO - Processing file /home/arthur-guilherme/airflow-env/lib/python3.12/site-packages/airflow/example_dags/example_local_kubernetes_executor.py for tasks to queue
[2025-03-12T11:37:57.920+0000] {logging_mixin.py:190} INFO - [2025-03-12T11:37:57.920+0000] {dagbag.py:588} INFO - Filling up the DagBag from /home/arthur-guilherme/airflow-env/lib/python3.12/site-packages/airflow/example_dags/example_local_kubernetes_executor.py
[2025-03-12T11:37:57.923+0000] {logging_mixin.py:190} INFO - [2025-03-12T11:37:57.922+0000] {example_local_kubernetes_executor.py:40} WARNING - Could not import DAGs in example_local_kubernetes_executor.py
Traceback (most recent call last):
  File "/home/arthur-guilherme/airflow-env/lib/python3.12/site-packages/airflow/example_dags/example_local_kubernetes_executor.py", line 38, in <module>
    from kubernetes.client import models as k8s
ModuleNotFoundError: No module named 'kubernetes'
[2025-03-12T11:37:57.923+0000] {logging_mixin.py:190} INFO - [2025-03-12T11:37:57.923+0000] {example_local_kubernetes_executor.py:41} WARNING - Install Kubernetes dependencies with: pip install apache-airflow[cncf.kubernetes]
[2025-03-12T11:37:57.923+0000] {processor.py:927} WARNING - No viable dags retrieved from /home/arthur-guilherme/airflow-env/lib/python3.12/site-packages/airflow/example_dags/example_local_kubernetes_executor.py
[2025-03-12T11:37:57.931+0000] {processor.py:208} INFO - Processing /home/arthur-guilherme/airflow-env/lib/python3.12/site-packages/airflow/example_dags/example_local_kubernetes_executor.py took 0.020 seconds
[2025-03-12T11:38:53.289+0000] {processor.py:186} INFO - Started process (PID=25230) to work on /home/arthur-guilherme/airflow-env/lib/python3.12/site-packages/airflow/example_dags/example_local_kubernetes_executor.py
[2025-03-12T11:38:53.291+0000] {processor.py:914} INFO - Processing file /home/arthur-guilherme/airflow-env/lib/python3.12/site-packages/airflow/example_dags/example_local_kubernetes_executor.py for tasks to queue
[2025-03-12T11:38:53.294+0000] {logging_mixin.py:190} INFO - [2025-03-12T11:38:53.293+0000] {dagbag.py:588} INFO - Filling up the DagBag from /home/arthur-guilherme/airflow-env/lib/python3.12/site-packages/airflow/example_dags/example_local_kubernetes_executor.py
[2025-03-12T11:38:53.297+0000] {logging_mixin.py:190} INFO - [2025-03-12T11:38:53.296+0000] {example_local_kubernetes_executor.py:40} WARNING - Could not import DAGs in example_local_kubernetes_executor.py
Traceback (most recent call last):
  File "/home/arthur-guilherme/airflow-env/lib/python3.12/site-packages/airflow/example_dags/example_local_kubernetes_executor.py", line 38, in <module>
    from kubernetes.client import models as k8s
ModuleNotFoundError: No module named 'kubernetes'
[2025-03-12T11:38:53.297+0000] {logging_mixin.py:190} INFO - [2025-03-12T11:38:53.297+0000] {example_local_kubernetes_executor.py:41} WARNING - Install Kubernetes dependencies with: pip install apache-airflow[cncf.kubernetes]
[2025-03-12T11:38:53.297+0000] {processor.py:927} WARNING - No viable dags retrieved from /home/arthur-guilherme/airflow-env/lib/python3.12/site-packages/airflow/example_dags/example_local_kubernetes_executor.py
[2025-03-12T11:38:53.310+0000] {processor.py:208} INFO - Processing /home/arthur-guilherme/airflow-env/lib/python3.12/site-packages/airflow/example_dags/example_local_kubernetes_executor.py took 0.025 seconds
