[2025-03-12T11:37:09.250+0000] {processor.py:186} INFO - Started process (PID=25117) to work on /home/arthur-guilherme/airflow-env/lib/python3.12/site-packages/airflow/example_dags/example_latest_only_with_trigger.py
[2025-03-12T11:37:09.251+0000] {processor.py:914} INFO - Processing file /home/arthur-guilherme/airflow-env/lib/python3.12/site-packages/airflow/example_dags/example_latest_only_with_trigger.py for tasks to queue
[2025-03-12T11:37:09.253+0000] {logging_mixin.py:190} INFO - [2025-03-12T11:37:09.252+0000] {dagbag.py:588} INFO - Filling up the DagBag from /home/arthur-guilherme/airflow-env/lib/python3.12/site-packages/airflow/example_dags/example_latest_only_with_trigger.py
[2025-03-12T11:37:09.259+0000] {processor.py:925} INFO - DAG(s) 'latest_only_with_trigger' retrieved from /home/arthur-guilherme/airflow-env/lib/python3.12/site-packages/airflow/example_dags/example_latest_only_with_trigger.py
[2025-03-12T11:37:09.359+0000] {logging_mixin.py:190} INFO - [2025-03-12T11:37:09.358+0000] {override.py:1930} INFO - Created Permission View: can edit on DAG:latest_only_with_trigger
[2025-03-12T11:37:09.371+0000] {logging_mixin.py:190} INFO - [2025-03-12T11:37:09.371+0000] {override.py:1930} INFO - Created Permission View: can delete on DAG:latest_only_with_trigger
[2025-03-12T11:37:09.380+0000] {logging_mixin.py:190} INFO - [2025-03-12T11:37:09.380+0000] {override.py:1930} INFO - Created Permission View: can read on DAG:latest_only_with_trigger
[2025-03-12T11:37:09.395+0000] {logging_mixin.py:190} INFO - [2025-03-12T11:37:09.395+0000] {override.py:1930} INFO - Created Permission View: menu access on DAG Run:latest_only_with_trigger
[2025-03-12T11:37:09.403+0000] {logging_mixin.py:190} INFO - [2025-03-12T11:37:09.403+0000] {override.py:1930} INFO - Created Permission View: can create on DAG Run:latest_only_with_trigger
[2025-03-12T11:37:09.411+0000] {logging_mixin.py:190} INFO - [2025-03-12T11:37:09.411+0000] {override.py:1930} INFO - Created Permission View: can delete on DAG Run:latest_only_with_trigger
[2025-03-12T11:37:09.420+0000] {logging_mixin.py:190} INFO - [2025-03-12T11:37:09.419+0000] {override.py:1930} INFO - Created Permission View: can read on DAG Run:latest_only_with_trigger
[2025-03-12T11:37:09.420+0000] {logging_mixin.py:190} INFO - [2025-03-12T11:37:09.420+0000] {dag.py:3239} INFO - Sync 1 DAGs
[2025-03-12T11:37:09.427+0000] {logging_mixin.py:190} INFO - [2025-03-12T11:37:09.427+0000] {dag.py:3262} INFO - Creating ORM DAG for latest_only_with_trigger
[2025-03-12T11:37:09.434+0000] {logging_mixin.py:190} INFO - [2025-03-12T11:37:09.434+0000] {dag.py:4180} INFO - Setting next_dagrun for latest_only_with_trigger to 2025-03-12 04:00:00+00:00, run_after=2025-03-12 08:00:00+00:00
[2025-03-12T11:37:09.483+0000] {processor.py:208} INFO - Processing /home/arthur-guilherme/airflow-env/lib/python3.12/site-packages/airflow/example_dags/example_latest_only_with_trigger.py took 0.238 seconds
[2025-03-12T11:38:14.273+0000] {processor.py:186} INFO - Started process (PID=25190) to work on /home/arthur-guilherme/airflow-env/lib/python3.12/site-packages/airflow/example_dags/example_latest_only_with_trigger.py
[2025-03-12T11:38:14.274+0000] {processor.py:914} INFO - Processing file /home/arthur-guilherme/airflow-env/lib/python3.12/site-packages/airflow/example_dags/example_latest_only_with_trigger.py for tasks to queue
[2025-03-12T11:38:14.276+0000] {logging_mixin.py:190} INFO - [2025-03-12T11:38:14.276+0000] {dagbag.py:588} INFO - Filling up the DagBag from /home/arthur-guilherme/airflow-env/lib/python3.12/site-packages/airflow/example_dags/example_latest_only_with_trigger.py
[2025-03-12T11:38:14.283+0000] {processor.py:925} INFO - DAG(s) 'latest_only_with_trigger' retrieved from /home/arthur-guilherme/airflow-env/lib/python3.12/site-packages/airflow/example_dags/example_latest_only_with_trigger.py
[2025-03-12T11:38:14.295+0000] {logging_mixin.py:190} INFO - [2025-03-12T11:38:14.295+0000] {dag.py:3239} INFO - Sync 1 DAGs
[2025-03-12T11:38:14.313+0000] {logging_mixin.py:190} INFO - [2025-03-12T11:38:14.313+0000] {dag.py:4180} INFO - Setting next_dagrun for latest_only_with_trigger to 2025-03-12 04:00:00+00:00, run_after=2025-03-12 08:00:00+00:00
[2025-03-12T11:38:14.334+0000] {processor.py:208} INFO - Processing /home/arthur-guilherme/airflow-env/lib/python3.12/site-packages/airflow/example_dags/example_latest_only_with_trigger.py took 0.067 seconds
