[2025-03-12T11:37:02.678+0000] {processor.py:186} INFO - Started process (PID=25113) to work on /home/arthur-guilherme/airflow-env/lib/python3.12/site-packages/airflow/example_dags/example_branch_day_of_week_operator.py
[2025-03-12T11:37:02.682+0000] {processor.py:914} INFO - Processing file /home/arthur-guilherme/airflow-env/lib/python3.12/site-packages/airflow/example_dags/example_branch_day_of_week_operator.py for tasks to queue
[2025-03-12T11:37:02.696+0000] {logging_mixin.py:190} INFO - [2025-03-12T11:37:02.695+0000] {dagbag.py:588} INFO - Filling up the DagBag from /home/arthur-guilherme/airflow-env/lib/python3.12/site-packages/airflow/example_dags/example_branch_day_of_week_operator.py
[2025-03-12T11:37:02.729+0000] {processor.py:925} INFO - DAG(s) 'example_weekday_branch_operator' retrieved from /home/arthur-guilherme/airflow-env/lib/python3.12/site-packages/airflow/example_dags/example_branch_day_of_week_operator.py
[2025-03-12T11:37:03.033+0000] {logging_mixin.py:190} INFO - [2025-03-12T11:37:03.032+0000] {override.py:1930} INFO - Created Permission View: can edit on DAG:example_weekday_branch_operator
[2025-03-12T11:37:03.045+0000] {logging_mixin.py:190} INFO - [2025-03-12T11:37:03.044+0000] {override.py:1930} INFO - Created Permission View: can delete on DAG:example_weekday_branch_operator
[2025-03-12T11:37:03.055+0000] {logging_mixin.py:190} INFO - [2025-03-12T11:37:03.055+0000] {override.py:1930} INFO - Created Permission View: can read on DAG:example_weekday_branch_operator
[2025-03-12T11:37:03.075+0000] {logging_mixin.py:190} INFO - [2025-03-12T11:37:03.074+0000] {override.py:1930} INFO - Created Permission View: menu access on DAG Run:example_weekday_branch_operator
[2025-03-12T11:37:03.111+0000] {logging_mixin.py:190} INFO - [2025-03-12T11:37:03.110+0000] {override.py:1930} INFO - Created Permission View: can create on DAG Run:example_weekday_branch_operator
[2025-03-12T11:37:03.122+0000] {logging_mixin.py:190} INFO - [2025-03-12T11:37:03.122+0000] {override.py:1930} INFO - Created Permission View: can delete on DAG Run:example_weekday_branch_operator
[2025-03-12T11:37:03.169+0000] {logging_mixin.py:190} INFO - [2025-03-12T11:37:03.169+0000] {override.py:1930} INFO - Created Permission View: can read on DAG Run:example_weekday_branch_operator
[2025-03-12T11:37:03.170+0000] {logging_mixin.py:190} INFO - [2025-03-12T11:37:03.169+0000] {dag.py:3239} INFO - Sync 1 DAGs
[2025-03-12T11:37:03.185+0000] {logging_mixin.py:190} INFO - [2025-03-12T11:37:03.185+0000] {dag.py:3262} INFO - Creating ORM DAG for example_weekday_branch_operator
[2025-03-12T11:37:03.192+0000] {logging_mixin.py:190} INFO - [2025-03-12T11:37:03.192+0000] {dag.py:4180} INFO - Setting next_dagrun for example_weekday_branch_operator to 2025-03-11 00:00:00+00:00, run_after=2025-03-12 00:00:00+00:00
[2025-03-12T11:37:03.212+0000] {processor.py:208} INFO - Processing /home/arthur-guilherme/airflow-env/lib/python3.12/site-packages/airflow/example_dags/example_branch_day_of_week_operator.py took 0.557 seconds
[2025-03-12T11:38:10.272+0000] {processor.py:186} INFO - Started process (PID=25186) to work on /home/arthur-guilherme/airflow-env/lib/python3.12/site-packages/airflow/example_dags/example_branch_day_of_week_operator.py
[2025-03-12T11:38:10.275+0000] {processor.py:914} INFO - Processing file /home/arthur-guilherme/airflow-env/lib/python3.12/site-packages/airflow/example_dags/example_branch_day_of_week_operator.py for tasks to queue
[2025-03-12T11:38:10.277+0000] {logging_mixin.py:190} INFO - [2025-03-12T11:38:10.276+0000] {dagbag.py:588} INFO - Filling up the DagBag from /home/arthur-guilherme/airflow-env/lib/python3.12/site-packages/airflow/example_dags/example_branch_day_of_week_operator.py
[2025-03-12T11:38:10.286+0000] {processor.py:925} INFO - DAG(s) 'example_weekday_branch_operator' retrieved from /home/arthur-guilherme/airflow-env/lib/python3.12/site-packages/airflow/example_dags/example_branch_day_of_week_operator.py
[2025-03-12T11:38:10.306+0000] {logging_mixin.py:190} INFO - [2025-03-12T11:38:10.305+0000] {dag.py:3239} INFO - Sync 1 DAGs
[2025-03-12T11:38:10.324+0000] {logging_mixin.py:190} INFO - [2025-03-12T11:38:10.324+0000] {dag.py:4180} INFO - Setting next_dagrun for example_weekday_branch_operator to 2025-03-11 00:00:00+00:00, run_after=2025-03-12 00:00:00+00:00
[2025-03-12T11:38:10.342+0000] {processor.py:208} INFO - Processing /home/arthur-guilherme/airflow-env/lib/python3.12/site-packages/airflow/example_dags/example_branch_day_of_week_operator.py took 0.075 seconds
[2025-03-12T11:39:05.969+0000] {processor.py:186} INFO - Started process (PID=25259) to work on /home/arthur-guilherme/airflow-env/lib/python3.12/site-packages/airflow/example_dags/example_branch_day_of_week_operator.py
[2025-03-12T11:39:05.971+0000] {processor.py:914} INFO - Processing file /home/arthur-guilherme/airflow-env/lib/python3.12/site-packages/airflow/example_dags/example_branch_day_of_week_operator.py for tasks to queue
[2025-03-12T11:39:05.973+0000] {logging_mixin.py:190} INFO - [2025-03-12T11:39:05.972+0000] {dagbag.py:588} INFO - Filling up the DagBag from /home/arthur-guilherme/airflow-env/lib/python3.12/site-packages/airflow/example_dags/example_branch_day_of_week_operator.py
[2025-03-12T11:39:05.986+0000] {processor.py:925} INFO - DAG(s) 'example_weekday_branch_operator' retrieved from /home/arthur-guilherme/airflow-env/lib/python3.12/site-packages/airflow/example_dags/example_branch_day_of_week_operator.py
[2025-03-12T11:39:06.002+0000] {logging_mixin.py:190} INFO - [2025-03-12T11:39:06.002+0000] {dag.py:3239} INFO - Sync 1 DAGs
[2025-03-12T11:39:06.024+0000] {logging_mixin.py:190} INFO - [2025-03-12T11:39:06.023+0000] {dag.py:4180} INFO - Setting next_dagrun for example_weekday_branch_operator to 2025-03-11 00:00:00+00:00, run_after=2025-03-12 00:00:00+00:00
[2025-03-12T11:39:06.045+0000] {processor.py:208} INFO - Processing /home/arthur-guilherme/airflow-env/lib/python3.12/site-packages/airflow/example_dags/example_branch_day_of_week_operator.py took 0.094 seconds
