[2025-03-12T11:36:42.325+0000] {processor.py:186} INFO - Started process (PID=25082) to work on /home/arthur-guilherme/airflow-env/lib/python3.12/site-packages/airflow/example_dags/example_external_task_marker_dag.py
[2025-03-12T11:36:42.325+0000] {processor.py:914} INFO - Processing file /home/arthur-guilherme/airflow-env/lib/python3.12/site-packages/airflow/example_dags/example_external_task_marker_dag.py for tasks to queue
[2025-03-12T11:36:42.327+0000] {logging_mixin.py:190} INFO - [2025-03-12T11:36:42.326+0000] {dagbag.py:588} INFO - Filling up the DagBag from /home/arthur-guilherme/airflow-env/lib/python3.12/site-packages/airflow/example_dags/example_external_task_marker_dag.py
[2025-03-12T11:36:42.334+0000] {processor.py:925} INFO - DAG(s) 'example_external_task_marker_parent', 'example_external_task_marker_child' retrieved from /home/arthur-guilherme/airflow-env/lib/python3.12/site-packages/airflow/example_dags/example_external_task_marker_dag.py
[2025-03-12T11:36:42.427+0000] {logging_mixin.py:190} INFO - [2025-03-12T11:36:42.427+0000] {override.py:1930} INFO - Created Permission View: can edit on DAG:example_external_task_marker_parent
[2025-03-12T11:36:42.441+0000] {logging_mixin.py:190} INFO - [2025-03-12T11:36:42.440+0000] {override.py:1930} INFO - Created Permission View: can delete on DAG:example_external_task_marker_parent
[2025-03-12T11:36:42.450+0000] {logging_mixin.py:190} INFO - [2025-03-12T11:36:42.450+0000] {override.py:1930} INFO - Created Permission View: can read on DAG:example_external_task_marker_parent
[2025-03-12T11:36:42.465+0000] {logging_mixin.py:190} INFO - [2025-03-12T11:36:42.465+0000] {override.py:1930} INFO - Created Permission View: menu access on DAG Run:example_external_task_marker_parent
[2025-03-12T11:36:42.475+0000] {logging_mixin.py:190} INFO - [2025-03-12T11:36:42.475+0000] {override.py:1930} INFO - Created Permission View: can create on DAG Run:example_external_task_marker_parent
[2025-03-12T11:36:42.483+0000] {logging_mixin.py:190} INFO - [2025-03-12T11:36:42.483+0000] {override.py:1930} INFO - Created Permission View: can delete on DAG Run:example_external_task_marker_parent
[2025-03-12T11:36:42.492+0000] {logging_mixin.py:190} INFO - [2025-03-12T11:36:42.492+0000] {override.py:1930} INFO - Created Permission View: can read on DAG Run:example_external_task_marker_parent
[2025-03-12T11:36:42.514+0000] {logging_mixin.py:190} INFO - [2025-03-12T11:36:42.513+0000] {override.py:1930} INFO - Created Permission View: can edit on DAG:example_external_task_marker_child
[2025-03-12T11:36:42.523+0000] {logging_mixin.py:190} INFO - [2025-03-12T11:36:42.523+0000] {override.py:1930} INFO - Created Permission View: can delete on DAG:example_external_task_marker_child
[2025-03-12T11:36:42.531+0000] {logging_mixin.py:190} INFO - [2025-03-12T11:36:42.531+0000] {override.py:1930} INFO - Created Permission View: can read on DAG:example_external_task_marker_child
[2025-03-12T11:36:42.547+0000] {logging_mixin.py:190} INFO - [2025-03-12T11:36:42.546+0000] {override.py:1930} INFO - Created Permission View: menu access on DAG Run:example_external_task_marker_child
[2025-03-12T11:36:42.554+0000] {logging_mixin.py:190} INFO - [2025-03-12T11:36:42.554+0000] {override.py:1930} INFO - Created Permission View: can create on DAG Run:example_external_task_marker_child
[2025-03-12T11:36:42.563+0000] {logging_mixin.py:190} INFO - [2025-03-12T11:36:42.563+0000] {override.py:1930} INFO - Created Permission View: can delete on DAG Run:example_external_task_marker_child
[2025-03-12T11:36:42.574+0000] {logging_mixin.py:190} INFO - [2025-03-12T11:36:42.573+0000] {override.py:1930} INFO - Created Permission View: can read on DAG Run:example_external_task_marker_child
[2025-03-12T11:36:42.574+0000] {logging_mixin.py:190} INFO - [2025-03-12T11:36:42.574+0000] {dag.py:3239} INFO - Sync 2 DAGs
[2025-03-12T11:36:42.583+0000] {logging_mixin.py:190} INFO - [2025-03-12T11:36:42.583+0000] {dag.py:3262} INFO - Creating ORM DAG for example_external_task_marker_child
[2025-03-12T11:36:42.583+0000] {logging_mixin.py:190} INFO - [2025-03-12T11:36:42.583+0000] {dag.py:3262} INFO - Creating ORM DAG for example_external_task_marker_parent
[2025-03-12T11:36:42.583+0000] {logging_mixin.py:190} INFO - [2025-03-12T11:36:42.583+0000] {dag.py:4180} INFO - Setting next_dagrun for example_external_task_marker_child to None, run_after=None
[2025-03-12T11:36:42.584+0000] {logging_mixin.py:190} INFO - [2025-03-12T11:36:42.584+0000] {dag.py:4180} INFO - Setting next_dagrun for example_external_task_marker_parent to None, run_after=None
[2025-03-12T11:36:42.605+0000] {processor.py:208} INFO - Processing /home/arthur-guilherme/airflow-env/lib/python3.12/site-packages/airflow/example_dags/example_external_task_marker_dag.py took 0.285 seconds
[2025-03-12T11:37:55.872+0000] {processor.py:186} INFO - Started process (PID=25171) to work on /home/arthur-guilherme/airflow-env/lib/python3.12/site-packages/airflow/example_dags/example_external_task_marker_dag.py
[2025-03-12T11:37:55.875+0000] {processor.py:914} INFO - Processing file /home/arthur-guilherme/airflow-env/lib/python3.12/site-packages/airflow/example_dags/example_external_task_marker_dag.py for tasks to queue
[2025-03-12T11:37:55.877+0000] {logging_mixin.py:190} INFO - [2025-03-12T11:37:55.877+0000] {dagbag.py:588} INFO - Filling up the DagBag from /home/arthur-guilherme/airflow-env/lib/python3.12/site-packages/airflow/example_dags/example_external_task_marker_dag.py
[2025-03-12T11:37:55.885+0000] {processor.py:925} INFO - DAG(s) 'example_external_task_marker_parent', 'example_external_task_marker_child' retrieved from /home/arthur-guilherme/airflow-env/lib/python3.12/site-packages/airflow/example_dags/example_external_task_marker_dag.py
[2025-03-12T11:37:55.901+0000] {logging_mixin.py:190} INFO - [2025-03-12T11:37:55.901+0000] {dag.py:3239} INFO - Sync 2 DAGs
[2025-03-12T11:37:55.911+0000] {logging_mixin.py:190} INFO - [2025-03-12T11:37:55.911+0000] {dag.py:4180} INFO - Setting next_dagrun for example_external_task_marker_child to None, run_after=None
[2025-03-12T11:37:55.913+0000] {logging_mixin.py:190} INFO - [2025-03-12T11:37:55.913+0000] {dag.py:4180} INFO - Setting next_dagrun for example_external_task_marker_parent to None, run_after=None
[2025-03-12T11:37:55.929+0000] {processor.py:208} INFO - Processing /home/arthur-guilherme/airflow-env/lib/python3.12/site-packages/airflow/example_dags/example_external_task_marker_dag.py took 0.061 seconds
[2025-03-12T11:38:51.551+0000] {processor.py:186} INFO - Started process (PID=25228) to work on /home/arthur-guilherme/airflow-env/lib/python3.12/site-packages/airflow/example_dags/example_external_task_marker_dag.py
[2025-03-12T11:38:51.563+0000] {processor.py:914} INFO - Processing file /home/arthur-guilherme/airflow-env/lib/python3.12/site-packages/airflow/example_dags/example_external_task_marker_dag.py for tasks to queue
[2025-03-12T11:38:51.565+0000] {logging_mixin.py:190} INFO - [2025-03-12T11:38:51.565+0000] {dagbag.py:588} INFO - Filling up the DagBag from /home/arthur-guilherme/airflow-env/lib/python3.12/site-packages/airflow/example_dags/example_external_task_marker_dag.py
[2025-03-12T11:38:51.573+0000] {processor.py:925} INFO - DAG(s) 'example_external_task_marker_parent', 'example_external_task_marker_child' retrieved from /home/arthur-guilherme/airflow-env/lib/python3.12/site-packages/airflow/example_dags/example_external_task_marker_dag.py
[2025-03-12T11:38:51.588+0000] {logging_mixin.py:190} INFO - [2025-03-12T11:38:51.588+0000] {dag.py:3239} INFO - Sync 2 DAGs
[2025-03-12T11:38:51.600+0000] {logging_mixin.py:190} INFO - [2025-03-12T11:38:51.600+0000] {dag.py:4180} INFO - Setting next_dagrun for example_external_task_marker_child to None, run_after=None
[2025-03-12T11:38:51.602+0000] {logging_mixin.py:190} INFO - [2025-03-12T11:38:51.602+0000] {dag.py:4180} INFO - Setting next_dagrun for example_external_task_marker_parent to None, run_after=None
[2025-03-12T11:38:51.622+0000] {processor.py:208} INFO - Processing /home/arthur-guilherme/airflow-env/lib/python3.12/site-packages/airflow/example_dags/example_external_task_marker_dag.py took 0.076 seconds
