[2025-03-12T11:36:40.984+0000] {processor.py:186} INFO - Started process (PID=25081) to work on /home/arthur-guilherme/airflow-env/lib/python3.12/site-packages/airflow/example_dags/example_bash_operator.py
[2025-03-12T11:36:40.985+0000] {processor.py:914} INFO - Processing file /home/arthur-guilherme/airflow-env/lib/python3.12/site-packages/airflow/example_dags/example_bash_operator.py for tasks to queue
[2025-03-12T11:36:40.987+0000] {logging_mixin.py:190} INFO - [2025-03-12T11:36:40.986+0000] {dagbag.py:588} INFO - Filling up the DagBag from /home/arthur-guilherme/airflow-env/lib/python3.12/site-packages/airflow/example_dags/example_bash_operator.py
[2025-03-12T11:36:40.998+0000] {processor.py:925} INFO - DAG(s) 'example_bash_operator' retrieved from /home/arthur-guilherme/airflow-env/lib/python3.12/site-packages/airflow/example_dags/example_bash_operator.py
[2025-03-12T11:36:41.111+0000] {logging_mixin.py:190} INFO - [2025-03-12T11:36:41.109+0000] {override.py:1930} INFO - Created Permission View: can edit on DAG:example_bash_operator
[2025-03-12T11:36:41.123+0000] {logging_mixin.py:190} INFO - [2025-03-12T11:36:41.123+0000] {override.py:1930} INFO - Created Permission View: can delete on DAG:example_bash_operator
[2025-03-12T11:36:41.134+0000] {logging_mixin.py:190} INFO - [2025-03-12T11:36:41.133+0000] {override.py:1930} INFO - Created Permission View: can read on DAG:example_bash_operator
[2025-03-12T11:36:41.150+0000] {logging_mixin.py:190} INFO - [2025-03-12T11:36:41.149+0000] {override.py:1930} INFO - Created Permission View: menu access on DAG Run:example_bash_operator
[2025-03-12T11:36:41.159+0000] {logging_mixin.py:190} INFO - [2025-03-12T11:36:41.158+0000] {override.py:1930} INFO - Created Permission View: can create on DAG Run:example_bash_operator
[2025-03-12T11:36:41.168+0000] {logging_mixin.py:190} INFO - [2025-03-12T11:36:41.168+0000] {override.py:1930} INFO - Created Permission View: can delete on DAG Run:example_bash_operator
[2025-03-12T11:36:41.178+0000] {logging_mixin.py:190} INFO - [2025-03-12T11:36:41.178+0000] {override.py:1930} INFO - Created Permission View: can read on DAG Run:example_bash_operator
[2025-03-12T11:36:41.179+0000] {logging_mixin.py:190} INFO - [2025-03-12T11:36:41.179+0000] {dag.py:3239} INFO - Sync 1 DAGs
[2025-03-12T11:36:41.189+0000] {logging_mixin.py:190} INFO - [2025-03-12T11:36:41.189+0000] {dag.py:3262} INFO - Creating ORM DAG for example_bash_operator
[2025-03-12T11:36:41.196+0000] {logging_mixin.py:190} INFO - [2025-03-12T11:36:41.196+0000] {dag.py:4180} INFO - Setting next_dagrun for example_bash_operator to 2025-03-11 00:00:00+00:00, run_after=2025-03-12 00:00:00+00:00
[2025-03-12T11:36:41.216+0000] {processor.py:208} INFO - Processing /home/arthur-guilherme/airflow-env/lib/python3.12/site-packages/airflow/example_dags/example_bash_operator.py took 0.237 seconds
[2025-03-12T11:37:46.520+0000] {processor.py:186} INFO - Started process (PID=25158) to work on /home/arthur-guilherme/airflow-env/lib/python3.12/site-packages/airflow/example_dags/example_bash_operator.py
[2025-03-12T11:37:46.529+0000] {processor.py:914} INFO - Processing file /home/arthur-guilherme/airflow-env/lib/python3.12/site-packages/airflow/example_dags/example_bash_operator.py for tasks to queue
[2025-03-12T11:37:46.532+0000] {logging_mixin.py:190} INFO - [2025-03-12T11:37:46.531+0000] {dagbag.py:588} INFO - Filling up the DagBag from /home/arthur-guilherme/airflow-env/lib/python3.12/site-packages/airflow/example_dags/example_bash_operator.py
[2025-03-12T11:37:46.566+0000] {processor.py:925} INFO - DAG(s) 'example_bash_operator' retrieved from /home/arthur-guilherme/airflow-env/lib/python3.12/site-packages/airflow/example_dags/example_bash_operator.py
[2025-03-12T11:37:46.597+0000] {logging_mixin.py:190} INFO - [2025-03-12T11:37:46.596+0000] {dag.py:3239} INFO - Sync 1 DAGs
[2025-03-12T11:37:46.619+0000] {logging_mixin.py:190} INFO - [2025-03-12T11:37:46.619+0000] {dag.py:4180} INFO - Setting next_dagrun for example_bash_operator to 2025-03-11 00:00:00+00:00, run_after=2025-03-12 00:00:00+00:00
[2025-03-12T11:37:46.670+0000] {processor.py:208} INFO - Processing /home/arthur-guilherme/airflow-env/lib/python3.12/site-packages/airflow/example_dags/example_bash_operator.py took 0.154 seconds
[2025-03-12T11:38:50.389+0000] {processor.py:186} INFO - Started process (PID=25227) to work on /home/arthur-guilherme/airflow-env/lib/python3.12/site-packages/airflow/example_dags/example_bash_operator.py
[2025-03-12T11:38:50.404+0000] {processor.py:914} INFO - Processing file /home/arthur-guilherme/airflow-env/lib/python3.12/site-packages/airflow/example_dags/example_bash_operator.py for tasks to queue
[2025-03-12T11:38:50.407+0000] {logging_mixin.py:190} INFO - [2025-03-12T11:38:50.406+0000] {dagbag.py:588} INFO - Filling up the DagBag from /home/arthur-guilherme/airflow-env/lib/python3.12/site-packages/airflow/example_dags/example_bash_operator.py
[2025-03-12T11:38:50.419+0000] {processor.py:925} INFO - DAG(s) 'example_bash_operator' retrieved from /home/arthur-guilherme/airflow-env/lib/python3.12/site-packages/airflow/example_dags/example_bash_operator.py
[2025-03-12T11:38:50.435+0000] {logging_mixin.py:190} INFO - [2025-03-12T11:38:50.435+0000] {dag.py:3239} INFO - Sync 1 DAGs
[2025-03-12T11:38:50.450+0000] {logging_mixin.py:190} INFO - [2025-03-12T11:38:50.450+0000] {dag.py:4180} INFO - Setting next_dagrun for example_bash_operator to 2025-03-11 00:00:00+00:00, run_after=2025-03-12 00:00:00+00:00
[2025-03-12T11:38:50.483+0000] {processor.py:208} INFO - Processing /home/arthur-guilherme/airflow-env/lib/python3.12/site-packages/airflow/example_dags/example_bash_operator.py took 0.099 seconds
