[2025-03-12T11:36:31.794+0000] {processor.py:186} INFO - Started process (PID=25072) to work on /home/arthur-guilherme/airflow-env/lib/python3.12/site-packages/airflow/example_dags/example_nested_branch_dag.py
[2025-03-12T11:36:31.795+0000] {processor.py:914} INFO - Processing file /home/arthur-guilherme/airflow-env/lib/python3.12/site-packages/airflow/example_dags/example_nested_branch_dag.py for tasks to queue
[2025-03-12T11:36:31.797+0000] {logging_mixin.py:190} INFO - [2025-03-12T11:36:31.797+0000] {dagbag.py:588} INFO - Filling up the DagBag from /home/arthur-guilherme/airflow-env/lib/python3.12/site-packages/airflow/example_dags/example_nested_branch_dag.py
[2025-03-12T11:36:31.805+0000] {processor.py:925} INFO - DAG(s) 'example_nested_branch_dag' retrieved from /home/arthur-guilherme/airflow-env/lib/python3.12/site-packages/airflow/example_dags/example_nested_branch_dag.py
[2025-03-12T11:36:31.893+0000] {logging_mixin.py:190} INFO - [2025-03-12T11:36:31.892+0000] {override.py:1930} INFO - Created Permission View: can edit on DAG:example_nested_branch_dag
[2025-03-12T11:36:31.902+0000] {logging_mixin.py:190} INFO - [2025-03-12T11:36:31.902+0000] {override.py:1930} INFO - Created Permission View: can delete on DAG:example_nested_branch_dag
[2025-03-12T11:36:31.911+0000] {logging_mixin.py:190} INFO - [2025-03-12T11:36:31.911+0000] {override.py:1930} INFO - Created Permission View: can read on DAG:example_nested_branch_dag
[2025-03-12T11:36:31.925+0000] {logging_mixin.py:190} INFO - [2025-03-12T11:36:31.924+0000] {override.py:1930} INFO - Created Permission View: menu access on DAG Run:example_nested_branch_dag
[2025-03-12T11:36:31.932+0000] {logging_mixin.py:190} INFO - [2025-03-12T11:36:31.932+0000] {override.py:1930} INFO - Created Permission View: can create on DAG Run:example_nested_branch_dag
[2025-03-12T11:36:31.940+0000] {logging_mixin.py:190} INFO - [2025-03-12T11:36:31.940+0000] {override.py:1930} INFO - Created Permission View: can delete on DAG Run:example_nested_branch_dag
[2025-03-12T11:36:31.949+0000] {logging_mixin.py:190} INFO - [2025-03-12T11:36:31.949+0000] {override.py:1930} INFO - Created Permission View: can read on DAG Run:example_nested_branch_dag
[2025-03-12T11:36:31.949+0000] {logging_mixin.py:190} INFO - [2025-03-12T11:36:31.949+0000] {dag.py:3239} INFO - Sync 1 DAGs
[2025-03-12T11:36:31.958+0000] {logging_mixin.py:190} INFO - [2025-03-12T11:36:31.957+0000] {dag.py:3262} INFO - Creating ORM DAG for example_nested_branch_dag
[2025-03-12T11:36:31.963+0000] {logging_mixin.py:190} INFO - [2025-03-12T11:36:31.963+0000] {dag.py:4180} INFO - Setting next_dagrun for example_nested_branch_dag to 2025-03-11 00:00:00+00:00, run_after=2025-03-12 00:00:00+00:00
[2025-03-12T11:36:31.980+0000] {processor.py:208} INFO - Processing /home/arthur-guilherme/airflow-env/lib/python3.12/site-packages/airflow/example_dags/example_nested_branch_dag.py took 0.193 seconds
[2025-03-12T11:37:37.524+0000] {processor.py:186} INFO - Started process (PID=25147) to work on /home/arthur-guilherme/airflow-env/lib/python3.12/site-packages/airflow/example_dags/example_nested_branch_dag.py
[2025-03-12T11:37:37.540+0000] {processor.py:914} INFO - Processing file /home/arthur-guilherme/airflow-env/lib/python3.12/site-packages/airflow/example_dags/example_nested_branch_dag.py for tasks to queue
[2025-03-12T11:37:37.545+0000] {logging_mixin.py:190} INFO - [2025-03-12T11:37:37.544+0000] {dagbag.py:588} INFO - Filling up the DagBag from /home/arthur-guilherme/airflow-env/lib/python3.12/site-packages/airflow/example_dags/example_nested_branch_dag.py
[2025-03-12T11:37:37.561+0000] {processor.py:925} INFO - DAG(s) 'example_nested_branch_dag' retrieved from /home/arthur-guilherme/airflow-env/lib/python3.12/site-packages/airflow/example_dags/example_nested_branch_dag.py
[2025-03-12T11:37:37.578+0000] {logging_mixin.py:190} INFO - [2025-03-12T11:37:37.578+0000] {dag.py:3239} INFO - Sync 1 DAGs
[2025-03-12T11:37:37.609+0000] {logging_mixin.py:190} INFO - [2025-03-12T11:37:37.609+0000] {dag.py:4180} INFO - Setting next_dagrun for example_nested_branch_dag to 2025-03-11 00:00:00+00:00, run_after=2025-03-12 00:00:00+00:00
[2025-03-12T11:37:37.644+0000] {processor.py:208} INFO - Processing /home/arthur-guilherme/airflow-env/lib/python3.12/site-packages/airflow/example_dags/example_nested_branch_dag.py took 0.129 seconds
[2025-03-12T11:38:34.283+0000] {processor.py:186} INFO - Started process (PID=25210) to work on /home/arthur-guilherme/airflow-env/lib/python3.12/site-packages/airflow/example_dags/example_nested_branch_dag.py
[2025-03-12T11:38:34.285+0000] {processor.py:914} INFO - Processing file /home/arthur-guilherme/airflow-env/lib/python3.12/site-packages/airflow/example_dags/example_nested_branch_dag.py for tasks to queue
[2025-03-12T11:38:34.287+0000] {logging_mixin.py:190} INFO - [2025-03-12T11:38:34.286+0000] {dagbag.py:588} INFO - Filling up the DagBag from /home/arthur-guilherme/airflow-env/lib/python3.12/site-packages/airflow/example_dags/example_nested_branch_dag.py
[2025-03-12T11:38:34.302+0000] {processor.py:925} INFO - DAG(s) 'example_nested_branch_dag' retrieved from /home/arthur-guilherme/airflow-env/lib/python3.12/site-packages/airflow/example_dags/example_nested_branch_dag.py
[2025-03-12T11:38:34.326+0000] {logging_mixin.py:190} INFO - [2025-03-12T11:38:34.326+0000] {dag.py:3239} INFO - Sync 1 DAGs
[2025-03-12T11:38:34.344+0000] {logging_mixin.py:190} INFO - [2025-03-12T11:38:34.344+0000] {dag.py:4180} INFO - Setting next_dagrun for example_nested_branch_dag to 2025-03-11 00:00:00+00:00, run_after=2025-03-12 00:00:00+00:00
[2025-03-12T11:38:34.368+0000] {processor.py:208} INFO - Processing /home/arthur-guilherme/airflow-env/lib/python3.12/site-packages/airflow/example_dags/example_nested_branch_dag.py took 0.092 seconds
