[2025-03-12T11:36:23.466+0000] {processor.py:186} INFO - Started process (PID=25034) to work on /home/arthur-guilherme/airflow-env/lib/python3.12/site-packages/airflow/example_dags/example_trigger_controller_dag.py
[2025-03-12T11:36:23.466+0000] {processor.py:914} INFO - Processing file /home/arthur-guilherme/airflow-env/lib/python3.12/site-packages/airflow/example_dags/example_trigger_controller_dag.py for tasks to queue
[2025-03-12T11:36:23.468+0000] {logging_mixin.py:190} INFO - [2025-03-12T11:36:23.467+0000] {dagbag.py:588} INFO - Filling up the DagBag from /home/arthur-guilherme/airflow-env/lib/python3.12/site-packages/airflow/example_dags/example_trigger_controller_dag.py
[2025-03-12T11:36:23.475+0000] {processor.py:925} INFO - DAG(s) 'example_trigger_controller_dag' retrieved from /home/arthur-guilherme/airflow-env/lib/python3.12/site-packages/airflow/example_dags/example_trigger_controller_dag.py
[2025-03-12T11:36:23.551+0000] {logging_mixin.py:190} INFO - [2025-03-12T11:36:23.550+0000] {override.py:1930} INFO - Created Permission View: can edit on DAG:example_trigger_controller_dag
[2025-03-12T11:36:23.563+0000] {logging_mixin.py:190} INFO - [2025-03-12T11:36:23.563+0000] {override.py:1930} INFO - Created Permission View: can delete on DAG:example_trigger_controller_dag
[2025-03-12T11:36:23.572+0000] {logging_mixin.py:190} INFO - [2025-03-12T11:36:23.571+0000] {override.py:1930} INFO - Created Permission View: can read on DAG:example_trigger_controller_dag
[2025-03-12T11:36:23.584+0000] {logging_mixin.py:190} INFO - [2025-03-12T11:36:23.584+0000] {override.py:1930} INFO - Created Permission View: menu access on DAG Run:example_trigger_controller_dag
[2025-03-12T11:36:23.592+0000] {logging_mixin.py:190} INFO - [2025-03-12T11:36:23.592+0000] {override.py:1930} INFO - Created Permission View: can create on DAG Run:example_trigger_controller_dag
[2025-03-12T11:36:23.600+0000] {logging_mixin.py:190} INFO - [2025-03-12T11:36:23.599+0000] {override.py:1930} INFO - Created Permission View: can delete on DAG Run:example_trigger_controller_dag
[2025-03-12T11:36:23.607+0000] {logging_mixin.py:190} INFO - [2025-03-12T11:36:23.607+0000] {override.py:1930} INFO - Created Permission View: can read on DAG Run:example_trigger_controller_dag
[2025-03-12T11:36:23.608+0000] {logging_mixin.py:190} INFO - [2025-03-12T11:36:23.608+0000] {dag.py:3239} INFO - Sync 1 DAGs
[2025-03-12T11:36:23.616+0000] {logging_mixin.py:190} INFO - [2025-03-12T11:36:23.616+0000] {dag.py:3262} INFO - Creating ORM DAG for example_trigger_controller_dag
[2025-03-12T11:36:23.621+0000] {logging_mixin.py:190} INFO - [2025-03-12T11:36:23.621+0000] {dag.py:4180} INFO - Setting next_dagrun for example_trigger_controller_dag to 2021-01-01 00:00:00+00:00, run_after=2021-01-01 00:00:00+00:00
[2025-03-12T11:36:23.638+0000] {processor.py:208} INFO - Processing /home/arthur-guilherme/airflow-env/lib/python3.12/site-packages/airflow/example_dags/example_trigger_controller_dag.py took 0.176 seconds
[2025-03-12T11:37:29.673+0000] {processor.py:186} INFO - Started process (PID=25139) to work on /home/arthur-guilherme/airflow-env/lib/python3.12/site-packages/airflow/example_dags/example_trigger_controller_dag.py
[2025-03-12T11:37:29.681+0000] {processor.py:914} INFO - Processing file /home/arthur-guilherme/airflow-env/lib/python3.12/site-packages/airflow/example_dags/example_trigger_controller_dag.py for tasks to queue
[2025-03-12T11:37:29.683+0000] {logging_mixin.py:190} INFO - [2025-03-12T11:37:29.683+0000] {dagbag.py:588} INFO - Filling up the DagBag from /home/arthur-guilherme/airflow-env/lib/python3.12/site-packages/airflow/example_dags/example_trigger_controller_dag.py
[2025-03-12T11:37:29.689+0000] {processor.py:925} INFO - DAG(s) 'example_trigger_controller_dag' retrieved from /home/arthur-guilherme/airflow-env/lib/python3.12/site-packages/airflow/example_dags/example_trigger_controller_dag.py
[2025-03-12T11:37:29.702+0000] {logging_mixin.py:190} INFO - [2025-03-12T11:37:29.702+0000] {dag.py:3239} INFO - Sync 1 DAGs
[2025-03-12T11:37:29.716+0000] {logging_mixin.py:190} INFO - [2025-03-12T11:37:29.716+0000] {dag.py:4180} INFO - Setting next_dagrun for example_trigger_controller_dag to 2021-01-01 00:00:00+00:00, run_after=2021-01-01 00:00:00+00:00
[2025-03-12T11:37:29.739+0000] {processor.py:208} INFO - Processing /home/arthur-guilherme/airflow-env/lib/python3.12/site-packages/airflow/example_dags/example_trigger_controller_dag.py took 0.070 seconds
[2025-03-12T11:38:26.920+0000] {processor.py:186} INFO - Started process (PID=25202) to work on /home/arthur-guilherme/airflow-env/lib/python3.12/site-packages/airflow/example_dags/example_trigger_controller_dag.py
[2025-03-12T11:38:26.923+0000] {processor.py:914} INFO - Processing file /home/arthur-guilherme/airflow-env/lib/python3.12/site-packages/airflow/example_dags/example_trigger_controller_dag.py for tasks to queue
[2025-03-12T11:38:26.926+0000] {logging_mixin.py:190} INFO - [2025-03-12T11:38:26.926+0000] {dagbag.py:588} INFO - Filling up the DagBag from /home/arthur-guilherme/airflow-env/lib/python3.12/site-packages/airflow/example_dags/example_trigger_controller_dag.py
[2025-03-12T11:38:26.934+0000] {processor.py:925} INFO - DAG(s) 'example_trigger_controller_dag' retrieved from /home/arthur-guilherme/airflow-env/lib/python3.12/site-packages/airflow/example_dags/example_trigger_controller_dag.py
[2025-03-12T11:38:26.949+0000] {logging_mixin.py:190} INFO - [2025-03-12T11:38:26.949+0000] {dag.py:3239} INFO - Sync 1 DAGs
[2025-03-12T11:38:26.969+0000] {logging_mixin.py:190} INFO - [2025-03-12T11:38:26.969+0000] {dag.py:4180} INFO - Setting next_dagrun for example_trigger_controller_dag to 2021-01-01 00:00:00+00:00, run_after=2021-01-01 00:00:00+00:00
[2025-03-12T11:38:26.991+0000] {processor.py:208} INFO - Processing /home/arthur-guilherme/airflow-env/lib/python3.12/site-packages/airflow/example_dags/example_trigger_controller_dag.py took 0.075 seconds
