[2025-03-12T11:36:07.400+0000] {processor.py:186} INFO - Started process (PID=25019) to work on /home/arthur-guilherme/airflow-env/lib/python3.12/site-packages/airflow/example_dags/example_params_trigger_ui.py
[2025-03-12T11:36:07.401+0000] {processor.py:914} INFO - Processing file /home/arthur-guilherme/airflow-env/lib/python3.12/site-packages/airflow/example_dags/example_params_trigger_ui.py for tasks to queue
[2025-03-12T11:36:07.402+0000] {logging_mixin.py:190} INFO - [2025-03-12T11:36:07.402+0000] {dagbag.py:588} INFO - Filling up the DagBag from /home/arthur-guilherme/airflow-env/lib/python3.12/site-packages/airflow/example_dags/example_params_trigger_ui.py
[2025-03-12T11:36:07.412+0000] {processor.py:925} INFO - DAG(s) 'example_params_trigger_ui' retrieved from /home/arthur-guilherme/airflow-env/lib/python3.12/site-packages/airflow/example_dags/example_params_trigger_ui.py
[2025-03-12T11:36:07.514+0000] {logging_mixin.py:190} INFO - [2025-03-12T11:36:07.514+0000] {override.py:1930} INFO - Created Permission View: can edit on DAG:example_params_trigger_ui
[2025-03-12T11:36:07.527+0000] {logging_mixin.py:190} INFO - [2025-03-12T11:36:07.526+0000] {override.py:1930} INFO - Created Permission View: can delete on DAG:example_params_trigger_ui
[2025-03-12T11:36:07.535+0000] {logging_mixin.py:190} INFO - [2025-03-12T11:36:07.535+0000] {override.py:1930} INFO - Created Permission View: can read on DAG:example_params_trigger_ui
[2025-03-12T11:36:07.550+0000] {logging_mixin.py:190} INFO - [2025-03-12T11:36:07.550+0000] {override.py:1930} INFO - Created Permission View: menu access on DAG Run:example_params_trigger_ui
[2025-03-12T11:36:07.558+0000] {logging_mixin.py:190} INFO - [2025-03-12T11:36:07.558+0000] {override.py:1930} INFO - Created Permission View: can create on DAG Run:example_params_trigger_ui
[2025-03-12T11:36:07.566+0000] {logging_mixin.py:190} INFO - [2025-03-12T11:36:07.566+0000] {override.py:1930} INFO - Created Permission View: can delete on DAG Run:example_params_trigger_ui
[2025-03-12T11:36:07.575+0000] {logging_mixin.py:190} INFO - [2025-03-12T11:36:07.574+0000] {override.py:1930} INFO - Created Permission View: can read on DAG Run:example_params_trigger_ui
[2025-03-12T11:36:07.575+0000] {logging_mixin.py:190} INFO - [2025-03-12T11:36:07.575+0000] {dag.py:3239} INFO - Sync 1 DAGs
[2025-03-12T11:36:07.584+0000] {logging_mixin.py:190} INFO - [2025-03-12T11:36:07.583+0000] {dag.py:3262} INFO - Creating ORM DAG for example_params_trigger_ui
[2025-03-12T11:36:07.584+0000] {logging_mixin.py:190} INFO - [2025-03-12T11:36:07.584+0000] {dag.py:4180} INFO - Setting next_dagrun for example_params_trigger_ui to None, run_after=None
[2025-03-12T11:36:07.602+0000] {processor.py:208} INFO - Processing /home/arthur-guilherme/airflow-env/lib/python3.12/site-packages/airflow/example_dags/example_params_trigger_ui.py took 0.206 seconds
[2025-03-12T11:37:14.429+0000] {processor.py:186} INFO - Started process (PID=25122) to work on /home/arthur-guilherme/airflow-env/lib/python3.12/site-packages/airflow/example_dags/example_params_trigger_ui.py
[2025-03-12T11:37:14.442+0000] {processor.py:914} INFO - Processing file /home/arthur-guilherme/airflow-env/lib/python3.12/site-packages/airflow/example_dags/example_params_trigger_ui.py for tasks to queue
[2025-03-12T11:37:14.444+0000] {logging_mixin.py:190} INFO - [2025-03-12T11:37:14.444+0000] {dagbag.py:588} INFO - Filling up the DagBag from /home/arthur-guilherme/airflow-env/lib/python3.12/site-packages/airflow/example_dags/example_params_trigger_ui.py
[2025-03-12T11:37:14.453+0000] {processor.py:925} INFO - DAG(s) 'example_params_trigger_ui' retrieved from /home/arthur-guilherme/airflow-env/lib/python3.12/site-packages/airflow/example_dags/example_params_trigger_ui.py
[2025-03-12T11:37:14.481+0000] {logging_mixin.py:190} INFO - [2025-03-12T11:37:14.480+0000] {dag.py:3239} INFO - Sync 1 DAGs
[2025-03-12T11:37:14.490+0000] {logging_mixin.py:190} INFO - [2025-03-12T11:37:14.490+0000] {dag.py:4180} INFO - Setting next_dagrun for example_params_trigger_ui to None, run_after=None
[2025-03-12T11:37:14.518+0000] {processor.py:208} INFO - Processing /home/arthur-guilherme/airflow-env/lib/python3.12/site-packages/airflow/example_dags/example_params_trigger_ui.py took 0.093 seconds
[2025-03-12T11:37:50.897+0000] {processor.py:186} INFO - Started process (PID=25162) to work on /home/arthur-guilherme/airflow-env/lib/python3.12/site-packages/airflow/example_dags/example_params_trigger_ui.py
[2025-03-12T11:37:50.902+0000] {processor.py:914} INFO - Processing file /home/arthur-guilherme/airflow-env/lib/python3.12/site-packages/airflow/example_dags/example_params_trigger_ui.py for tasks to queue
[2025-03-12T11:37:50.906+0000] {logging_mixin.py:190} INFO - [2025-03-12T11:37:50.905+0000] {dagbag.py:588} INFO - Filling up the DagBag from /home/arthur-guilherme/airflow-env/lib/python3.12/site-packages/airflow/example_dags/example_params_trigger_ui.py
[2025-03-12T11:37:50.948+0000] {processor.py:925} INFO - DAG(s) 'example_params_trigger_ui' retrieved from /home/arthur-guilherme/airflow-env/lib/python3.12/site-packages/airflow/example_dags/example_params_trigger_ui.py
[2025-03-12T11:37:50.991+0000] {logging_mixin.py:190} INFO - [2025-03-12T11:37:50.991+0000] {dag.py:3239} INFO - Sync 1 DAGs
[2025-03-12T11:37:51.009+0000] {logging_mixin.py:190} INFO - [2025-03-12T11:37:51.009+0000] {dag.py:4180} INFO - Setting next_dagrun for example_params_trigger_ui to None, run_after=None
[2025-03-12T11:37:51.055+0000] {processor.py:208} INFO - Processing /home/arthur-guilherme/airflow-env/lib/python3.12/site-packages/airflow/example_dags/example_params_trigger_ui.py took 0.168 seconds
[2025-03-12T11:38:45.137+0000] {processor.py:186} INFO - Started process (PID=25222) to work on /home/arthur-guilherme/airflow-env/lib/python3.12/site-packages/airflow/example_dags/example_params_trigger_ui.py
[2025-03-12T11:38:45.138+0000] {processor.py:914} INFO - Processing file /home/arthur-guilherme/airflow-env/lib/python3.12/site-packages/airflow/example_dags/example_params_trigger_ui.py for tasks to queue
[2025-03-12T11:38:45.139+0000] {logging_mixin.py:190} INFO - [2025-03-12T11:38:45.139+0000] {dagbag.py:588} INFO - Filling up the DagBag from /home/arthur-guilherme/airflow-env/lib/python3.12/site-packages/airflow/example_dags/example_params_trigger_ui.py
[2025-03-12T11:38:45.149+0000] {processor.py:925} INFO - DAG(s) 'example_params_trigger_ui' retrieved from /home/arthur-guilherme/airflow-env/lib/python3.12/site-packages/airflow/example_dags/example_params_trigger_ui.py
[2025-03-12T11:38:45.180+0000] {logging_mixin.py:190} INFO - [2025-03-12T11:38:45.180+0000] {dag.py:3239} INFO - Sync 1 DAGs
[2025-03-12T11:38:45.193+0000] {logging_mixin.py:190} INFO - [2025-03-12T11:38:45.193+0000] {dag.py:4180} INFO - Setting next_dagrun for example_params_trigger_ui to None, run_after=None
[2025-03-12T11:38:45.259+0000] {processor.py:208} INFO - Processing /home/arthur-guilherme/airflow-env/lib/python3.12/site-packages/airflow/example_dags/example_params_trigger_ui.py took 0.127 seconds
