[2025-03-12T11:37:04.149+0000] {processor.py:186} INFO - Started process (PID=25114) to work on /home/arthur-guilherme/airflow-env/lib/python3.12/site-packages/airflow/example_dags/example_datasets.py
[2025-03-12T11:37:04.150+0000] {processor.py:914} INFO - Processing file /home/arthur-guilherme/airflow-env/lib/python3.12/site-packages/airflow/example_dags/example_datasets.py for tasks to queue
[2025-03-12T11:37:04.151+0000] {logging_mixin.py:190} INFO - [2025-03-12T11:37:04.151+0000] {dagbag.py:588} INFO - Filling up the DagBag from /home/arthur-guilherme/airflow-env/lib/python3.12/site-packages/airflow/example_dags/example_datasets.py
[2025-03-12T11:37:04.163+0000] {processor.py:925} INFO - DAG(s) 'consume_1_or_2_with_dataset_expressions', 'conditional_dataset_and_time_based_timetable', 'dataset_produces_1', 'dataset_consumes_1_never_scheduled', 'dataset_consumes_1', 'dataset_consumes_unknown_never_scheduled', 'dataset_consumes_1_and_2', 'dataset_produces_2', 'consume_1_or_both_2_and_3_with_dataset_expressions', 'consume_1_and_2_with_dataset_expressions' retrieved from /home/arthur-guilherme/airflow-env/lib/python3.12/site-packages/airflow/example_dags/example_datasets.py
[2025-03-12T11:37:04.300+0000] {logging_mixin.py:190} INFO - [2025-03-12T11:37:04.300+0000] {override.py:1930} INFO - Created Permission View: can edit on DAG:consume_1_or_2_with_dataset_expressions
[2025-03-12T11:37:04.314+0000] {logging_mixin.py:190} INFO - [2025-03-12T11:37:04.314+0000] {override.py:1930} INFO - Created Permission View: can delete on DAG:consume_1_or_2_with_dataset_expressions
[2025-03-12T11:37:04.325+0000] {logging_mixin.py:190} INFO - [2025-03-12T11:37:04.325+0000] {override.py:1930} INFO - Created Permission View: can read on DAG:consume_1_or_2_with_dataset_expressions
[2025-03-12T11:37:04.391+0000] {logging_mixin.py:190} INFO - [2025-03-12T11:37:04.391+0000] {override.py:1930} INFO - Created Permission View: menu access on DAG Run:consume_1_or_2_with_dataset_expressions
[2025-03-12T11:37:04.402+0000] {logging_mixin.py:190} INFO - [2025-03-12T11:37:04.402+0000] {override.py:1930} INFO - Created Permission View: can create on DAG Run:consume_1_or_2_with_dataset_expressions
[2025-03-12T11:37:04.412+0000] {logging_mixin.py:190} INFO - [2025-03-12T11:37:04.412+0000] {override.py:1930} INFO - Created Permission View: can delete on DAG Run:consume_1_or_2_with_dataset_expressions
[2025-03-12T11:37:04.421+0000] {logging_mixin.py:190} INFO - [2025-03-12T11:37:04.421+0000] {override.py:1930} INFO - Created Permission View: can read on DAG Run:consume_1_or_2_with_dataset_expressions
[2025-03-12T11:37:04.442+0000] {logging_mixin.py:190} INFO - [2025-03-12T11:37:04.441+0000] {override.py:1930} INFO - Created Permission View: can edit on DAG:conditional_dataset_and_time_based_timetable
[2025-03-12T11:37:04.451+0000] {logging_mixin.py:190} INFO - [2025-03-12T11:37:04.451+0000] {override.py:1930} INFO - Created Permission View: can delete on DAG:conditional_dataset_and_time_based_timetable
[2025-03-12T11:37:04.459+0000] {logging_mixin.py:190} INFO - [2025-03-12T11:37:04.459+0000] {override.py:1930} INFO - Created Permission View: can read on DAG:conditional_dataset_and_time_based_timetable
[2025-03-12T11:37:04.472+0000] {logging_mixin.py:190} INFO - [2025-03-12T11:37:04.472+0000] {override.py:1930} INFO - Created Permission View: menu access on DAG Run:conditional_dataset_and_time_based_timetable
[2025-03-12T11:37:04.482+0000] {logging_mixin.py:190} INFO - [2025-03-12T11:37:04.482+0000] {override.py:1930} INFO - Created Permission View: can create on DAG Run:conditional_dataset_and_time_based_timetable
[2025-03-12T11:37:04.492+0000] {logging_mixin.py:190} INFO - [2025-03-12T11:37:04.492+0000] {override.py:1930} INFO - Created Permission View: can delete on DAG Run:conditional_dataset_and_time_based_timetable
[2025-03-12T11:37:04.500+0000] {logging_mixin.py:190} INFO - [2025-03-12T11:37:04.500+0000] {override.py:1930} INFO - Created Permission View: can read on DAG Run:conditional_dataset_and_time_based_timetable
[2025-03-12T11:37:04.552+0000] {logging_mixin.py:190} INFO - [2025-03-12T11:37:04.552+0000] {override.py:1930} INFO - Created Permission View: can edit on DAG:dataset_produces_1
[2025-03-12T11:37:04.561+0000] {logging_mixin.py:190} INFO - [2025-03-12T11:37:04.561+0000] {override.py:1930} INFO - Created Permission View: can delete on DAG:dataset_produces_1
[2025-03-12T11:37:04.570+0000] {logging_mixin.py:190} INFO - [2025-03-12T11:37:04.570+0000] {override.py:1930} INFO - Created Permission View: can read on DAG:dataset_produces_1
[2025-03-12T11:37:04.585+0000] {logging_mixin.py:190} INFO - [2025-03-12T11:37:04.585+0000] {override.py:1930} INFO - Created Permission View: menu access on DAG Run:dataset_produces_1
[2025-03-12T11:37:04.595+0000] {logging_mixin.py:190} INFO - [2025-03-12T11:37:04.595+0000] {override.py:1930} INFO - Created Permission View: can create on DAG Run:dataset_produces_1
[2025-03-12T11:37:04.605+0000] {logging_mixin.py:190} INFO - [2025-03-12T11:37:04.604+0000] {override.py:1930} INFO - Created Permission View: can delete on DAG Run:dataset_produces_1
[2025-03-12T11:37:04.614+0000] {logging_mixin.py:190} INFO - [2025-03-12T11:37:04.614+0000] {override.py:1930} INFO - Created Permission View: can read on DAG Run:dataset_produces_1
[2025-03-12T11:37:04.636+0000] {logging_mixin.py:190} INFO - [2025-03-12T11:37:04.636+0000] {override.py:1930} INFO - Created Permission View: can edit on DAG:dataset_consumes_1_never_scheduled
[2025-03-12T11:37:04.648+0000] {logging_mixin.py:190} INFO - [2025-03-12T11:37:04.648+0000] {override.py:1930} INFO - Created Permission View: can delete on DAG:dataset_consumes_1_never_scheduled
[2025-03-12T11:37:04.659+0000] {logging_mixin.py:190} INFO - [2025-03-12T11:37:04.659+0000] {override.py:1930} INFO - Created Permission View: can read on DAG:dataset_consumes_1_never_scheduled
[2025-03-12T11:37:04.681+0000] {logging_mixin.py:190} INFO - [2025-03-12T11:37:04.680+0000] {override.py:1930} INFO - Created Permission View: menu access on DAG Run:dataset_consumes_1_never_scheduled
[2025-03-12T11:37:04.706+0000] {logging_mixin.py:190} INFO - [2025-03-12T11:37:04.706+0000] {override.py:1930} INFO - Created Permission View: can create on DAG Run:dataset_consumes_1_never_scheduled
[2025-03-12T11:37:04.732+0000] {logging_mixin.py:190} INFO - [2025-03-12T11:37:04.730+0000] {override.py:1930} INFO - Created Permission View: can delete on DAG Run:dataset_consumes_1_never_scheduled
[2025-03-12T11:37:04.779+0000] {logging_mixin.py:190} INFO - [2025-03-12T11:37:04.779+0000] {override.py:1930} INFO - Created Permission View: can read on DAG Run:dataset_consumes_1_never_scheduled
[2025-03-12T11:37:04.800+0000] {logging_mixin.py:190} INFO - [2025-03-12T11:37:04.800+0000] {override.py:1930} INFO - Created Permission View: can edit on DAG:dataset_consumes_1
[2025-03-12T11:37:04.808+0000] {logging_mixin.py:190} INFO - [2025-03-12T11:37:04.808+0000] {override.py:1930} INFO - Created Permission View: can delete on DAG:dataset_consumes_1
[2025-03-12T11:37:04.818+0000] {logging_mixin.py:190} INFO - [2025-03-12T11:37:04.817+0000] {override.py:1930} INFO - Created Permission View: can read on DAG:dataset_consumes_1
[2025-03-12T11:37:04.835+0000] {logging_mixin.py:190} INFO - [2025-03-12T11:37:04.835+0000] {override.py:1930} INFO - Created Permission View: menu access on DAG Run:dataset_consumes_1
[2025-03-12T11:37:04.845+0000] {logging_mixin.py:190} INFO - [2025-03-12T11:37:04.845+0000] {override.py:1930} INFO - Created Permission View: can create on DAG Run:dataset_consumes_1
[2025-03-12T11:37:04.853+0000] {logging_mixin.py:190} INFO - [2025-03-12T11:37:04.853+0000] {override.py:1930} INFO - Created Permission View: can delete on DAG Run:dataset_consumes_1
[2025-03-12T11:37:04.861+0000] {logging_mixin.py:190} INFO - [2025-03-12T11:37:04.861+0000] {override.py:1930} INFO - Created Permission View: can read on DAG Run:dataset_consumes_1
[2025-03-12T11:37:04.883+0000] {logging_mixin.py:190} INFO - [2025-03-12T11:37:04.883+0000] {override.py:1930} INFO - Created Permission View: can edit on DAG:dataset_consumes_unknown_never_scheduled
[2025-03-12T11:37:04.895+0000] {logging_mixin.py:190} INFO - [2025-03-12T11:37:04.895+0000] {override.py:1930} INFO - Created Permission View: can delete on DAG:dataset_consumes_unknown_never_scheduled
[2025-03-12T11:37:04.904+0000] {logging_mixin.py:190} INFO - [2025-03-12T11:37:04.904+0000] {override.py:1930} INFO - Created Permission View: can read on DAG:dataset_consumes_unknown_never_scheduled
[2025-03-12T11:37:04.921+0000] {logging_mixin.py:190} INFO - [2025-03-12T11:37:04.920+0000] {override.py:1930} INFO - Created Permission View: menu access on DAG Run:dataset_consumes_unknown_never_scheduled
[2025-03-12T11:37:04.929+0000] {logging_mixin.py:190} INFO - [2025-03-12T11:37:04.929+0000] {override.py:1930} INFO - Created Permission View: can create on DAG Run:dataset_consumes_unknown_never_scheduled
[2025-03-12T11:37:04.968+0000] {logging_mixin.py:190} INFO - [2025-03-12T11:37:04.968+0000] {override.py:1930} INFO - Created Permission View: can delete on DAG Run:dataset_consumes_unknown_never_scheduled
[2025-03-12T11:37:04.978+0000] {logging_mixin.py:190} INFO - [2025-03-12T11:37:04.978+0000] {override.py:1930} INFO - Created Permission View: can read on DAG Run:dataset_consumes_unknown_never_scheduled
[2025-03-12T11:37:05.000+0000] {logging_mixin.py:190} INFO - [2025-03-12T11:37:05.000+0000] {override.py:1930} INFO - Created Permission View: can edit on DAG:dataset_consumes_1_and_2
[2025-03-12T11:37:05.009+0000] {logging_mixin.py:190} INFO - [2025-03-12T11:37:05.009+0000] {override.py:1930} INFO - Created Permission View: can delete on DAG:dataset_consumes_1_and_2
[2025-03-12T11:37:05.021+0000] {logging_mixin.py:190} INFO - [2025-03-12T11:37:05.020+0000] {override.py:1930} INFO - Created Permission View: can read on DAG:dataset_consumes_1_and_2
[2025-03-12T11:37:05.038+0000] {logging_mixin.py:190} INFO - [2025-03-12T11:37:05.038+0000] {override.py:1930} INFO - Created Permission View: menu access on DAG Run:dataset_consumes_1_and_2
[2025-03-12T11:37:05.047+0000] {logging_mixin.py:190} INFO - [2025-03-12T11:37:05.046+0000] {override.py:1930} INFO - Created Permission View: can create on DAG Run:dataset_consumes_1_and_2
[2025-03-12T11:37:05.058+0000] {logging_mixin.py:190} INFO - [2025-03-12T11:37:05.057+0000] {override.py:1930} INFO - Created Permission View: can delete on DAG Run:dataset_consumes_1_and_2
[2025-03-12T11:37:05.068+0000] {logging_mixin.py:190} INFO - [2025-03-12T11:37:05.067+0000] {override.py:1930} INFO - Created Permission View: can read on DAG Run:dataset_consumes_1_and_2
[2025-03-12T11:37:05.089+0000] {logging_mixin.py:190} INFO - [2025-03-12T11:37:05.089+0000] {override.py:1930} INFO - Created Permission View: can edit on DAG:dataset_produces_2
[2025-03-12T11:37:05.099+0000] {logging_mixin.py:190} INFO - [2025-03-12T11:37:05.099+0000] {override.py:1930} INFO - Created Permission View: can delete on DAG:dataset_produces_2
[2025-03-12T11:37:05.111+0000] {logging_mixin.py:190} INFO - [2025-03-12T11:37:05.111+0000] {override.py:1930} INFO - Created Permission View: can read on DAG:dataset_produces_2
[2025-03-12T11:37:05.129+0000] {logging_mixin.py:190} INFO - [2025-03-12T11:37:05.129+0000] {override.py:1930} INFO - Created Permission View: menu access on DAG Run:dataset_produces_2
[2025-03-12T11:37:05.177+0000] {logging_mixin.py:190} INFO - [2025-03-12T11:37:05.175+0000] {override.py:1930} INFO - Created Permission View: can create on DAG Run:dataset_produces_2
[2025-03-12T11:37:05.198+0000] {logging_mixin.py:190} INFO - [2025-03-12T11:37:05.197+0000] {override.py:1930} INFO - Created Permission View: can delete on DAG Run:dataset_produces_2
[2025-03-12T11:37:05.230+0000] {logging_mixin.py:190} INFO - [2025-03-12T11:37:05.229+0000] {override.py:1930} INFO - Created Permission View: can read on DAG Run:dataset_produces_2
[2025-03-12T11:37:05.294+0000] {logging_mixin.py:190} INFO - [2025-03-12T11:37:05.293+0000] {override.py:1930} INFO - Created Permission View: can edit on DAG:consume_1_or_both_2_and_3_with_dataset_expressions
[2025-03-12T11:37:05.324+0000] {logging_mixin.py:190} INFO - [2025-03-12T11:37:05.324+0000] {override.py:1930} INFO - Created Permission View: can delete on DAG:consume_1_or_both_2_and_3_with_dataset_expressions
[2025-03-12T11:37:05.337+0000] {logging_mixin.py:190} INFO - [2025-03-12T11:37:05.335+0000] {override.py:1930} INFO - Created Permission View: can read on DAG:consume_1_or_both_2_and_3_with_dataset_expressions
[2025-03-12T11:37:05.362+0000] {logging_mixin.py:190} INFO - [2025-03-12T11:37:05.361+0000] {override.py:1930} INFO - Created Permission View: menu access on DAG Run:consume_1_or_both_2_and_3_with_dataset_expressions
[2025-03-12T11:37:05.400+0000] {logging_mixin.py:190} INFO - [2025-03-12T11:37:05.388+0000] {override.py:1930} INFO - Created Permission View: can create on DAG Run:consume_1_or_both_2_and_3_with_dataset_expressions
[2025-03-12T11:37:05.426+0000] {logging_mixin.py:190} INFO - [2025-03-12T11:37:05.426+0000] {override.py:1930} INFO - Created Permission View: can delete on DAG Run:consume_1_or_both_2_and_3_with_dataset_expressions
[2025-03-12T11:37:05.468+0000] {logging_mixin.py:190} INFO - [2025-03-12T11:37:05.466+0000] {override.py:1930} INFO - Created Permission View: can read on DAG Run:consume_1_or_both_2_and_3_with_dataset_expressions
[2025-03-12T11:37:05.498+0000] {logging_mixin.py:190} INFO - [2025-03-12T11:37:05.498+0000] {override.py:1930} INFO - Created Permission View: can edit on DAG:consume_1_and_2_with_dataset_expressions
[2025-03-12T11:37:05.508+0000] {logging_mixin.py:190} INFO - [2025-03-12T11:37:05.507+0000] {override.py:1930} INFO - Created Permission View: can delete on DAG:consume_1_and_2_with_dataset_expressions
[2025-03-12T11:37:05.558+0000] {logging_mixin.py:190} INFO - [2025-03-12T11:37:05.557+0000] {override.py:1930} INFO - Created Permission View: can read on DAG:consume_1_and_2_with_dataset_expressions
[2025-03-12T11:37:05.603+0000] {logging_mixin.py:190} INFO - [2025-03-12T11:37:05.602+0000] {override.py:1930} INFO - Created Permission View: menu access on DAG Run:consume_1_and_2_with_dataset_expressions
[2025-03-12T11:37:05.635+0000] {logging_mixin.py:190} INFO - [2025-03-12T11:37:05.634+0000] {override.py:1930} INFO - Created Permission View: can create on DAG Run:consume_1_and_2_with_dataset_expressions
[2025-03-12T11:37:05.671+0000] {logging_mixin.py:190} INFO - [2025-03-12T11:37:05.670+0000] {override.py:1930} INFO - Created Permission View: can delete on DAG Run:consume_1_and_2_with_dataset_expressions
[2025-03-12T11:37:05.684+0000] {logging_mixin.py:190} INFO - [2025-03-12T11:37:05.683+0000] {override.py:1930} INFO - Created Permission View: can read on DAG Run:consume_1_and_2_with_dataset_expressions
[2025-03-12T11:37:05.684+0000] {logging_mixin.py:190} INFO - [2025-03-12T11:37:05.684+0000] {dag.py:3239} INFO - Sync 10 DAGs
[2025-03-12T11:37:05.733+0000] {logging_mixin.py:190} INFO - [2025-03-12T11:37:05.733+0000] {dag.py:3262} INFO - Creating ORM DAG for consume_1_or_2_with_dataset_expressions
[2025-03-12T11:37:05.735+0000] {logging_mixin.py:190} INFO - [2025-03-12T11:37:05.734+0000] {dag.py:3262} INFO - Creating ORM DAG for dataset_consumes_1_and_2
[2025-03-12T11:37:05.735+0000] {logging_mixin.py:190} INFO - [2025-03-12T11:37:05.735+0000] {dag.py:3262} INFO - Creating ORM DAG for consume_1_or_both_2_and_3_with_dataset_expressions
[2025-03-12T11:37:05.735+0000] {logging_mixin.py:190} INFO - [2025-03-12T11:37:05.735+0000] {dag.py:3262} INFO - Creating ORM DAG for dataset_consumes_unknown_never_scheduled
[2025-03-12T11:37:05.736+0000] {logging_mixin.py:190} INFO - [2025-03-12T11:37:05.736+0000] {dag.py:3262} INFO - Creating ORM DAG for dataset_produces_1
[2025-03-12T11:37:05.736+0000] {logging_mixin.py:190} INFO - [2025-03-12T11:37:05.736+0000] {dag.py:3262} INFO - Creating ORM DAG for dataset_consumes_1
[2025-03-12T11:37:05.737+0000] {logging_mixin.py:190} INFO - [2025-03-12T11:37:05.736+0000] {dag.py:3262} INFO - Creating ORM DAG for dataset_produces_2
[2025-03-12T11:37:05.737+0000] {logging_mixin.py:190} INFO - [2025-03-12T11:37:05.737+0000] {dag.py:3262} INFO - Creating ORM DAG for dataset_consumes_1_never_scheduled
[2025-03-12T11:37:05.737+0000] {logging_mixin.py:190} INFO - [2025-03-12T11:37:05.737+0000] {dag.py:3262} INFO - Creating ORM DAG for consume_1_and_2_with_dataset_expressions
[2025-03-12T11:37:05.738+0000] {logging_mixin.py:190} INFO - [2025-03-12T11:37:05.738+0000] {dag.py:3262} INFO - Creating ORM DAG for conditional_dataset_and_time_based_timetable
[2025-03-12T11:37:05.765+0000] {logging_mixin.py:190} INFO - [2025-03-12T11:37:05.765+0000] {dag.py:4180} INFO - Setting next_dagrun for conditional_dataset_and_time_based_timetable to 2025-03-12 01:00:00+00:00, run_after=2025-03-12 01:00:00+00:00
[2025-03-12T11:37:05.766+0000] {logging_mixin.py:190} INFO - [2025-03-12T11:37:05.766+0000] {dag.py:4180} INFO - Setting next_dagrun for consume_1_and_2_with_dataset_expressions to None, run_after=None
[2025-03-12T11:37:05.767+0000] {logging_mixin.py:190} INFO - [2025-03-12T11:37:05.767+0000] {dag.py:4180} INFO - Setting next_dagrun for consume_1_or_2_with_dataset_expressions to None, run_after=None
[2025-03-12T11:37:05.767+0000] {logging_mixin.py:190} INFO - [2025-03-12T11:37:05.767+0000] {dag.py:4180} INFO - Setting next_dagrun for consume_1_or_both_2_and_3_with_dataset_expressions to None, run_after=None
[2025-03-12T11:37:05.767+0000] {logging_mixin.py:190} INFO - [2025-03-12T11:37:05.767+0000] {dag.py:4180} INFO - Setting next_dagrun for dataset_consumes_1 to None, run_after=None
[2025-03-12T11:37:05.768+0000] {logging_mixin.py:190} INFO - [2025-03-12T11:37:05.767+0000] {dag.py:4180} INFO - Setting next_dagrun for dataset_consumes_1_and_2 to None, run_after=None
[2025-03-12T11:37:05.768+0000] {logging_mixin.py:190} INFO - [2025-03-12T11:37:05.768+0000] {dag.py:4180} INFO - Setting next_dagrun for dataset_consumes_1_never_scheduled to None, run_after=None
[2025-03-12T11:37:05.768+0000] {logging_mixin.py:190} INFO - [2025-03-12T11:37:05.768+0000] {dag.py:4180} INFO - Setting next_dagrun for dataset_consumes_unknown_never_scheduled to None, run_after=None
[2025-03-12T11:37:05.770+0000] {logging_mixin.py:190} INFO - [2025-03-12T11:37:05.770+0000] {dag.py:4180} INFO - Setting next_dagrun for dataset_produces_1 to 2025-03-11 00:00:00+00:00, run_after=2025-03-12 00:00:00+00:00
[2025-03-12T11:37:05.770+0000] {logging_mixin.py:190} INFO - [2025-03-12T11:37:05.770+0000] {dag.py:4180} INFO - Setting next_dagrun for dataset_produces_2 to None, run_after=None
[2025-03-12T11:37:05.834+0000] {processor.py:208} INFO - Processing /home/arthur-guilherme/airflow-env/lib/python3.12/site-packages/airflow/example_dags/example_datasets.py took 1.689 seconds
[2025-03-12T11:38:11.422+0000] {processor.py:186} INFO - Started process (PID=25187) to work on /home/arthur-guilherme/airflow-env/lib/python3.12/site-packages/airflow/example_dags/example_datasets.py
[2025-03-12T11:38:11.425+0000] {processor.py:914} INFO - Processing file /home/arthur-guilherme/airflow-env/lib/python3.12/site-packages/airflow/example_dags/example_datasets.py for tasks to queue
[2025-03-12T11:38:11.427+0000] {logging_mixin.py:190} INFO - [2025-03-12T11:38:11.427+0000] {dagbag.py:588} INFO - Filling up the DagBag from /home/arthur-guilherme/airflow-env/lib/python3.12/site-packages/airflow/example_dags/example_datasets.py
[2025-03-12T11:38:11.439+0000] {processor.py:925} INFO - DAG(s) 'conditional_dataset_and_time_based_timetable', 'dataset_consumes_unknown_never_scheduled', 'dataset_produces_1', 'consume_1_or_2_with_dataset_expressions', 'dataset_produces_2', 'consume_1_or_both_2_and_3_with_dataset_expressions', 'consume_1_and_2_with_dataset_expressions', 'dataset_consumes_1_never_scheduled', 'dataset_consumes_1_and_2', 'dataset_consumes_1' retrieved from /home/arthur-guilherme/airflow-env/lib/python3.12/site-packages/airflow/example_dags/example_datasets.py
[2025-03-12T11:38:11.461+0000] {logging_mixin.py:190} INFO - [2025-03-12T11:38:11.461+0000] {dag.py:3239} INFO - Sync 10 DAGs
[2025-03-12T11:38:11.476+0000] {logging_mixin.py:190} INFO - [2025-03-12T11:38:11.476+0000] {dag.py:4180} INFO - Setting next_dagrun for conditional_dataset_and_time_based_timetable to 2025-03-12 01:00:00+00:00, run_after=2025-03-12 01:00:00+00:00
[2025-03-12T11:38:11.478+0000] {logging_mixin.py:190} INFO - [2025-03-12T11:38:11.478+0000] {dag.py:4180} INFO - Setting next_dagrun for consume_1_and_2_with_dataset_expressions to None, run_after=None
[2025-03-12T11:38:11.479+0000] {logging_mixin.py:190} INFO - [2025-03-12T11:38:11.479+0000] {dag.py:4180} INFO - Setting next_dagrun for consume_1_or_2_with_dataset_expressions to None, run_after=None
[2025-03-12T11:38:11.479+0000] {logging_mixin.py:190} INFO - [2025-03-12T11:38:11.479+0000] {dag.py:4180} INFO - Setting next_dagrun for consume_1_or_both_2_and_3_with_dataset_expressions to None, run_after=None
[2025-03-12T11:38:11.480+0000] {logging_mixin.py:190} INFO - [2025-03-12T11:38:11.480+0000] {dag.py:4180} INFO - Setting next_dagrun for dataset_consumes_1 to None, run_after=None
[2025-03-12T11:38:11.480+0000] {logging_mixin.py:190} INFO - [2025-03-12T11:38:11.480+0000] {dag.py:4180} INFO - Setting next_dagrun for dataset_consumes_1_and_2 to None, run_after=None
[2025-03-12T11:38:11.481+0000] {logging_mixin.py:190} INFO - [2025-03-12T11:38:11.481+0000] {dag.py:4180} INFO - Setting next_dagrun for dataset_consumes_1_never_scheduled to None, run_after=None
[2025-03-12T11:38:11.481+0000] {logging_mixin.py:190} INFO - [2025-03-12T11:38:11.481+0000] {dag.py:4180} INFO - Setting next_dagrun for dataset_consumes_unknown_never_scheduled to None, run_after=None
[2025-03-12T11:38:11.482+0000] {logging_mixin.py:190} INFO - [2025-03-12T11:38:11.482+0000] {dag.py:4180} INFO - Setting next_dagrun for dataset_produces_1 to 2025-03-11 00:00:00+00:00, run_after=2025-03-12 00:00:00+00:00
[2025-03-12T11:38:11.483+0000] {logging_mixin.py:190} INFO - [2025-03-12T11:38:11.483+0000] {dag.py:4180} INFO - Setting next_dagrun for dataset_produces_2 to None, run_after=None
[2025-03-12T11:38:11.509+0000] {processor.py:208} INFO - Processing /home/arthur-guilherme/airflow-env/lib/python3.12/site-packages/airflow/example_dags/example_datasets.py took 0.093 seconds
[2025-03-12T11:39:07.134+0000] {processor.py:186} INFO - Started process (PID=25298) to work on /home/arthur-guilherme/airflow-env/lib/python3.12/site-packages/airflow/example_dags/example_datasets.py
[2025-03-12T11:39:07.136+0000] {processor.py:914} INFO - Processing file /home/arthur-guilherme/airflow-env/lib/python3.12/site-packages/airflow/example_dags/example_datasets.py for tasks to queue
[2025-03-12T11:39:07.141+0000] {logging_mixin.py:190} INFO - [2025-03-12T11:39:07.138+0000] {dagbag.py:588} INFO - Filling up the DagBag from /home/arthur-guilherme/airflow-env/lib/python3.12/site-packages/airflow/example_dags/example_datasets.py
[2025-03-12T11:39:07.168+0000] {processor.py:925} INFO - DAG(s) 'consume_1_or_2_with_dataset_expressions', 'consume_1_or_both_2_and_3_with_dataset_expressions', 'dataset_consumes_1_never_scheduled', 'dataset_consumes_unknown_never_scheduled', 'consume_1_and_2_with_dataset_expressions', 'dataset_produces_2', 'conditional_dataset_and_time_based_timetable', 'dataset_consumes_1_and_2', 'dataset_consumes_1', 'dataset_produces_1' retrieved from /home/arthur-guilherme/airflow-env/lib/python3.12/site-packages/airflow/example_dags/example_datasets.py
[2025-03-12T11:39:07.226+0000] {logging_mixin.py:190} INFO - [2025-03-12T11:39:07.225+0000] {dag.py:3239} INFO - Sync 10 DAGs
[2025-03-12T11:39:07.248+0000] {logging_mixin.py:190} INFO - [2025-03-12T11:39:07.247+0000] {dag.py:4180} INFO - Setting next_dagrun for conditional_dataset_and_time_based_timetable to 2025-03-12 01:00:00+00:00, run_after=2025-03-12 01:00:00+00:00
[2025-03-12T11:39:07.251+0000] {logging_mixin.py:190} INFO - [2025-03-12T11:39:07.250+0000] {dag.py:4180} INFO - Setting next_dagrun for consume_1_and_2_with_dataset_expressions to None, run_after=None
[2025-03-12T11:39:07.251+0000] {logging_mixin.py:190} INFO - [2025-03-12T11:39:07.251+0000] {dag.py:4180} INFO - Setting next_dagrun for consume_1_or_2_with_dataset_expressions to None, run_after=None
[2025-03-12T11:39:07.252+0000] {logging_mixin.py:190} INFO - [2025-03-12T11:39:07.252+0000] {dag.py:4180} INFO - Setting next_dagrun for consume_1_or_both_2_and_3_with_dataset_expressions to None, run_after=None
[2025-03-12T11:39:07.252+0000] {logging_mixin.py:190} INFO - [2025-03-12T11:39:07.252+0000] {dag.py:4180} INFO - Setting next_dagrun for dataset_consumes_1 to None, run_after=None
[2025-03-12T11:39:07.253+0000] {logging_mixin.py:190} INFO - [2025-03-12T11:39:07.253+0000] {dag.py:4180} INFO - Setting next_dagrun for dataset_consumes_1_and_2 to None, run_after=None
[2025-03-12T11:39:07.253+0000] {logging_mixin.py:190} INFO - [2025-03-12T11:39:07.253+0000] {dag.py:4180} INFO - Setting next_dagrun for dataset_consumes_1_never_scheduled to None, run_after=None
[2025-03-12T11:39:07.254+0000] {logging_mixin.py:190} INFO - [2025-03-12T11:39:07.254+0000] {dag.py:4180} INFO - Setting next_dagrun for dataset_consumes_unknown_never_scheduled to None, run_after=None
[2025-03-12T11:39:07.255+0000] {logging_mixin.py:190} INFO - [2025-03-12T11:39:07.255+0000] {dag.py:4180} INFO - Setting next_dagrun for dataset_produces_1 to 2025-03-11 00:00:00+00:00, run_after=2025-03-12 00:00:00+00:00
[2025-03-12T11:39:07.256+0000] {logging_mixin.py:190} INFO - [2025-03-12T11:39:07.256+0000] {dag.py:4180} INFO - Setting next_dagrun for dataset_produces_2 to None, run_after=None
[2025-03-12T11:39:07.279+0000] {processor.py:208} INFO - Processing /home/arthur-guilherme/airflow-env/lib/python3.12/site-packages/airflow/example_dags/example_datasets.py took 0.152 seconds
