[2025-03-12T11:36:56.784+0000] {processor.py:186} INFO - Started process (PID=25095) to work on /home/arthur-guilherme/airflow-env/lib/python3.12/site-packages/airflow/example_dags/example_dynamic_task_mapping_with_no_taskflow_operators.py
[2025-03-12T11:36:56.785+0000] {processor.py:914} INFO - Processing file /home/arthur-guilherme/airflow-env/lib/python3.12/site-packages/airflow/example_dags/example_dynamic_task_mapping_with_no_taskflow_operators.py for tasks to queue
[2025-03-12T11:36:56.789+0000] {logging_mixin.py:190} INFO - [2025-03-12T11:36:56.788+0000] {dagbag.py:588} INFO - Filling up the DagBag from /home/arthur-guilherme/airflow-env/lib/python3.12/site-packages/airflow/example_dags/example_dynamic_task_mapping_with_no_taskflow_operators.py
[2025-03-12T11:36:56.798+0000] {processor.py:925} INFO - DAG(s) 'example_dynamic_task_mapping_with_no_taskflow_operators' retrieved from /home/arthur-guilherme/airflow-env/lib/python3.12/site-packages/airflow/example_dags/example_dynamic_task_mapping_with_no_taskflow_operators.py
[2025-03-12T11:36:56.983+0000] {logging_mixin.py:190} INFO - [2025-03-12T11:36:56.982+0000] {override.py:1930} INFO - Created Permission View: can edit on DAG:example_dynamic_task_mapping_with_no_taskflow_operators
[2025-03-12T11:36:57.029+0000] {logging_mixin.py:190} INFO - [2025-03-12T11:36:57.026+0000] {override.py:1930} INFO - Created Permission View: can delete on DAG:example_dynamic_task_mapping_with_no_taskflow_operators
[2025-03-12T11:36:57.049+0000] {logging_mixin.py:190} INFO - [2025-03-12T11:36:57.049+0000] {override.py:1930} INFO - Created Permission View: can read on DAG:example_dynamic_task_mapping_with_no_taskflow_operators
[2025-03-12T11:36:57.095+0000] {logging_mixin.py:190} INFO - [2025-03-12T11:36:57.095+0000] {override.py:1930} INFO - Created Permission View: menu access on DAG Run:example_dynamic_task_mapping_with_no_taskflow_operators
[2025-03-12T11:36:57.145+0000] {logging_mixin.py:190} INFO - [2025-03-12T11:36:57.144+0000] {override.py:1930} INFO - Created Permission View: can create on DAG Run:example_dynamic_task_mapping_with_no_taskflow_operators
[2025-03-12T11:36:57.168+0000] {logging_mixin.py:190} INFO - [2025-03-12T11:36:57.168+0000] {override.py:1930} INFO - Created Permission View: can delete on DAG Run:example_dynamic_task_mapping_with_no_taskflow_operators
[2025-03-12T11:36:57.201+0000] {logging_mixin.py:190} INFO - [2025-03-12T11:36:57.200+0000] {override.py:1930} INFO - Created Permission View: can read on DAG Run:example_dynamic_task_mapping_with_no_taskflow_operators
[2025-03-12T11:36:57.201+0000] {logging_mixin.py:190} INFO - [2025-03-12T11:36:57.201+0000] {dag.py:3239} INFO - Sync 1 DAGs
[2025-03-12T11:36:57.218+0000] {logging_mixin.py:190} INFO - [2025-03-12T11:36:57.218+0000] {dag.py:3262} INFO - Creating ORM DAG for example_dynamic_task_mapping_with_no_taskflow_operators
[2025-03-12T11:36:57.220+0000] {logging_mixin.py:190} INFO - [2025-03-12T11:36:57.220+0000] {dag.py:4180} INFO - Setting next_dagrun for example_dynamic_task_mapping_with_no_taskflow_operators to None, run_after=None
[2025-03-12T11:36:57.242+0000] {processor.py:208} INFO - Processing /home/arthur-guilherme/airflow-env/lib/python3.12/site-packages/airflow/example_dags/example_dynamic_task_mapping_with_no_taskflow_operators.py took 0.465 seconds
[2025-03-12T11:38:06.919+0000] {processor.py:186} INFO - Started process (PID=25183) to work on /home/arthur-guilherme/airflow-env/lib/python3.12/site-packages/airflow/example_dags/example_dynamic_task_mapping_with_no_taskflow_operators.py
[2025-03-12T11:38:06.922+0000] {processor.py:914} INFO - Processing file /home/arthur-guilherme/airflow-env/lib/python3.12/site-packages/airflow/example_dags/example_dynamic_task_mapping_with_no_taskflow_operators.py for tasks to queue
[2025-03-12T11:38:06.924+0000] {logging_mixin.py:190} INFO - [2025-03-12T11:38:06.924+0000] {dagbag.py:588} INFO - Filling up the DagBag from /home/arthur-guilherme/airflow-env/lib/python3.12/site-packages/airflow/example_dags/example_dynamic_task_mapping_with_no_taskflow_operators.py
[2025-03-12T11:38:06.932+0000] {processor.py:925} INFO - DAG(s) 'example_dynamic_task_mapping_with_no_taskflow_operators' retrieved from /home/arthur-guilherme/airflow-env/lib/python3.12/site-packages/airflow/example_dags/example_dynamic_task_mapping_with_no_taskflow_operators.py
[2025-03-12T11:38:06.944+0000] {logging_mixin.py:190} INFO - [2025-03-12T11:38:06.944+0000] {dag.py:3239} INFO - Sync 1 DAGs
[2025-03-12T11:38:06.955+0000] {logging_mixin.py:190} INFO - [2025-03-12T11:38:06.955+0000] {dag.py:4180} INFO - Setting next_dagrun for example_dynamic_task_mapping_with_no_taskflow_operators to None, run_after=None
[2025-03-12T11:38:06.974+0000] {processor.py:208} INFO - Processing /home/arthur-guilherme/airflow-env/lib/python3.12/site-packages/airflow/example_dags/example_dynamic_task_mapping_with_no_taskflow_operators.py took 0.060 seconds
[2025-03-12T11:39:03.391+0000] {processor.py:186} INFO - Started process (PID=25243) to work on /home/arthur-guilherme/airflow-env/lib/python3.12/site-packages/airflow/example_dags/example_dynamic_task_mapping_with_no_taskflow_operators.py
[2025-03-12T11:39:03.393+0000] {processor.py:914} INFO - Processing file /home/arthur-guilherme/airflow-env/lib/python3.12/site-packages/airflow/example_dags/example_dynamic_task_mapping_with_no_taskflow_operators.py for tasks to queue
[2025-03-12T11:39:03.394+0000] {logging_mixin.py:190} INFO - [2025-03-12T11:39:03.394+0000] {dagbag.py:588} INFO - Filling up the DagBag from /home/arthur-guilherme/airflow-env/lib/python3.12/site-packages/airflow/example_dags/example_dynamic_task_mapping_with_no_taskflow_operators.py
[2025-03-12T11:39:03.409+0000] {processor.py:925} INFO - DAG(s) 'example_dynamic_task_mapping_with_no_taskflow_operators' retrieved from /home/arthur-guilherme/airflow-env/lib/python3.12/site-packages/airflow/example_dags/example_dynamic_task_mapping_with_no_taskflow_operators.py
[2025-03-12T11:39:03.425+0000] {logging_mixin.py:190} INFO - [2025-03-12T11:39:03.425+0000] {dag.py:3239} INFO - Sync 1 DAGs
[2025-03-12T11:39:03.435+0000] {logging_mixin.py:190} INFO - [2025-03-12T11:39:03.435+0000] {dag.py:4180} INFO - Setting next_dagrun for example_dynamic_task_mapping_with_no_taskflow_operators to None, run_after=None
[2025-03-12T11:39:03.474+0000] {processor.py:208} INFO - Processing /home/arthur-guilherme/airflow-env/lib/python3.12/site-packages/airflow/example_dags/example_dynamic_task_mapping_with_no_taskflow_operators.py took 0.090 seconds
