[2025-03-12T11:37:06.664+0000] {processor.py:186} INFO - Started process (PID=25115) to work on /home/arthur-guilherme/airflow-env/lib/python3.12/site-packages/airflow/example_dags/example_display_name.py
[2025-03-12T11:37:06.670+0000] {processor.py:914} INFO - Processing file /home/arthur-guilherme/airflow-env/lib/python3.12/site-packages/airflow/example_dags/example_display_name.py for tasks to queue
[2025-03-12T11:37:06.676+0000] {logging_mixin.py:190} INFO - [2025-03-12T11:37:06.675+0000] {dagbag.py:588} INFO - Filling up the DagBag from /home/arthur-guilherme/airflow-env/lib/python3.12/site-packages/airflow/example_dags/example_display_name.py
[2025-03-12T11:37:06.683+0000] {processor.py:925} INFO - DAG(s) 'example_display_name' retrieved from /home/arthur-guilherme/airflow-env/lib/python3.12/site-packages/airflow/example_dags/example_display_name.py
[2025-03-12T11:37:06.890+0000] {logging_mixin.py:190} INFO - [2025-03-12T11:37:06.890+0000] {override.py:1930} INFO - Created Permission View: can edit on DAG:example_display_name
[2025-03-12T11:37:06.912+0000] {logging_mixin.py:190} INFO - [2025-03-12T11:37:06.911+0000] {override.py:1930} INFO - Created Permission View: can delete on DAG:example_display_name
[2025-03-12T11:37:06.922+0000] {logging_mixin.py:190} INFO - [2025-03-12T11:37:06.922+0000] {override.py:1930} INFO - Created Permission View: can read on DAG:example_display_name
[2025-03-12T11:37:06.968+0000] {logging_mixin.py:190} INFO - [2025-03-12T11:37:06.967+0000] {override.py:1930} INFO - Created Permission View: menu access on DAG Run:example_display_name
[2025-03-12T11:37:06.977+0000] {logging_mixin.py:190} INFO - [2025-03-12T11:37:06.976+0000] {override.py:1930} INFO - Created Permission View: can create on DAG Run:example_display_name
[2025-03-12T11:37:06.986+0000] {logging_mixin.py:190} INFO - [2025-03-12T11:37:06.986+0000] {override.py:1930} INFO - Created Permission View: can delete on DAG Run:example_display_name
[2025-03-12T11:37:06.995+0000] {logging_mixin.py:190} INFO - [2025-03-12T11:37:06.995+0000] {override.py:1930} INFO - Created Permission View: can read on DAG Run:example_display_name
[2025-03-12T11:37:06.995+0000] {logging_mixin.py:190} INFO - [2025-03-12T11:37:06.995+0000] {dag.py:3239} INFO - Sync 1 DAGs
[2025-03-12T11:37:07.005+0000] {logging_mixin.py:190} INFO - [2025-03-12T11:37:07.004+0000] {dag.py:3262} INFO - Creating ORM DAG for example_display_name
[2025-03-12T11:37:07.005+0000] {logging_mixin.py:190} INFO - [2025-03-12T11:37:07.005+0000] {dag.py:4180} INFO - Setting next_dagrun for example_display_name to None, run_after=None
[2025-03-12T11:37:07.024+0000] {processor.py:208} INFO - Processing /home/arthur-guilherme/airflow-env/lib/python3.12/site-packages/airflow/example_dags/example_display_name.py took 0.385 seconds
[2025-03-12T11:38:12.563+0000] {processor.py:186} INFO - Started process (PID=25188) to work on /home/arthur-guilherme/airflow-env/lib/python3.12/site-packages/airflow/example_dags/example_display_name.py
[2025-03-12T11:38:12.565+0000] {processor.py:914} INFO - Processing file /home/arthur-guilherme/airflow-env/lib/python3.12/site-packages/airflow/example_dags/example_display_name.py for tasks to queue
[2025-03-12T11:38:12.567+0000] {logging_mixin.py:190} INFO - [2025-03-12T11:38:12.566+0000] {dagbag.py:588} INFO - Filling up the DagBag from /home/arthur-guilherme/airflow-env/lib/python3.12/site-packages/airflow/example_dags/example_display_name.py
[2025-03-12T11:38:12.573+0000] {processor.py:925} INFO - DAG(s) 'example_display_name' retrieved from /home/arthur-guilherme/airflow-env/lib/python3.12/site-packages/airflow/example_dags/example_display_name.py
[2025-03-12T11:38:12.584+0000] {logging_mixin.py:190} INFO - [2025-03-12T11:38:12.584+0000] {dag.py:3239} INFO - Sync 1 DAGs
[2025-03-12T11:38:12.592+0000] {logging_mixin.py:190} INFO - [2025-03-12T11:38:12.592+0000] {dag.py:4180} INFO - Setting next_dagrun for example_display_name to None, run_after=None
[2025-03-12T11:38:12.613+0000] {processor.py:208} INFO - Processing /home/arthur-guilherme/airflow-env/lib/python3.12/site-packages/airflow/example_dags/example_display_name.py took 0.053 seconds
