[2025-03-12T11:36:12.156+0000] {processor.py:186} INFO - Started process (PID=25023) to work on /home/arthur-guilherme/airflow-env/lib/python3.12/site-packages/airflow/example_dags/example_task_group.py
[2025-03-12T11:36:12.157+0000] {processor.py:914} INFO - Processing file /home/arthur-guilherme/airflow-env/lib/python3.12/site-packages/airflow/example_dags/example_task_group.py for tasks to queue
[2025-03-12T11:36:12.158+0000] {logging_mixin.py:190} INFO - [2025-03-12T11:36:12.158+0000] {dagbag.py:588} INFO - Filling up the DagBag from /home/arthur-guilherme/airflow-env/lib/python3.12/site-packages/airflow/example_dags/example_task_group.py
[2025-03-12T11:36:12.165+0000] {processor.py:925} INFO - DAG(s) 'example_task_group' retrieved from /home/arthur-guilherme/airflow-env/lib/python3.12/site-packages/airflow/example_dags/example_task_group.py
[2025-03-12T11:36:12.284+0000] {logging_mixin.py:190} INFO - [2025-03-12T11:36:12.283+0000] {override.py:1930} INFO - Created Permission View: can edit on DAG:example_task_group
[2025-03-12T11:36:12.294+0000] {logging_mixin.py:190} INFO - [2025-03-12T11:36:12.293+0000] {override.py:1930} INFO - Created Permission View: can delete on DAG:example_task_group
[2025-03-12T11:36:12.303+0000] {logging_mixin.py:190} INFO - [2025-03-12T11:36:12.302+0000] {override.py:1930} INFO - Created Permission View: can read on DAG:example_task_group
[2025-03-12T11:36:12.317+0000] {logging_mixin.py:190} INFO - [2025-03-12T11:36:12.317+0000] {override.py:1930} INFO - Created Permission View: menu access on DAG Run:example_task_group
[2025-03-12T11:36:12.325+0000] {logging_mixin.py:190} INFO - [2025-03-12T11:36:12.325+0000] {override.py:1930} INFO - Created Permission View: can create on DAG Run:example_task_group
[2025-03-12T11:36:12.333+0000] {logging_mixin.py:190} INFO - [2025-03-12T11:36:12.333+0000] {override.py:1930} INFO - Created Permission View: can delete on DAG Run:example_task_group
[2025-03-12T11:36:12.341+0000] {logging_mixin.py:190} INFO - [2025-03-12T11:36:12.340+0000] {override.py:1930} INFO - Created Permission View: can read on DAG Run:example_task_group
[2025-03-12T11:36:12.341+0000] {logging_mixin.py:190} INFO - [2025-03-12T11:36:12.341+0000] {dag.py:3239} INFO - Sync 1 DAGs
[2025-03-12T11:36:12.350+0000] {logging_mixin.py:190} INFO - [2025-03-12T11:36:12.349+0000] {dag.py:3262} INFO - Creating ORM DAG for example_task_group
[2025-03-12T11:36:12.350+0000] {logging_mixin.py:190} INFO - [2025-03-12T11:36:12.350+0000] {dag.py:4180} INFO - Setting next_dagrun for example_task_group to None, run_after=None
[2025-03-12T11:36:12.367+0000] {processor.py:208} INFO - Processing /home/arthur-guilherme/airflow-env/lib/python3.12/site-packages/airflow/example_dags/example_task_group.py took 0.214 seconds
[2025-03-12T11:37:17.258+0000] {processor.py:186} INFO - Started process (PID=25126) to work on /home/arthur-guilherme/airflow-env/lib/python3.12/site-packages/airflow/example_dags/example_task_group.py
[2025-03-12T11:37:17.269+0000] {processor.py:914} INFO - Processing file /home/arthur-guilherme/airflow-env/lib/python3.12/site-packages/airflow/example_dags/example_task_group.py for tasks to queue
[2025-03-12T11:37:17.270+0000] {logging_mixin.py:190} INFO - [2025-03-12T11:37:17.270+0000] {dagbag.py:588} INFO - Filling up the DagBag from /home/arthur-guilherme/airflow-env/lib/python3.12/site-packages/airflow/example_dags/example_task_group.py
[2025-03-12T11:37:17.277+0000] {processor.py:925} INFO - DAG(s) 'example_task_group' retrieved from /home/arthur-guilherme/airflow-env/lib/python3.12/site-packages/airflow/example_dags/example_task_group.py
[2025-03-12T11:37:17.290+0000] {logging_mixin.py:190} INFO - [2025-03-12T11:37:17.290+0000] {dag.py:3239} INFO - Sync 1 DAGs
[2025-03-12T11:37:17.298+0000] {logging_mixin.py:190} INFO - [2025-03-12T11:37:17.298+0000] {dag.py:4180} INFO - Setting next_dagrun for example_task_group to None, run_after=None
[2025-03-12T11:37:17.322+0000] {processor.py:208} INFO - Processing /home/arthur-guilherme/airflow-env/lib/python3.12/site-packages/airflow/example_dags/example_task_group.py took 0.068 seconds
[2025-03-12T11:37:54.725+0000] {processor.py:186} INFO - Started process (PID=25169) to work on /home/arthur-guilherme/airflow-env/lib/python3.12/site-packages/airflow/example_dags/example_task_group.py
[2025-03-12T11:37:54.727+0000] {processor.py:914} INFO - Processing file /home/arthur-guilherme/airflow-env/lib/python3.12/site-packages/airflow/example_dags/example_task_group.py for tasks to queue
[2025-03-12T11:37:54.728+0000] {logging_mixin.py:190} INFO - [2025-03-12T11:37:54.728+0000] {dagbag.py:588} INFO - Filling up the DagBag from /home/arthur-guilherme/airflow-env/lib/python3.12/site-packages/airflow/example_dags/example_task_group.py
[2025-03-12T11:37:54.739+0000] {processor.py:925} INFO - DAG(s) 'example_task_group' retrieved from /home/arthur-guilherme/airflow-env/lib/python3.12/site-packages/airflow/example_dags/example_task_group.py
[2025-03-12T11:37:54.778+0000] {logging_mixin.py:190} INFO - [2025-03-12T11:37:54.778+0000] {dag.py:3239} INFO - Sync 1 DAGs
[2025-03-12T11:37:54.793+0000] {logging_mixin.py:190} INFO - [2025-03-12T11:37:54.793+0000] {dag.py:4180} INFO - Setting next_dagrun for example_task_group to None, run_after=None
[2025-03-12T11:37:54.821+0000] {processor.py:208} INFO - Processing /home/arthur-guilherme/airflow-env/lib/python3.12/site-packages/airflow/example_dags/example_task_group.py took 0.101 seconds
[2025-03-12T11:38:49.876+0000] {processor.py:186} INFO - Started process (PID=25226) to work on /home/arthur-guilherme/airflow-env/lib/python3.12/site-packages/airflow/example_dags/example_task_group.py
[2025-03-12T11:38:49.877+0000] {processor.py:914} INFO - Processing file /home/arthur-guilherme/airflow-env/lib/python3.12/site-packages/airflow/example_dags/example_task_group.py for tasks to queue
[2025-03-12T11:38:49.879+0000] {logging_mixin.py:190} INFO - [2025-03-12T11:38:49.878+0000] {dagbag.py:588} INFO - Filling up the DagBag from /home/arthur-guilherme/airflow-env/lib/python3.12/site-packages/airflow/example_dags/example_task_group.py
[2025-03-12T11:38:49.886+0000] {processor.py:925} INFO - DAG(s) 'example_task_group' retrieved from /home/arthur-guilherme/airflow-env/lib/python3.12/site-packages/airflow/example_dags/example_task_group.py
[2025-03-12T11:38:49.900+0000] {logging_mixin.py:190} INFO - [2025-03-12T11:38:49.900+0000] {dag.py:3239} INFO - Sync 1 DAGs
[2025-03-12T11:38:49.911+0000] {logging_mixin.py:190} INFO - [2025-03-12T11:38:49.911+0000] {dag.py:4180} INFO - Setting next_dagrun for example_task_group to None, run_after=None
[2025-03-12T11:38:49.943+0000] {processor.py:208} INFO - Processing /home/arthur-guilherme/airflow-env/lib/python3.12/site-packages/airflow/example_dags/example_task_group.py took 0.073 seconds
