[2025-03-12T11:36:13.467+0000] {processor.py:186} INFO - Started process (PID=25025) to work on /home/arthur-guilherme/airflow-env/lib/python3.12/site-packages/airflow/example_dags/example_python_operator.py
[2025-03-12T11:36:13.467+0000] {processor.py:914} INFO - Processing file /home/arthur-guilherme/airflow-env/lib/python3.12/site-packages/airflow/example_dags/example_python_operator.py for tasks to queue
[2025-03-12T11:36:13.469+0000] {logging_mixin.py:190} INFO - [2025-03-12T11:36:13.469+0000] {dagbag.py:588} INFO - Filling up the DagBag from /home/arthur-guilherme/airflow-env/lib/python3.12/site-packages/airflow/example_dags/example_python_operator.py
[2025-03-12T11:36:13.474+0000] {logging_mixin.py:190} INFO - [2025-03-12T11:36:13.474+0000] {example_python_operator.py:93} WARNING - The virtalenv_python example task requires virtualenv, please install it.
[2025-03-12T11:36:13.476+0000] {processor.py:925} INFO - DAG(s) 'example_python_operator' retrieved from /home/arthur-guilherme/airflow-env/lib/python3.12/site-packages/airflow/example_dags/example_python_operator.py
[2025-03-12T11:36:13.563+0000] {logging_mixin.py:190} INFO - [2025-03-12T11:36:13.562+0000] {override.py:1930} INFO - Created Permission View: can edit on DAG:example_python_operator
[2025-03-12T11:36:13.572+0000] {logging_mixin.py:190} INFO - [2025-03-12T11:36:13.572+0000] {override.py:1930} INFO - Created Permission View: can delete on DAG:example_python_operator
[2025-03-12T11:36:13.581+0000] {logging_mixin.py:190} INFO - [2025-03-12T11:36:13.580+0000] {override.py:1930} INFO - Created Permission View: can read on DAG:example_python_operator
[2025-03-12T11:36:13.594+0000] {logging_mixin.py:190} INFO - [2025-03-12T11:36:13.594+0000] {override.py:1930} INFO - Created Permission View: menu access on DAG Run:example_python_operator
[2025-03-12T11:36:13.602+0000] {logging_mixin.py:190} INFO - [2025-03-12T11:36:13.602+0000] {override.py:1930} INFO - Created Permission View: can create on DAG Run:example_python_operator
[2025-03-12T11:36:13.610+0000] {logging_mixin.py:190} INFO - [2025-03-12T11:36:13.609+0000] {override.py:1930} INFO - Created Permission View: can delete on DAG Run:example_python_operator
[2025-03-12T11:36:13.618+0000] {logging_mixin.py:190} INFO - [2025-03-12T11:36:13.618+0000] {override.py:1930} INFO - Created Permission View: can read on DAG Run:example_python_operator
[2025-03-12T11:36:13.618+0000] {logging_mixin.py:190} INFO - [2025-03-12T11:36:13.618+0000] {dag.py:3239} INFO - Sync 1 DAGs
[2025-03-12T11:36:13.628+0000] {logging_mixin.py:190} INFO - [2025-03-12T11:36:13.628+0000] {dag.py:3262} INFO - Creating ORM DAG for example_python_operator
[2025-03-12T11:36:13.628+0000] {logging_mixin.py:190} INFO - [2025-03-12T11:36:13.628+0000] {dag.py:4180} INFO - Setting next_dagrun for example_python_operator to None, run_after=None
[2025-03-12T11:36:13.645+0000] {processor.py:208} INFO - Processing /home/arthur-guilherme/airflow-env/lib/python3.12/site-packages/airflow/example_dags/example_python_operator.py took 0.183 seconds
[2025-03-12T11:37:19.729+0000] {processor.py:186} INFO - Started process (PID=25129) to work on /home/arthur-guilherme/airflow-env/lib/python3.12/site-packages/airflow/example_dags/example_python_operator.py
[2025-03-12T11:37:19.740+0000] {processor.py:914} INFO - Processing file /home/arthur-guilherme/airflow-env/lib/python3.12/site-packages/airflow/example_dags/example_python_operator.py for tasks to queue
[2025-03-12T11:37:19.757+0000] {logging_mixin.py:190} INFO - [2025-03-12T11:37:19.756+0000] {dagbag.py:588} INFO - Filling up the DagBag from /home/arthur-guilherme/airflow-env/lib/python3.12/site-packages/airflow/example_dags/example_python_operator.py
[2025-03-12T11:37:19.781+0000] {logging_mixin.py:190} INFO - [2025-03-12T11:37:19.780+0000] {example_python_operator.py:93} WARNING - The virtalenv_python example task requires virtualenv, please install it.
[2025-03-12T11:37:19.783+0000] {processor.py:925} INFO - DAG(s) 'example_python_operator' retrieved from /home/arthur-guilherme/airflow-env/lib/python3.12/site-packages/airflow/example_dags/example_python_operator.py
[2025-03-12T11:37:19.837+0000] {logging_mixin.py:190} INFO - [2025-03-12T11:37:19.836+0000] {dag.py:3239} INFO - Sync 1 DAGs
[2025-03-12T11:37:19.855+0000] {logging_mixin.py:190} INFO - [2025-03-12T11:37:19.855+0000] {dag.py:4180} INFO - Setting next_dagrun for example_python_operator to None, run_after=None
[2025-03-12T11:37:19.919+0000] {processor.py:208} INFO - Processing /home/arthur-guilherme/airflow-env/lib/python3.12/site-packages/airflow/example_dags/example_python_operator.py took 0.195 seconds
[2025-03-12T11:38:17.063+0000] {processor.py:186} INFO - Started process (PID=25193) to work on /home/arthur-guilherme/airflow-env/lib/python3.12/site-packages/airflow/example_dags/example_python_operator.py
[2025-03-12T11:38:17.064+0000] {processor.py:914} INFO - Processing file /home/arthur-guilherme/airflow-env/lib/python3.12/site-packages/airflow/example_dags/example_python_operator.py for tasks to queue
[2025-03-12T11:38:17.066+0000] {logging_mixin.py:190} INFO - [2025-03-12T11:38:17.065+0000] {dagbag.py:588} INFO - Filling up the DagBag from /home/arthur-guilherme/airflow-env/lib/python3.12/site-packages/airflow/example_dags/example_python_operator.py
[2025-03-12T11:38:17.073+0000] {logging_mixin.py:190} INFO - [2025-03-12T11:38:17.073+0000] {example_python_operator.py:93} WARNING - The virtalenv_python example task requires virtualenv, please install it.
[2025-03-12T11:38:17.075+0000] {processor.py:925} INFO - DAG(s) 'example_python_operator' retrieved from /home/arthur-guilherme/airflow-env/lib/python3.12/site-packages/airflow/example_dags/example_python_operator.py
[2025-03-12T11:38:17.089+0000] {logging_mixin.py:190} INFO - [2025-03-12T11:38:17.089+0000] {dag.py:3239} INFO - Sync 1 DAGs
[2025-03-12T11:38:17.101+0000] {logging_mixin.py:190} INFO - [2025-03-12T11:38:17.101+0000] {dag.py:4180} INFO - Setting next_dagrun for example_python_operator to None, run_after=None
[2025-03-12T11:38:17.135+0000] {processor.py:208} INFO - Processing /home/arthur-guilherme/airflow-env/lib/python3.12/site-packages/airflow/example_dags/example_python_operator.py took 0.078 seconds
