[2025-03-12T11:36:29.204+0000] {processor.py:186} INFO - Started process (PID=25070) to work on /home/arthur-guilherme/airflow-env/lib/python3.12/site-packages/airflow/example_dags/example_sla_dag.py
[2025-03-12T11:36:29.204+0000] {processor.py:914} INFO - Processing file /home/arthur-guilherme/airflow-env/lib/python3.12/site-packages/airflow/example_dags/example_sla_dag.py for tasks to queue
[2025-03-12T11:36:29.208+0000] {logging_mixin.py:190} INFO - [2025-03-12T11:36:29.208+0000] {dagbag.py:588} INFO - Filling up the DagBag from /home/arthur-guilherme/airflow-env/lib/python3.12/site-packages/airflow/example_dags/example_sla_dag.py
[2025-03-12T11:36:29.216+0000] {processor.py:925} INFO - DAG(s) 'example_sla_dag' retrieved from /home/arthur-guilherme/airflow-env/lib/python3.12/site-packages/airflow/example_dags/example_sla_dag.py
[2025-03-12T11:36:29.303+0000] {logging_mixin.py:190} INFO - [2025-03-12T11:36:29.302+0000] {override.py:1930} INFO - Created Permission View: can edit on DAG:example_sla_dag
[2025-03-12T11:36:29.315+0000] {logging_mixin.py:190} INFO - [2025-03-12T11:36:29.315+0000] {override.py:1930} INFO - Created Permission View: can delete on DAG:example_sla_dag
[2025-03-12T11:36:29.324+0000] {logging_mixin.py:190} INFO - [2025-03-12T11:36:29.324+0000] {override.py:1930} INFO - Created Permission View: can read on DAG:example_sla_dag
[2025-03-12T11:36:29.338+0000] {logging_mixin.py:190} INFO - [2025-03-12T11:36:29.337+0000] {override.py:1930} INFO - Created Permission View: menu access on DAG Run:example_sla_dag
[2025-03-12T11:36:29.346+0000] {logging_mixin.py:190} INFO - [2025-03-12T11:36:29.346+0000] {override.py:1930} INFO - Created Permission View: can create on DAG Run:example_sla_dag
[2025-03-12T11:36:29.354+0000] {logging_mixin.py:190} INFO - [2025-03-12T11:36:29.354+0000] {override.py:1930} INFO - Created Permission View: can delete on DAG Run:example_sla_dag
[2025-03-12T11:36:29.362+0000] {logging_mixin.py:190} INFO - [2025-03-12T11:36:29.362+0000] {override.py:1930} INFO - Created Permission View: can read on DAG Run:example_sla_dag
[2025-03-12T11:36:29.362+0000] {logging_mixin.py:190} INFO - [2025-03-12T11:36:29.362+0000] {dag.py:3239} INFO - Sync 1 DAGs
[2025-03-12T11:36:29.371+0000] {logging_mixin.py:190} INFO - [2025-03-12T11:36:29.371+0000] {dag.py:3262} INFO - Creating ORM DAG for example_sla_dag
[2025-03-12T11:36:29.379+0000] {logging_mixin.py:190} INFO - [2025-03-12T11:36:29.379+0000] {dag.py:4180} INFO - Setting next_dagrun for example_sla_dag to 2025-03-12 11:34:00+00:00, run_after=2025-03-12 11:36:00+00:00
[2025-03-12T11:36:29.394+0000] {processor.py:208} INFO - Processing /home/arthur-guilherme/airflow-env/lib/python3.12/site-packages/airflow/example_dags/example_sla_dag.py took 0.195 seconds
[2025-03-12T11:37:36.165+0000] {processor.py:186} INFO - Started process (PID=25145) to work on /home/arthur-guilherme/airflow-env/lib/python3.12/site-packages/airflow/example_dags/example_sla_dag.py
[2025-03-12T11:37:36.177+0000] {processor.py:914} INFO - Processing file /home/arthur-guilherme/airflow-env/lib/python3.12/site-packages/airflow/example_dags/example_sla_dag.py for tasks to queue
[2025-03-12T11:37:36.179+0000] {logging_mixin.py:190} INFO - [2025-03-12T11:37:36.178+0000] {dagbag.py:588} INFO - Filling up the DagBag from /home/arthur-guilherme/airflow-env/lib/python3.12/site-packages/airflow/example_dags/example_sla_dag.py
[2025-03-12T11:37:36.187+0000] {processor.py:925} INFO - DAG(s) 'example_sla_dag' retrieved from /home/arthur-guilherme/airflow-env/lib/python3.12/site-packages/airflow/example_dags/example_sla_dag.py
[2025-03-12T11:37:36.200+0000] {logging_mixin.py:190} INFO - [2025-03-12T11:37:36.199+0000] {dag.py:3239} INFO - Sync 1 DAGs
[2025-03-12T11:37:36.215+0000] {logging_mixin.py:190} INFO - [2025-03-12T11:37:36.215+0000] {dag.py:4180} INFO - Setting next_dagrun for example_sla_dag to 2025-03-12 11:34:00+00:00, run_after=2025-03-12 11:36:00+00:00
[2025-03-12T11:37:36.232+0000] {processor.py:208} INFO - Processing /home/arthur-guilherme/airflow-env/lib/python3.12/site-packages/airflow/example_dags/example_sla_dag.py took 0.072 seconds
[2025-03-12T11:38:31.959+0000] {processor.py:186} INFO - Started process (PID=25208) to work on /home/arthur-guilherme/airflow-env/lib/python3.12/site-packages/airflow/example_dags/example_sla_dag.py
[2025-03-12T11:38:31.961+0000] {processor.py:914} INFO - Processing file /home/arthur-guilherme/airflow-env/lib/python3.12/site-packages/airflow/example_dags/example_sla_dag.py for tasks to queue
[2025-03-12T11:38:31.962+0000] {logging_mixin.py:190} INFO - [2025-03-12T11:38:31.962+0000] {dagbag.py:588} INFO - Filling up the DagBag from /home/arthur-guilherme/airflow-env/lib/python3.12/site-packages/airflow/example_dags/example_sla_dag.py
[2025-03-12T11:38:31.971+0000] {processor.py:925} INFO - DAG(s) 'example_sla_dag' retrieved from /home/arthur-guilherme/airflow-env/lib/python3.12/site-packages/airflow/example_dags/example_sla_dag.py
[2025-03-12T11:38:31.983+0000] {logging_mixin.py:190} INFO - [2025-03-12T11:38:31.983+0000] {dag.py:3239} INFO - Sync 1 DAGs
[2025-03-12T11:38:31.999+0000] {logging_mixin.py:190} INFO - [2025-03-12T11:38:31.999+0000] {dag.py:4180} INFO - Setting next_dagrun for example_sla_dag to 2025-03-12 11:36:00+00:00, run_after=2025-03-12 11:38:00+00:00
[2025-03-12T11:38:32.020+0000] {processor.py:208} INFO - Processing /home/arthur-guilherme/airflow-env/lib/python3.12/site-packages/airflow/example_dags/example_sla_dag.py took 0.066 seconds
