[2025-03-12T11:36:47.787+0000] {processor.py:186} INFO - Started process (PID=25087) to work on /home/arthur-guilherme/airflow-env/lib/python3.12/site-packages/airflow/example_dags/example_dataset_alias_with_no_taskflow.py
[2025-03-12T11:36:47.788+0000] {processor.py:914} INFO - Processing file /home/arthur-guilherme/airflow-env/lib/python3.12/site-packages/airflow/example_dags/example_dataset_alias_with_no_taskflow.py for tasks to queue
[2025-03-12T11:36:47.790+0000] {logging_mixin.py:190} INFO - [2025-03-12T11:36:47.790+0000] {dagbag.py:588} INFO - Filling up the DagBag from /home/arthur-guilherme/airflow-env/lib/python3.12/site-packages/airflow/example_dags/example_dataset_alias_with_no_taskflow.py
[2025-03-12T11:36:47.809+0000] {processor.py:925} INFO - DAG(s) 'dataset_alias_example_alias_consumer_with_no_taskflow', 'dataset_s3_bucket_producer_with_no_taskflow', 'dataset_alias_example_alias_producer_with_no_taskflow', 'dataset_s3_bucket_consumer_with_no_taskflow' retrieved from /home/arthur-guilherme/airflow-env/lib/python3.12/site-packages/airflow/example_dags/example_dataset_alias_with_no_taskflow.py
[2025-03-12T11:36:47.912+0000] {logging_mixin.py:190} INFO - [2025-03-12T11:36:47.911+0000] {override.py:1930} INFO - Created Permission View: can edit on DAG:dataset_alias_example_alias_consumer_with_no_taskflow
[2025-03-12T11:36:47.924+0000] {logging_mixin.py:190} INFO - [2025-03-12T11:36:47.924+0000] {override.py:1930} INFO - Created Permission View: can delete on DAG:dataset_alias_example_alias_consumer_with_no_taskflow
[2025-03-12T11:36:47.936+0000] {logging_mixin.py:190} INFO - [2025-03-12T11:36:47.935+0000] {override.py:1930} INFO - Created Permission View: can read on DAG:dataset_alias_example_alias_consumer_with_no_taskflow
[2025-03-12T11:36:47.954+0000] {logging_mixin.py:190} INFO - [2025-03-12T11:36:47.953+0000] {override.py:1930} INFO - Created Permission View: menu access on DAG Run:dataset_alias_example_alias_consumer_with_no_taskflow
[2025-03-12T11:36:47.964+0000] {logging_mixin.py:190} INFO - [2025-03-12T11:36:47.963+0000] {override.py:1930} INFO - Created Permission View: can create on DAG Run:dataset_alias_example_alias_consumer_with_no_taskflow
[2025-03-12T11:36:47.974+0000] {logging_mixin.py:190} INFO - [2025-03-12T11:36:47.974+0000] {override.py:1930} INFO - Created Permission View: can delete on DAG Run:dataset_alias_example_alias_consumer_with_no_taskflow
[2025-03-12T11:36:47.984+0000] {logging_mixin.py:190} INFO - [2025-03-12T11:36:47.984+0000] {override.py:1930} INFO - Created Permission View: can read on DAG Run:dataset_alias_example_alias_consumer_with_no_taskflow
[2025-03-12T11:36:48.006+0000] {logging_mixin.py:190} INFO - [2025-03-12T11:36:48.005+0000] {override.py:1930} INFO - Created Permission View: can edit on DAG:dataset_s3_bucket_producer_with_no_taskflow
[2025-03-12T11:36:48.016+0000] {logging_mixin.py:190} INFO - [2025-03-12T11:36:48.016+0000] {override.py:1930} INFO - Created Permission View: can delete on DAG:dataset_s3_bucket_producer_with_no_taskflow
[2025-03-12T11:36:48.029+0000] {logging_mixin.py:190} INFO - [2025-03-12T11:36:48.028+0000] {override.py:1930} INFO - Created Permission View: can read on DAG:dataset_s3_bucket_producer_with_no_taskflow
[2025-03-12T11:36:48.046+0000] {logging_mixin.py:190} INFO - [2025-03-12T11:36:48.046+0000] {override.py:1930} INFO - Created Permission View: menu access on DAG Run:dataset_s3_bucket_producer_with_no_taskflow
[2025-03-12T11:36:48.056+0000] {logging_mixin.py:190} INFO - [2025-03-12T11:36:48.056+0000] {override.py:1930} INFO - Created Permission View: can create on DAG Run:dataset_s3_bucket_producer_with_no_taskflow
[2025-03-12T11:36:48.066+0000] {logging_mixin.py:190} INFO - [2025-03-12T11:36:48.065+0000] {override.py:1930} INFO - Created Permission View: can delete on DAG Run:dataset_s3_bucket_producer_with_no_taskflow
[2025-03-12T11:36:48.077+0000] {logging_mixin.py:190} INFO - [2025-03-12T11:36:48.077+0000] {override.py:1930} INFO - Created Permission View: can read on DAG Run:dataset_s3_bucket_producer_with_no_taskflow
[2025-03-12T11:36:48.106+0000] {logging_mixin.py:190} INFO - [2025-03-12T11:36:48.105+0000] {override.py:1930} INFO - Created Permission View: can edit on DAG:dataset_alias_example_alias_producer_with_no_taskflow
[2025-03-12T11:36:48.116+0000] {logging_mixin.py:190} INFO - [2025-03-12T11:36:48.115+0000] {override.py:1930} INFO - Created Permission View: can delete on DAG:dataset_alias_example_alias_producer_with_no_taskflow
[2025-03-12T11:36:48.128+0000] {logging_mixin.py:190} INFO - [2025-03-12T11:36:48.128+0000] {override.py:1930} INFO - Created Permission View: can read on DAG:dataset_alias_example_alias_producer_with_no_taskflow
[2025-03-12T11:36:48.148+0000] {logging_mixin.py:190} INFO - [2025-03-12T11:36:48.148+0000] {override.py:1930} INFO - Created Permission View: menu access on DAG Run:dataset_alias_example_alias_producer_with_no_taskflow
[2025-03-12T11:36:48.159+0000] {logging_mixin.py:190} INFO - [2025-03-12T11:36:48.159+0000] {override.py:1930} INFO - Created Permission View: can create on DAG Run:dataset_alias_example_alias_producer_with_no_taskflow
[2025-03-12T11:36:48.170+0000] {logging_mixin.py:190} INFO - [2025-03-12T11:36:48.169+0000] {override.py:1930} INFO - Created Permission View: can delete on DAG Run:dataset_alias_example_alias_producer_with_no_taskflow
[2025-03-12T11:36:48.181+0000] {logging_mixin.py:190} INFO - [2025-03-12T11:36:48.180+0000] {override.py:1930} INFO - Created Permission View: can read on DAG Run:dataset_alias_example_alias_producer_with_no_taskflow
[2025-03-12T11:36:48.206+0000] {logging_mixin.py:190} INFO - [2025-03-12T11:36:48.206+0000] {override.py:1930} INFO - Created Permission View: can edit on DAG:dataset_s3_bucket_consumer_with_no_taskflow
[2025-03-12T11:36:48.216+0000] {logging_mixin.py:190} INFO - [2025-03-12T11:36:48.216+0000] {override.py:1930} INFO - Created Permission View: can delete on DAG:dataset_s3_bucket_consumer_with_no_taskflow
[2025-03-12T11:36:48.225+0000] {logging_mixin.py:190} INFO - [2025-03-12T11:36:48.224+0000] {override.py:1930} INFO - Created Permission View: can read on DAG:dataset_s3_bucket_consumer_with_no_taskflow
[2025-03-12T11:36:48.241+0000] {logging_mixin.py:190} INFO - [2025-03-12T11:36:48.240+0000] {override.py:1930} INFO - Created Permission View: menu access on DAG Run:dataset_s3_bucket_consumer_with_no_taskflow
[2025-03-12T11:36:48.249+0000] {logging_mixin.py:190} INFO - [2025-03-12T11:36:48.249+0000] {override.py:1930} INFO - Created Permission View: can create on DAG Run:dataset_s3_bucket_consumer_with_no_taskflow
[2025-03-12T11:36:48.258+0000] {logging_mixin.py:190} INFO - [2025-03-12T11:36:48.258+0000] {override.py:1930} INFO - Created Permission View: can delete on DAG Run:dataset_s3_bucket_consumer_with_no_taskflow
[2025-03-12T11:36:48.270+0000] {logging_mixin.py:190} INFO - [2025-03-12T11:36:48.269+0000] {override.py:1930} INFO - Created Permission View: can read on DAG Run:dataset_s3_bucket_consumer_with_no_taskflow
[2025-03-12T11:36:48.270+0000] {logging_mixin.py:190} INFO - [2025-03-12T11:36:48.270+0000] {dag.py:3239} INFO - Sync 4 DAGs
[2025-03-12T11:36:48.278+0000] {logging_mixin.py:190} INFO - [2025-03-12T11:36:48.278+0000] {dag.py:3262} INFO - Creating ORM DAG for dataset_s3_bucket_producer_with_no_taskflow
[2025-03-12T11:36:48.279+0000] {logging_mixin.py:190} INFO - [2025-03-12T11:36:48.279+0000] {dag.py:3262} INFO - Creating ORM DAG for dataset_alias_example_alias_consumer_with_no_taskflow
[2025-03-12T11:36:48.279+0000] {logging_mixin.py:190} INFO - [2025-03-12T11:36:48.279+0000] {dag.py:3262} INFO - Creating ORM DAG for dataset_alias_example_alias_producer_with_no_taskflow
[2025-03-12T11:36:48.279+0000] {logging_mixin.py:190} INFO - [2025-03-12T11:36:48.279+0000] {dag.py:3262} INFO - Creating ORM DAG for dataset_s3_bucket_consumer_with_no_taskflow
[2025-03-12T11:36:48.286+0000] {logging_mixin.py:190} INFO - [2025-03-12T11:36:48.285+0000] {dag.py:4180} INFO - Setting next_dagrun for dataset_alias_example_alias_consumer_with_no_taskflow to None, run_after=None
[2025-03-12T11:36:48.286+0000] {logging_mixin.py:190} INFO - [2025-03-12T11:36:48.286+0000] {dag.py:4180} INFO - Setting next_dagrun for dataset_alias_example_alias_producer_with_no_taskflow to None, run_after=None
[2025-03-12T11:36:48.286+0000] {logging_mixin.py:190} INFO - [2025-03-12T11:36:48.286+0000] {dag.py:4180} INFO - Setting next_dagrun for dataset_s3_bucket_consumer_with_no_taskflow to None, run_after=None
[2025-03-12T11:36:48.287+0000] {logging_mixin.py:190} INFO - [2025-03-12T11:36:48.287+0000] {dag.py:4180} INFO - Setting next_dagrun for dataset_s3_bucket_producer_with_no_taskflow to None, run_after=None
[2025-03-12T11:36:48.319+0000] {processor.py:208} INFO - Processing /home/arthur-guilherme/airflow-env/lib/python3.12/site-packages/airflow/example_dags/example_dataset_alias_with_no_taskflow.py took 0.536 seconds
[2025-03-12T11:38:01.117+0000] {processor.py:186} INFO - Started process (PID=25176) to work on /home/arthur-guilherme/airflow-env/lib/python3.12/site-packages/airflow/example_dags/example_dataset_alias_with_no_taskflow.py
[2025-03-12T11:38:01.119+0000] {processor.py:914} INFO - Processing file /home/arthur-guilherme/airflow-env/lib/python3.12/site-packages/airflow/example_dags/example_dataset_alias_with_no_taskflow.py for tasks to queue
[2025-03-12T11:38:01.120+0000] {logging_mixin.py:190} INFO - [2025-03-12T11:38:01.120+0000] {dagbag.py:588} INFO - Filling up the DagBag from /home/arthur-guilherme/airflow-env/lib/python3.12/site-packages/airflow/example_dags/example_dataset_alias_with_no_taskflow.py
[2025-03-12T11:38:01.147+0000] {processor.py:925} INFO - DAG(s) 'dataset_alias_example_alias_consumer_with_no_taskflow', 'dataset_s3_bucket_consumer_with_no_taskflow', 'dataset_s3_bucket_producer_with_no_taskflow', 'dataset_alias_example_alias_producer_with_no_taskflow' retrieved from /home/arthur-guilherme/airflow-env/lib/python3.12/site-packages/airflow/example_dags/example_dataset_alias_with_no_taskflow.py
[2025-03-12T11:38:01.163+0000] {logging_mixin.py:190} INFO - [2025-03-12T11:38:01.162+0000] {dag.py:3239} INFO - Sync 4 DAGs
[2025-03-12T11:38:01.179+0000] {logging_mixin.py:190} INFO - [2025-03-12T11:38:01.179+0000] {dag.py:4180} INFO - Setting next_dagrun for dataset_alias_example_alias_consumer_with_no_taskflow to None, run_after=None
[2025-03-12T11:38:01.180+0000] {logging_mixin.py:190} INFO - [2025-03-12T11:38:01.180+0000] {dag.py:4180} INFO - Setting next_dagrun for dataset_alias_example_alias_producer_with_no_taskflow to None, run_after=None
[2025-03-12T11:38:01.181+0000] {logging_mixin.py:190} INFO - [2025-03-12T11:38:01.181+0000] {dag.py:4180} INFO - Setting next_dagrun for dataset_s3_bucket_consumer_with_no_taskflow to None, run_after=None
[2025-03-12T11:38:01.181+0000] {logging_mixin.py:190} INFO - [2025-03-12T11:38:01.181+0000] {dag.py:4180} INFO - Setting next_dagrun for dataset_s3_bucket_producer_with_no_taskflow to None, run_after=None
[2025-03-12T11:38:01.205+0000] {processor.py:208} INFO - Processing /home/arthur-guilherme/airflow-env/lib/python3.12/site-packages/airflow/example_dags/example_dataset_alias_with_no_taskflow.py took 0.092 seconds
[2025-03-12T11:38:56.803+0000] {processor.py:186} INFO - Started process (PID=25233) to work on /home/arthur-guilherme/airflow-env/lib/python3.12/site-packages/airflow/example_dags/example_dataset_alias_with_no_taskflow.py
[2025-03-12T11:38:56.806+0000] {processor.py:914} INFO - Processing file /home/arthur-guilherme/airflow-env/lib/python3.12/site-packages/airflow/example_dags/example_dataset_alias_with_no_taskflow.py for tasks to queue
[2025-03-12T11:38:56.807+0000] {logging_mixin.py:190} INFO - [2025-03-12T11:38:56.807+0000] {dagbag.py:588} INFO - Filling up the DagBag from /home/arthur-guilherme/airflow-env/lib/python3.12/site-packages/airflow/example_dags/example_dataset_alias_with_no_taskflow.py
[2025-03-12T11:38:56.827+0000] {processor.py:925} INFO - DAG(s) 'dataset_s3_bucket_consumer_with_no_taskflow', 'dataset_alias_example_alias_consumer_with_no_taskflow', 'dataset_alias_example_alias_producer_with_no_taskflow', 'dataset_s3_bucket_producer_with_no_taskflow' retrieved from /home/arthur-guilherme/airflow-env/lib/python3.12/site-packages/airflow/example_dags/example_dataset_alias_with_no_taskflow.py
[2025-03-12T11:38:56.843+0000] {logging_mixin.py:190} INFO - [2025-03-12T11:38:56.843+0000] {dag.py:3239} INFO - Sync 4 DAGs
[2025-03-12T11:38:56.857+0000] {logging_mixin.py:190} INFO - [2025-03-12T11:38:56.857+0000] {dag.py:4180} INFO - Setting next_dagrun for dataset_alias_example_alias_consumer_with_no_taskflow to None, run_after=None
[2025-03-12T11:38:56.858+0000] {logging_mixin.py:190} INFO - [2025-03-12T11:38:56.858+0000] {dag.py:4180} INFO - Setting next_dagrun for dataset_alias_example_alias_producer_with_no_taskflow to None, run_after=None
[2025-03-12T11:38:56.859+0000] {logging_mixin.py:190} INFO - [2025-03-12T11:38:56.859+0000] {dag.py:4180} INFO - Setting next_dagrun for dataset_s3_bucket_consumer_with_no_taskflow to None, run_after=None
[2025-03-12T11:38:56.859+0000] {logging_mixin.py:190} INFO - [2025-03-12T11:38:56.859+0000] {dag.py:4180} INFO - Setting next_dagrun for dataset_s3_bucket_producer_with_no_taskflow to None, run_after=None
[2025-03-12T11:38:56.885+0000] {processor.py:208} INFO - Processing /home/arthur-guilherme/airflow-env/lib/python3.12/site-packages/airflow/example_dags/example_dataset_alias_with_no_taskflow.py took 0.086 seconds
