[2025-03-12T11:36:53.044+0000] {processor.py:186} INFO - Started process (PID=25091) to work on /home/arthur-guilherme/airflow-env/lib/python3.12/site-packages/airflow/example_dags/example_branch_python_dop_operator_3.py
[2025-03-12T11:36:53.047+0000] {processor.py:914} INFO - Processing file /home/arthur-guilherme/airflow-env/lib/python3.12/site-packages/airflow/example_dags/example_branch_python_dop_operator_3.py for tasks to queue
[2025-03-12T11:36:53.052+0000] {logging_mixin.py:190} INFO - [2025-03-12T11:36:53.050+0000] {dagbag.py:588} INFO - Filling up the DagBag from /home/arthur-guilherme/airflow-env/lib/python3.12/site-packages/airflow/example_dags/example_branch_python_dop_operator_3.py
[2025-03-12T11:36:53.067+0000] {processor.py:925} INFO - DAG(s) 'example_branch_dop_operator_v3' retrieved from /home/arthur-guilherme/airflow-env/lib/python3.12/site-packages/airflow/example_dags/example_branch_python_dop_operator_3.py
[2025-03-12T11:36:53.199+0000] {logging_mixin.py:190} INFO - [2025-03-12T11:36:53.196+0000] {override.py:1930} INFO - Created Permission View: can edit on DAG:example_branch_dop_operator_v3
[2025-03-12T11:36:53.244+0000] {logging_mixin.py:190} INFO - [2025-03-12T11:36:53.243+0000] {override.py:1930} INFO - Created Permission View: can delete on DAG:example_branch_dop_operator_v3
[2025-03-12T11:36:53.283+0000] {logging_mixin.py:190} INFO - [2025-03-12T11:36:53.283+0000] {override.py:1930} INFO - Created Permission View: can read on DAG:example_branch_dop_operator_v3
[2025-03-12T11:36:53.352+0000] {logging_mixin.py:190} INFO - [2025-03-12T11:36:53.352+0000] {override.py:1930} INFO - Created Permission View: menu access on DAG Run:example_branch_dop_operator_v3
[2025-03-12T11:36:53.383+0000] {logging_mixin.py:190} INFO - [2025-03-12T11:36:53.383+0000] {override.py:1930} INFO - Created Permission View: can create on DAG Run:example_branch_dop_operator_v3
[2025-03-12T11:36:53.398+0000] {logging_mixin.py:190} INFO - [2025-03-12T11:36:53.397+0000] {override.py:1930} INFO - Created Permission View: can delete on DAG Run:example_branch_dop_operator_v3
[2025-03-12T11:36:53.411+0000] {logging_mixin.py:190} INFO - [2025-03-12T11:36:53.411+0000] {override.py:1930} INFO - Created Permission View: can read on DAG Run:example_branch_dop_operator_v3
[2025-03-12T11:36:53.411+0000] {logging_mixin.py:190} INFO - [2025-03-12T11:36:53.411+0000] {dag.py:3239} INFO - Sync 1 DAGs
[2025-03-12T11:36:53.427+0000] {logging_mixin.py:190} INFO - [2025-03-12T11:36:53.426+0000] {dag.py:3262} INFO - Creating ORM DAG for example_branch_dop_operator_v3
[2025-03-12T11:36:53.435+0000] {logging_mixin.py:190} INFO - [2025-03-12T11:36:53.435+0000] {dag.py:4180} INFO - Setting next_dagrun for example_branch_dop_operator_v3 to 2025-03-12 11:35:00+00:00, run_after=2025-03-12 11:36:00+00:00
[2025-03-12T11:36:53.473+0000] {processor.py:208} INFO - Processing /home/arthur-guilherme/airflow-env/lib/python3.12/site-packages/airflow/example_dags/example_branch_python_dop_operator_3.py took 0.434 seconds
[2025-03-12T11:38:05.134+0000] {processor.py:186} INFO - Started process (PID=25180) to work on /home/arthur-guilherme/airflow-env/lib/python3.12/site-packages/airflow/example_dags/example_branch_python_dop_operator_3.py
[2025-03-12T11:38:05.135+0000] {processor.py:914} INFO - Processing file /home/arthur-guilherme/airflow-env/lib/python3.12/site-packages/airflow/example_dags/example_branch_python_dop_operator_3.py for tasks to queue
[2025-03-12T11:38:05.138+0000] {logging_mixin.py:190} INFO - [2025-03-12T11:38:05.137+0000] {dagbag.py:588} INFO - Filling up the DagBag from /home/arthur-guilherme/airflow-env/lib/python3.12/site-packages/airflow/example_dags/example_branch_python_dop_operator_3.py
[2025-03-12T11:38:05.150+0000] {processor.py:925} INFO - DAG(s) 'example_branch_dop_operator_v3' retrieved from /home/arthur-guilherme/airflow-env/lib/python3.12/site-packages/airflow/example_dags/example_branch_python_dop_operator_3.py
[2025-03-12T11:38:05.172+0000] {logging_mixin.py:190} INFO - [2025-03-12T11:38:05.171+0000] {dag.py:3239} INFO - Sync 1 DAGs
[2025-03-12T11:38:05.204+0000] {logging_mixin.py:190} INFO - [2025-03-12T11:38:05.204+0000] {dag.py:4180} INFO - Setting next_dagrun for example_branch_dop_operator_v3 to 2025-03-12 11:37:00+00:00, run_after=2025-03-12 11:38:00+00:00
[2025-03-12T11:38:05.249+0000] {processor.py:208} INFO - Processing /home/arthur-guilherme/airflow-env/lib/python3.12/site-packages/airflow/example_dags/example_branch_python_dop_operator_3.py took 0.123 seconds
[2025-03-12T11:39:00.803+0000] {processor.py:186} INFO - Started process (PID=25238) to work on /home/arthur-guilherme/airflow-env/lib/python3.12/site-packages/airflow/example_dags/example_branch_python_dop_operator_3.py
[2025-03-12T11:39:00.805+0000] {processor.py:914} INFO - Processing file /home/arthur-guilherme/airflow-env/lib/python3.12/site-packages/airflow/example_dags/example_branch_python_dop_operator_3.py for tasks to queue
[2025-03-12T11:39:00.806+0000] {logging_mixin.py:190} INFO - [2025-03-12T11:39:00.806+0000] {dagbag.py:588} INFO - Filling up the DagBag from /home/arthur-guilherme/airflow-env/lib/python3.12/site-packages/airflow/example_dags/example_branch_python_dop_operator_3.py
[2025-03-12T11:39:00.818+0000] {processor.py:925} INFO - DAG(s) 'example_branch_dop_operator_v3' retrieved from /home/arthur-guilherme/airflow-env/lib/python3.12/site-packages/airflow/example_dags/example_branch_python_dop_operator_3.py
[2025-03-12T11:39:00.832+0000] {logging_mixin.py:190} INFO - [2025-03-12T11:39:00.831+0000] {dag.py:3239} INFO - Sync 1 DAGs
[2025-03-12T11:39:00.848+0000] {logging_mixin.py:190} INFO - [2025-03-12T11:39:00.848+0000] {dag.py:4180} INFO - Setting next_dagrun for example_branch_dop_operator_v3 to 2025-03-12 11:38:00+00:00, run_after=2025-03-12 11:39:00+00:00
[2025-03-12T11:39:00.871+0000] {processor.py:208} INFO - Processing /home/arthur-guilherme/airflow-env/lib/python3.12/site-packages/airflow/example_dags/example_branch_python_dop_operator_3.py took 0.072 seconds
