[2025-03-12T11:36:51.694+0000] {processor.py:186} INFO - Started process (PID=25090) to work on /home/arthur-guilherme/airflow-env/lib/python3.12/site-packages/airflow/example_dags/example_bash_decorator.py
[2025-03-12T11:36:51.694+0000] {processor.py:914} INFO - Processing file /home/arthur-guilherme/airflow-env/lib/python3.12/site-packages/airflow/example_dags/example_bash_decorator.py for tasks to queue
[2025-03-12T11:36:51.696+0000] {logging_mixin.py:190} INFO - [2025-03-12T11:36:51.696+0000] {dagbag.py:588} INFO - Filling up the DagBag from /home/arthur-guilherme/airflow-env/lib/python3.12/site-packages/airflow/example_dags/example_bash_decorator.py
[2025-03-12T11:36:51.711+0000] {processor.py:925} INFO - DAG(s) 'example_bash_decorator' retrieved from /home/arthur-guilherme/airflow-env/lib/python3.12/site-packages/airflow/example_dags/example_bash_decorator.py
[2025-03-12T11:36:51.802+0000] {logging_mixin.py:190} INFO - [2025-03-12T11:36:51.802+0000] {override.py:1930} INFO - Created Permission View: can edit on DAG:example_bash_decorator
[2025-03-12T11:36:51.813+0000] {logging_mixin.py:190} INFO - [2025-03-12T11:36:51.813+0000] {override.py:1930} INFO - Created Permission View: can delete on DAG:example_bash_decorator
[2025-03-12T11:36:51.823+0000] {logging_mixin.py:190} INFO - [2025-03-12T11:36:51.823+0000] {override.py:1930} INFO - Created Permission View: can read on DAG:example_bash_decorator
[2025-03-12T11:36:51.841+0000] {logging_mixin.py:190} INFO - [2025-03-12T11:36:51.840+0000] {override.py:1930} INFO - Created Permission View: menu access on DAG Run:example_bash_decorator
[2025-03-12T11:36:51.875+0000] {logging_mixin.py:190} INFO - [2025-03-12T11:36:51.875+0000] {override.py:1930} INFO - Created Permission View: can create on DAG Run:example_bash_decorator
[2025-03-12T11:36:51.888+0000] {logging_mixin.py:190} INFO - [2025-03-12T11:36:51.888+0000] {override.py:1930} INFO - Created Permission View: can delete on DAG Run:example_bash_decorator
[2025-03-12T11:36:51.899+0000] {logging_mixin.py:190} INFO - [2025-03-12T11:36:51.898+0000] {override.py:1930} INFO - Created Permission View: can read on DAG Run:example_bash_decorator
[2025-03-12T11:36:51.899+0000] {logging_mixin.py:190} INFO - [2025-03-12T11:36:51.899+0000] {dag.py:3239} INFO - Sync 1 DAGs
[2025-03-12T11:36:51.910+0000] {logging_mixin.py:190} INFO - [2025-03-12T11:36:51.910+0000] {dag.py:3262} INFO - Creating ORM DAG for example_bash_decorator
[2025-03-12T11:36:51.910+0000] {logging_mixin.py:190} INFO - [2025-03-12T11:36:51.910+0000] {dag.py:4180} INFO - Setting next_dagrun for example_bash_decorator to None, run_after=None
[2025-03-12T11:36:51.951+0000] {processor.py:208} INFO - Processing /home/arthur-guilherme/airflow-env/lib/python3.12/site-packages/airflow/example_dags/example_bash_decorator.py took 0.261 seconds
[2025-03-12T11:38:03.979+0000] {processor.py:186} INFO - Started process (PID=25179) to work on /home/arthur-guilherme/airflow-env/lib/python3.12/site-packages/airflow/example_dags/example_bash_decorator.py
[2025-03-12T11:38:03.981+0000] {processor.py:914} INFO - Processing file /home/arthur-guilherme/airflow-env/lib/python3.12/site-packages/airflow/example_dags/example_bash_decorator.py for tasks to queue
[2025-03-12T11:38:03.983+0000] {logging_mixin.py:190} INFO - [2025-03-12T11:38:03.982+0000] {dagbag.py:588} INFO - Filling up the DagBag from /home/arthur-guilherme/airflow-env/lib/python3.12/site-packages/airflow/example_dags/example_bash_decorator.py
[2025-03-12T11:38:03.994+0000] {processor.py:925} INFO - DAG(s) 'example_bash_decorator' retrieved from /home/arthur-guilherme/airflow-env/lib/python3.12/site-packages/airflow/example_dags/example_bash_decorator.py
[2025-03-12T11:38:04.010+0000] {logging_mixin.py:190} INFO - [2025-03-12T11:38:04.010+0000] {dag.py:3239} INFO - Sync 1 DAGs
[2025-03-12T11:38:04.021+0000] {logging_mixin.py:190} INFO - [2025-03-12T11:38:04.021+0000] {dag.py:4180} INFO - Setting next_dagrun for example_bash_decorator to None, run_after=None
[2025-03-12T11:38:04.038+0000] {processor.py:208} INFO - Processing /home/arthur-guilherme/airflow-env/lib/python3.12/site-packages/airflow/example_dags/example_bash_decorator.py took 0.071 seconds
[2025-03-12T11:39:00.019+0000] {processor.py:186} INFO - Started process (PID=25237) to work on /home/arthur-guilherme/airflow-env/lib/python3.12/site-packages/airflow/example_dags/example_bash_decorator.py
[2025-03-12T11:39:00.021+0000] {processor.py:914} INFO - Processing file /home/arthur-guilherme/airflow-env/lib/python3.12/site-packages/airflow/example_dags/example_bash_decorator.py for tasks to queue
[2025-03-12T11:39:00.027+0000] {logging_mixin.py:190} INFO - [2025-03-12T11:39:00.026+0000] {dagbag.py:588} INFO - Filling up the DagBag from /home/arthur-guilherme/airflow-env/lib/python3.12/site-packages/airflow/example_dags/example_bash_decorator.py
[2025-03-12T11:39:00.041+0000] {processor.py:925} INFO - DAG(s) 'example_bash_decorator' retrieved from /home/arthur-guilherme/airflow-env/lib/python3.12/site-packages/airflow/example_dags/example_bash_decorator.py
[2025-03-12T11:39:00.057+0000] {logging_mixin.py:190} INFO - [2025-03-12T11:39:00.057+0000] {dag.py:3239} INFO - Sync 1 DAGs
[2025-03-12T11:39:00.067+0000] {logging_mixin.py:190} INFO - [2025-03-12T11:39:00.066+0000] {dag.py:4180} INFO - Setting next_dagrun for example_bash_decorator to None, run_after=None
[2025-03-12T11:39:00.086+0000] {processor.py:208} INFO - Processing /home/arthur-guilherme/airflow-env/lib/python3.12/site-packages/airflow/example_dags/example_bash_decorator.py took 0.076 seconds
