[2025-03-12T11:36:50.341+0000] {processor.py:186} INFO - Started process (PID=25089) to work on /home/arthur-guilherme/airflow-env/lib/python3.12/site-packages/airflow/example_dags/example_dynamic_task_mapping.py
[2025-03-12T11:36:50.342+0000] {processor.py:914} INFO - Processing file /home/arthur-guilherme/airflow-env/lib/python3.12/site-packages/airflow/example_dags/example_dynamic_task_mapping.py for tasks to queue
[2025-03-12T11:36:50.343+0000] {logging_mixin.py:190} INFO - [2025-03-12T11:36:50.343+0000] {dagbag.py:588} INFO - Filling up the DagBag from /home/arthur-guilherme/airflow-env/lib/python3.12/site-packages/airflow/example_dags/example_dynamic_task_mapping.py
[2025-03-12T11:36:50.352+0000] {processor.py:925} INFO - DAG(s) 'example_dynamic_task_mapping' retrieved from /home/arthur-guilherme/airflow-env/lib/python3.12/site-packages/airflow/example_dags/example_dynamic_task_mapping.py
[2025-03-12T11:36:50.467+0000] {logging_mixin.py:190} INFO - [2025-03-12T11:36:50.466+0000] {override.py:1930} INFO - Created Permission View: can edit on DAG:example_dynamic_task_mapping
[2025-03-12T11:36:50.479+0000] {logging_mixin.py:190} INFO - [2025-03-12T11:36:50.479+0000] {override.py:1930} INFO - Created Permission View: can delete on DAG:example_dynamic_task_mapping
[2025-03-12T11:36:50.497+0000] {logging_mixin.py:190} INFO - [2025-03-12T11:36:50.496+0000] {override.py:1930} INFO - Created Permission View: can read on DAG:example_dynamic_task_mapping
[2025-03-12T11:36:50.531+0000] {logging_mixin.py:190} INFO - [2025-03-12T11:36:50.530+0000] {override.py:1930} INFO - Created Permission View: menu access on DAG Run:example_dynamic_task_mapping
[2025-03-12T11:36:50.549+0000] {logging_mixin.py:190} INFO - [2025-03-12T11:36:50.549+0000] {override.py:1930} INFO - Created Permission View: can create on DAG Run:example_dynamic_task_mapping
[2025-03-12T11:36:50.560+0000] {logging_mixin.py:190} INFO - [2025-03-12T11:36:50.560+0000] {override.py:1930} INFO - Created Permission View: can delete on DAG Run:example_dynamic_task_mapping
[2025-03-12T11:36:50.571+0000] {logging_mixin.py:190} INFO - [2025-03-12T11:36:50.571+0000] {override.py:1930} INFO - Created Permission View: can read on DAG Run:example_dynamic_task_mapping
[2025-03-12T11:36:50.571+0000] {logging_mixin.py:190} INFO - [2025-03-12T11:36:50.571+0000] {dag.py:3239} INFO - Sync 1 DAGs
[2025-03-12T11:36:50.582+0000] {logging_mixin.py:190} INFO - [2025-03-12T11:36:50.582+0000] {dag.py:3262} INFO - Creating ORM DAG for example_dynamic_task_mapping
[2025-03-12T11:36:50.582+0000] {logging_mixin.py:190} INFO - [2025-03-12T11:36:50.582+0000] {dag.py:4180} INFO - Setting next_dagrun for example_dynamic_task_mapping to None, run_after=None
[2025-03-12T11:36:50.601+0000] {processor.py:208} INFO - Processing /home/arthur-guilherme/airflow-env/lib/python3.12/site-packages/airflow/example_dags/example_dynamic_task_mapping.py took 0.266 seconds
[2025-03-12T11:38:03.221+0000] {processor.py:186} INFO - Started process (PID=25178) to work on /home/arthur-guilherme/airflow-env/lib/python3.12/site-packages/airflow/example_dags/example_dynamic_task_mapping.py
[2025-03-12T11:38:03.223+0000] {processor.py:914} INFO - Processing file /home/arthur-guilherme/airflow-env/lib/python3.12/site-packages/airflow/example_dags/example_dynamic_task_mapping.py for tasks to queue
[2025-03-12T11:38:03.224+0000] {logging_mixin.py:190} INFO - [2025-03-12T11:38:03.224+0000] {dagbag.py:588} INFO - Filling up the DagBag from /home/arthur-guilherme/airflow-env/lib/python3.12/site-packages/airflow/example_dags/example_dynamic_task_mapping.py
[2025-03-12T11:38:03.231+0000] {processor.py:925} INFO - DAG(s) 'example_dynamic_task_mapping' retrieved from /home/arthur-guilherme/airflow-env/lib/python3.12/site-packages/airflow/example_dags/example_dynamic_task_mapping.py
[2025-03-12T11:38:03.244+0000] {logging_mixin.py:190} INFO - [2025-03-12T11:38:03.243+0000] {dag.py:3239} INFO - Sync 1 DAGs
[2025-03-12T11:38:03.253+0000] {logging_mixin.py:190} INFO - [2025-03-12T11:38:03.252+0000] {dag.py:4180} INFO - Setting next_dagrun for example_dynamic_task_mapping to None, run_after=None
[2025-03-12T11:38:03.273+0000] {processor.py:208} INFO - Processing /home/arthur-guilherme/airflow-env/lib/python3.12/site-packages/airflow/example_dags/example_dynamic_task_mapping.py took 0.056 seconds
[2025-03-12T11:38:58.870+0000] {processor.py:186} INFO - Started process (PID=25236) to work on /home/arthur-guilherme/airflow-env/lib/python3.12/site-packages/airflow/example_dags/example_dynamic_task_mapping.py
[2025-03-12T11:38:58.871+0000] {processor.py:914} INFO - Processing file /home/arthur-guilherme/airflow-env/lib/python3.12/site-packages/airflow/example_dags/example_dynamic_task_mapping.py for tasks to queue
[2025-03-12T11:38:58.873+0000] {logging_mixin.py:190} INFO - [2025-03-12T11:38:58.873+0000] {dagbag.py:588} INFO - Filling up the DagBag from /home/arthur-guilherme/airflow-env/lib/python3.12/site-packages/airflow/example_dags/example_dynamic_task_mapping.py
[2025-03-12T11:38:58.880+0000] {processor.py:925} INFO - DAG(s) 'example_dynamic_task_mapping' retrieved from /home/arthur-guilherme/airflow-env/lib/python3.12/site-packages/airflow/example_dags/example_dynamic_task_mapping.py
[2025-03-12T11:38:58.893+0000] {logging_mixin.py:190} INFO - [2025-03-12T11:38:58.892+0000] {dag.py:3239} INFO - Sync 1 DAGs
[2025-03-12T11:38:58.903+0000] {logging_mixin.py:190} INFO - [2025-03-12T11:38:58.902+0000] {dag.py:4180} INFO - Setting next_dagrun for example_dynamic_task_mapping to None, run_after=None
[2025-03-12T11:38:58.924+0000] {processor.py:208} INFO - Processing /home/arthur-guilherme/airflow-env/lib/python3.12/site-packages/airflow/example_dags/example_dynamic_task_mapping.py took 0.059 seconds
