[2025-03-12T11:36:19.960+0000] {processor.py:186} INFO - Started process (PID=25031) to work on /home/arthur-guilherme/airflow-env/lib/python3.12/site-packages/airflow/example_dags/example_setup_teardown.py
[2025-03-12T11:36:19.960+0000] {processor.py:914} INFO - Processing file /home/arthur-guilherme/airflow-env/lib/python3.12/site-packages/airflow/example_dags/example_setup_teardown.py for tasks to queue
[2025-03-12T11:36:19.962+0000] {logging_mixin.py:190} INFO - [2025-03-12T11:36:19.962+0000] {dagbag.py:588} INFO - Filling up the DagBag from /home/arthur-guilherme/airflow-env/lib/python3.12/site-packages/airflow/example_dags/example_setup_teardown.py
[2025-03-12T11:36:19.969+0000] {processor.py:925} INFO - DAG(s) 'example_setup_teardown' retrieved from /home/arthur-guilherme/airflow-env/lib/python3.12/site-packages/airflow/example_dags/example_setup_teardown.py
[2025-03-12T11:36:20.055+0000] {logging_mixin.py:190} INFO - [2025-03-12T11:36:20.054+0000] {override.py:1930} INFO - Created Permission View: can edit on DAG:example_setup_teardown
[2025-03-12T11:36:20.065+0000] {logging_mixin.py:190} INFO - [2025-03-12T11:36:20.065+0000] {override.py:1930} INFO - Created Permission View: can delete on DAG:example_setup_teardown
[2025-03-12T11:36:20.072+0000] {logging_mixin.py:190} INFO - [2025-03-12T11:36:20.072+0000] {override.py:1930} INFO - Created Permission View: can read on DAG:example_setup_teardown
[2025-03-12T11:36:20.086+0000] {logging_mixin.py:190} INFO - [2025-03-12T11:36:20.086+0000] {override.py:1930} INFO - Created Permission View: menu access on DAG Run:example_setup_teardown
[2025-03-12T11:36:20.094+0000] {logging_mixin.py:190} INFO - [2025-03-12T11:36:20.094+0000] {override.py:1930} INFO - Created Permission View: can create on DAG Run:example_setup_teardown
[2025-03-12T11:36:20.101+0000] {logging_mixin.py:190} INFO - [2025-03-12T11:36:20.101+0000] {override.py:1930} INFO - Created Permission View: can delete on DAG Run:example_setup_teardown
[2025-03-12T11:36:20.109+0000] {logging_mixin.py:190} INFO - [2025-03-12T11:36:20.108+0000] {override.py:1930} INFO - Created Permission View: can read on DAG Run:example_setup_teardown
[2025-03-12T11:36:20.109+0000] {logging_mixin.py:190} INFO - [2025-03-12T11:36:20.109+0000] {dag.py:3239} INFO - Sync 1 DAGs
[2025-03-12T11:36:20.116+0000] {logging_mixin.py:190} INFO - [2025-03-12T11:36:20.116+0000] {dag.py:3262} INFO - Creating ORM DAG for example_setup_teardown
[2025-03-12T11:36:20.117+0000] {logging_mixin.py:190} INFO - [2025-03-12T11:36:20.117+0000] {dag.py:4180} INFO - Setting next_dagrun for example_setup_teardown to None, run_after=None
[2025-03-12T11:36:20.133+0000] {processor.py:208} INFO - Processing /home/arthur-guilherme/airflow-env/lib/python3.12/site-packages/airflow/example_dags/example_setup_teardown.py took 0.177 seconds
[2025-03-12T11:37:26.119+0000] {processor.py:186} INFO - Started process (PID=25136) to work on /home/arthur-guilherme/airflow-env/lib/python3.12/site-packages/airflow/example_dags/example_setup_teardown.py
[2025-03-12T11:37:26.126+0000] {processor.py:914} INFO - Processing file /home/arthur-guilherme/airflow-env/lib/python3.12/site-packages/airflow/example_dags/example_setup_teardown.py for tasks to queue
[2025-03-12T11:37:26.127+0000] {logging_mixin.py:190} INFO - [2025-03-12T11:37:26.127+0000] {dagbag.py:588} INFO - Filling up the DagBag from /home/arthur-guilherme/airflow-env/lib/python3.12/site-packages/airflow/example_dags/example_setup_teardown.py
[2025-03-12T11:37:26.134+0000] {processor.py:925} INFO - DAG(s) 'example_setup_teardown' retrieved from /home/arthur-guilherme/airflow-env/lib/python3.12/site-packages/airflow/example_dags/example_setup_teardown.py
[2025-03-12T11:37:26.158+0000] {logging_mixin.py:190} INFO - [2025-03-12T11:37:26.158+0000] {dag.py:3239} INFO - Sync 1 DAGs
[2025-03-12T11:37:26.172+0000] {logging_mixin.py:190} INFO - [2025-03-12T11:37:26.172+0000] {dag.py:4180} INFO - Setting next_dagrun for example_setup_teardown to None, run_after=None
[2025-03-12T11:37:26.217+0000] {processor.py:208} INFO - Processing /home/arthur-guilherme/airflow-env/lib/python3.12/site-packages/airflow/example_dags/example_setup_teardown.py took 0.104 seconds
[2025-03-12T11:38:23.942+0000] {processor.py:186} INFO - Started process (PID=25199) to work on /home/arthur-guilherme/airflow-env/lib/python3.12/site-packages/airflow/example_dags/example_setup_teardown.py
[2025-03-12T11:38:23.945+0000] {processor.py:914} INFO - Processing file /home/arthur-guilherme/airflow-env/lib/python3.12/site-packages/airflow/example_dags/example_setup_teardown.py for tasks to queue
[2025-03-12T11:38:23.947+0000] {logging_mixin.py:190} INFO - [2025-03-12T11:38:23.946+0000] {dagbag.py:588} INFO - Filling up the DagBag from /home/arthur-guilherme/airflow-env/lib/python3.12/site-packages/airflow/example_dags/example_setup_teardown.py
[2025-03-12T11:38:23.954+0000] {processor.py:925} INFO - DAG(s) 'example_setup_teardown' retrieved from /home/arthur-guilherme/airflow-env/lib/python3.12/site-packages/airflow/example_dags/example_setup_teardown.py
[2025-03-12T11:38:23.966+0000] {logging_mixin.py:190} INFO - [2025-03-12T11:38:23.966+0000] {dag.py:3239} INFO - Sync 1 DAGs
[2025-03-12T11:38:23.976+0000] {logging_mixin.py:190} INFO - [2025-03-12T11:38:23.976+0000] {dag.py:4180} INFO - Setting next_dagrun for example_setup_teardown to None, run_after=None
[2025-03-12T11:38:23.996+0000] {processor.py:208} INFO - Processing /home/arthur-guilherme/airflow-env/lib/python3.12/site-packages/airflow/example_dags/example_setup_teardown.py took 0.059 seconds
