[2025-03-12T11:36:27.774+0000] {processor.py:186} INFO - Started process (PID=25068) to work on /home/arthur-guilherme/airflow-env/lib/python3.12/site-packages/airflow/example_dags/example_setup_teardown_taskflow.py
[2025-03-12T11:36:27.774+0000] {processor.py:914} INFO - Processing file /home/arthur-guilherme/airflow-env/lib/python3.12/site-packages/airflow/example_dags/example_setup_teardown_taskflow.py for tasks to queue
[2025-03-12T11:36:27.776+0000] {logging_mixin.py:190} INFO - [2025-03-12T11:36:27.775+0000] {dagbag.py:588} INFO - Filling up the DagBag from /home/arthur-guilherme/airflow-env/lib/python3.12/site-packages/airflow/example_dags/example_setup_teardown_taskflow.py
[2025-03-12T11:36:27.783+0000] {processor.py:925} INFO - DAG(s) 'example_setup_teardown_taskflow' retrieved from /home/arthur-guilherme/airflow-env/lib/python3.12/site-packages/airflow/example_dags/example_setup_teardown_taskflow.py
[2025-03-12T11:36:27.871+0000] {logging_mixin.py:190} INFO - [2025-03-12T11:36:27.870+0000] {override.py:1930} INFO - Created Permission View: can edit on DAG:example_setup_teardown_taskflow
[2025-03-12T11:36:27.881+0000] {logging_mixin.py:190} INFO - [2025-03-12T11:36:27.881+0000] {override.py:1930} INFO - Created Permission View: can delete on DAG:example_setup_teardown_taskflow
[2025-03-12T11:36:27.889+0000] {logging_mixin.py:190} INFO - [2025-03-12T11:36:27.889+0000] {override.py:1930} INFO - Created Permission View: can read on DAG:example_setup_teardown_taskflow
[2025-03-12T11:36:27.902+0000] {logging_mixin.py:190} INFO - [2025-03-12T11:36:27.902+0000] {override.py:1930} INFO - Created Permission View: menu access on DAG Run:example_setup_teardown_taskflow
[2025-03-12T11:36:27.913+0000] {logging_mixin.py:190} INFO - [2025-03-12T11:36:27.912+0000] {override.py:1930} INFO - Created Permission View: can create on DAG Run:example_setup_teardown_taskflow
[2025-03-12T11:36:27.921+0000] {logging_mixin.py:190} INFO - [2025-03-12T11:36:27.921+0000] {override.py:1930} INFO - Created Permission View: can delete on DAG Run:example_setup_teardown_taskflow
[2025-03-12T11:36:27.929+0000] {logging_mixin.py:190} INFO - [2025-03-12T11:36:27.929+0000] {override.py:1930} INFO - Created Permission View: can read on DAG Run:example_setup_teardown_taskflow
[2025-03-12T11:36:27.929+0000] {logging_mixin.py:190} INFO - [2025-03-12T11:36:27.929+0000] {dag.py:3239} INFO - Sync 1 DAGs
[2025-03-12T11:36:27.947+0000] {logging_mixin.py:190} INFO - [2025-03-12T11:36:27.947+0000] {dag.py:3262} INFO - Creating ORM DAG for example_setup_teardown_taskflow
[2025-03-12T11:36:27.949+0000] {logging_mixin.py:190} INFO - [2025-03-12T11:36:27.949+0000] {dag.py:4180} INFO - Setting next_dagrun for example_setup_teardown_taskflow to None, run_after=None
[2025-03-12T11:36:27.972+0000] {processor.py:208} INFO - Processing /home/arthur-guilherme/airflow-env/lib/python3.12/site-packages/airflow/example_dags/example_setup_teardown_taskflow.py took 0.202 seconds
[2025-03-12T11:37:33.870+0000] {processor.py:186} INFO - Started process (PID=25143) to work on /home/arthur-guilherme/airflow-env/lib/python3.12/site-packages/airflow/example_dags/example_setup_teardown_taskflow.py
[2025-03-12T11:37:33.874+0000] {processor.py:914} INFO - Processing file /home/arthur-guilherme/airflow-env/lib/python3.12/site-packages/airflow/example_dags/example_setup_teardown_taskflow.py for tasks to queue
[2025-03-12T11:37:33.876+0000] {logging_mixin.py:190} INFO - [2025-03-12T11:37:33.875+0000] {dagbag.py:588} INFO - Filling up the DagBag from /home/arthur-guilherme/airflow-env/lib/python3.12/site-packages/airflow/example_dags/example_setup_teardown_taskflow.py
[2025-03-12T11:37:33.884+0000] {processor.py:925} INFO - DAG(s) 'example_setup_teardown_taskflow' retrieved from /home/arthur-guilherme/airflow-env/lib/python3.12/site-packages/airflow/example_dags/example_setup_teardown_taskflow.py
[2025-03-12T11:37:33.898+0000] {logging_mixin.py:190} INFO - [2025-03-12T11:37:33.897+0000] {dag.py:3239} INFO - Sync 1 DAGs
[2025-03-12T11:37:33.908+0000] {logging_mixin.py:190} INFO - [2025-03-12T11:37:33.908+0000] {dag.py:4180} INFO - Setting next_dagrun for example_setup_teardown_taskflow to None, run_after=None
[2025-03-12T11:37:33.931+0000] {processor.py:208} INFO - Processing /home/arthur-guilherme/airflow-env/lib/python3.12/site-packages/airflow/example_dags/example_setup_teardown_taskflow.py took 0.065 seconds
[2025-03-12T11:38:29.669+0000] {processor.py:186} INFO - Started process (PID=25206) to work on /home/arthur-guilherme/airflow-env/lib/python3.12/site-packages/airflow/example_dags/example_setup_teardown_taskflow.py
[2025-03-12T11:38:29.670+0000] {processor.py:914} INFO - Processing file /home/arthur-guilherme/airflow-env/lib/python3.12/site-packages/airflow/example_dags/example_setup_teardown_taskflow.py for tasks to queue
[2025-03-12T11:38:29.672+0000] {logging_mixin.py:190} INFO - [2025-03-12T11:38:29.672+0000] {dagbag.py:588} INFO - Filling up the DagBag from /home/arthur-guilherme/airflow-env/lib/python3.12/site-packages/airflow/example_dags/example_setup_teardown_taskflow.py
[2025-03-12T11:38:29.681+0000] {processor.py:925} INFO - DAG(s) 'example_setup_teardown_taskflow' retrieved from /home/arthur-guilherme/airflow-env/lib/python3.12/site-packages/airflow/example_dags/example_setup_teardown_taskflow.py
[2025-03-12T11:38:29.694+0000] {logging_mixin.py:190} INFO - [2025-03-12T11:38:29.694+0000] {dag.py:3239} INFO - Sync 1 DAGs
[2025-03-12T11:38:29.705+0000] {logging_mixin.py:190} INFO - [2025-03-12T11:38:29.704+0000] {dag.py:4180} INFO - Setting next_dagrun for example_setup_teardown_taskflow to None, run_after=None
[2025-03-12T11:38:29.723+0000] {processor.py:208} INFO - Processing /home/arthur-guilherme/airflow-env/lib/python3.12/site-packages/airflow/example_dags/example_setup_teardown_taskflow.py took 0.059 seconds
