[2025-03-12T11:36:03.410+0000] {processor.py:186} INFO - Started process (PID=25016) to work on /home/arthur-guilherme/airflow-env/lib/python3.12/site-packages/airflow/example_dags/example_task_group_decorator.py
[2025-03-12T11:36:03.410+0000] {processor.py:914} INFO - Processing file /home/arthur-guilherme/airflow-env/lib/python3.12/site-packages/airflow/example_dags/example_task_group_decorator.py for tasks to queue
[2025-03-12T11:36:03.412+0000] {logging_mixin.py:190} INFO - [2025-03-12T11:36:03.412+0000] {dagbag.py:588} INFO - Filling up the DagBag from /home/arthur-guilherme/airflow-env/lib/python3.12/site-packages/airflow/example_dags/example_task_group_decorator.py
[2025-03-12T11:36:03.427+0000] {processor.py:925} INFO - DAG(s) 'example_task_group_decorator' retrieved from /home/arthur-guilherme/airflow-env/lib/python3.12/site-packages/airflow/example_dags/example_task_group_decorator.py
[2025-03-12T11:36:03.548+0000] {logging_mixin.py:190} INFO - [2025-03-12T11:36:03.548+0000] {override.py:1930} INFO - Created Permission View: can edit on DAG:example_task_group_decorator
[2025-03-12T11:36:03.558+0000] {logging_mixin.py:190} INFO - [2025-03-12T11:36:03.558+0000] {override.py:1930} INFO - Created Permission View: can delete on DAG:example_task_group_decorator
[2025-03-12T11:36:03.566+0000] {logging_mixin.py:190} INFO - [2025-03-12T11:36:03.566+0000] {override.py:1930} INFO - Created Permission View: can read on DAG:example_task_group_decorator
[2025-03-12T11:36:03.579+0000] {logging_mixin.py:190} INFO - [2025-03-12T11:36:03.578+0000] {override.py:1930} INFO - Created Permission View: menu access on DAG Run:example_task_group_decorator
[2025-03-12T11:36:03.586+0000] {logging_mixin.py:190} INFO - [2025-03-12T11:36:03.586+0000] {override.py:1930} INFO - Created Permission View: can create on DAG Run:example_task_group_decorator
[2025-03-12T11:36:03.594+0000] {logging_mixin.py:190} INFO - [2025-03-12T11:36:03.594+0000] {override.py:1930} INFO - Created Permission View: can delete on DAG Run:example_task_group_decorator
[2025-03-12T11:36:03.602+0000] {logging_mixin.py:190} INFO - [2025-03-12T11:36:03.602+0000] {override.py:1930} INFO - Created Permission View: can read on DAG Run:example_task_group_decorator
[2025-03-12T11:36:03.602+0000] {logging_mixin.py:190} INFO - [2025-03-12T11:36:03.602+0000] {dag.py:3239} INFO - Sync 1 DAGs
[2025-03-12T11:36:03.611+0000] {logging_mixin.py:190} INFO - [2025-03-12T11:36:03.610+0000] {dag.py:3262} INFO - Creating ORM DAG for example_task_group_decorator
[2025-03-12T11:36:03.611+0000] {logging_mixin.py:190} INFO - [2025-03-12T11:36:03.611+0000] {dag.py:4180} INFO - Setting next_dagrun for example_task_group_decorator to None, run_after=None
[2025-03-12T11:36:03.633+0000] {processor.py:208} INFO - Processing /home/arthur-guilherme/airflow-env/lib/python3.12/site-packages/airflow/example_dags/example_task_group_decorator.py took 0.227 seconds
[2025-03-12T11:37:11.837+0000] {processor.py:186} INFO - Started process (PID=25119) to work on /home/arthur-guilherme/airflow-env/lib/python3.12/site-packages/airflow/example_dags/example_task_group_decorator.py
[2025-03-12T11:37:11.846+0000] {processor.py:914} INFO - Processing file /home/arthur-guilherme/airflow-env/lib/python3.12/site-packages/airflow/example_dags/example_task_group_decorator.py for tasks to queue
[2025-03-12T11:37:11.848+0000] {logging_mixin.py:190} INFO - [2025-03-12T11:37:11.848+0000] {dagbag.py:588} INFO - Filling up the DagBag from /home/arthur-guilherme/airflow-env/lib/python3.12/site-packages/airflow/example_dags/example_task_group_decorator.py
[2025-03-12T11:37:11.860+0000] {processor.py:925} INFO - DAG(s) 'example_task_group_decorator' retrieved from /home/arthur-guilherme/airflow-env/lib/python3.12/site-packages/airflow/example_dags/example_task_group_decorator.py
[2025-03-12T11:37:11.875+0000] {logging_mixin.py:190} INFO - [2025-03-12T11:37:11.874+0000] {dag.py:3239} INFO - Sync 1 DAGs
[2025-03-12T11:37:11.883+0000] {logging_mixin.py:190} INFO - [2025-03-12T11:37:11.883+0000] {dag.py:4180} INFO - Setting next_dagrun for example_task_group_decorator to None, run_after=None
[2025-03-12T11:37:11.951+0000] {processor.py:208} INFO - Processing /home/arthur-guilherme/airflow-env/lib/python3.12/site-packages/airflow/example_dags/example_task_group_decorator.py took 0.118 seconds
[2025-03-12T11:37:47.836+0000] {processor.py:186} INFO - Started process (PID=25159) to work on /home/arthur-guilherme/airflow-env/lib/python3.12/site-packages/airflow/example_dags/example_task_group_decorator.py
[2025-03-12T11:37:47.838+0000] {processor.py:914} INFO - Processing file /home/arthur-guilherme/airflow-env/lib/python3.12/site-packages/airflow/example_dags/example_task_group_decorator.py for tasks to queue
[2025-03-12T11:37:47.840+0000] {logging_mixin.py:190} INFO - [2025-03-12T11:37:47.839+0000] {dagbag.py:588} INFO - Filling up the DagBag from /home/arthur-guilherme/airflow-env/lib/python3.12/site-packages/airflow/example_dags/example_task_group_decorator.py
[2025-03-12T11:37:47.856+0000] {processor.py:925} INFO - DAG(s) 'example_task_group_decorator' retrieved from /home/arthur-guilherme/airflow-env/lib/python3.12/site-packages/airflow/example_dags/example_task_group_decorator.py
[2025-03-12T11:37:47.885+0000] {logging_mixin.py:190} INFO - [2025-03-12T11:37:47.885+0000] {dag.py:3239} INFO - Sync 1 DAGs
[2025-03-12T11:37:47.898+0000] {logging_mixin.py:190} INFO - [2025-03-12T11:37:47.897+0000] {dag.py:4180} INFO - Setting next_dagrun for example_task_group_decorator to None, run_after=None
[2025-03-12T11:37:47.940+0000] {processor.py:208} INFO - Processing /home/arthur-guilherme/airflow-env/lib/python3.12/site-packages/airflow/example_dags/example_task_group_decorator.py took 0.131 seconds
[2025-03-12T11:38:42.275+0000] {processor.py:186} INFO - Started process (PID=25219) to work on /home/arthur-guilherme/airflow-env/lib/python3.12/site-packages/airflow/example_dags/example_task_group_decorator.py
[2025-03-12T11:38:42.276+0000] {processor.py:914} INFO - Processing file /home/arthur-guilherme/airflow-env/lib/python3.12/site-packages/airflow/example_dags/example_task_group_decorator.py for tasks to queue
[2025-03-12T11:38:42.278+0000] {logging_mixin.py:190} INFO - [2025-03-12T11:38:42.277+0000] {dagbag.py:588} INFO - Filling up the DagBag from /home/arthur-guilherme/airflow-env/lib/python3.12/site-packages/airflow/example_dags/example_task_group_decorator.py
[2025-03-12T11:38:42.288+0000] {processor.py:925} INFO - DAG(s) 'example_task_group_decorator' retrieved from /home/arthur-guilherme/airflow-env/lib/python3.12/site-packages/airflow/example_dags/example_task_group_decorator.py
[2025-03-12T11:38:42.307+0000] {logging_mixin.py:190} INFO - [2025-03-12T11:38:42.307+0000] {dag.py:3239} INFO - Sync 1 DAGs
[2025-03-12T11:38:42.318+0000] {logging_mixin.py:190} INFO - [2025-03-12T11:38:42.317+0000] {dag.py:4180} INFO - Setting next_dagrun for example_task_group_decorator to None, run_after=None
[2025-03-12T11:38:42.352+0000] {processor.py:208} INFO - Processing /home/arthur-guilherme/airflow-env/lib/python3.12/site-packages/airflow/example_dags/example_task_group_decorator.py took 0.081 seconds
