[2025-03-12T11:36:18.710+0000] {processor.py:186} INFO - Started process (PID=25030) to work on /home/arthur-guilherme/airflow-env/lib/python3.12/site-packages/airflow/example_dags/example_sensor_decorator.py
[2025-03-12T11:36:18.711+0000] {processor.py:914} INFO - Processing file /home/arthur-guilherme/airflow-env/lib/python3.12/site-packages/airflow/example_dags/example_sensor_decorator.py for tasks to queue
[2025-03-12T11:36:18.712+0000] {logging_mixin.py:190} INFO - [2025-03-12T11:36:18.712+0000] {dagbag.py:588} INFO - Filling up the DagBag from /home/arthur-guilherme/airflow-env/lib/python3.12/site-packages/airflow/example_dags/example_sensor_decorator.py
[2025-03-12T11:36:18.719+0000] {processor.py:925} INFO - DAG(s) 'example_sensor_decorator' retrieved from /home/arthur-guilherme/airflow-env/lib/python3.12/site-packages/airflow/example_dags/example_sensor_decorator.py
[2025-03-12T11:36:18.804+0000] {logging_mixin.py:190} INFO - [2025-03-12T11:36:18.804+0000] {override.py:1930} INFO - Created Permission View: can edit on DAG:example_sensor_decorator
[2025-03-12T11:36:18.815+0000] {logging_mixin.py:190} INFO - [2025-03-12T11:36:18.815+0000] {override.py:1930} INFO - Created Permission View: can delete on DAG:example_sensor_decorator
[2025-03-12T11:36:18.823+0000] {logging_mixin.py:190} INFO - [2025-03-12T11:36:18.823+0000] {override.py:1930} INFO - Created Permission View: can read on DAG:example_sensor_decorator
[2025-03-12T11:36:18.836+0000] {logging_mixin.py:190} INFO - [2025-03-12T11:36:18.836+0000] {override.py:1930} INFO - Created Permission View: menu access on DAG Run:example_sensor_decorator
[2025-03-12T11:36:18.843+0000] {logging_mixin.py:190} INFO - [2025-03-12T11:36:18.843+0000] {override.py:1930} INFO - Created Permission View: can create on DAG Run:example_sensor_decorator
[2025-03-12T11:36:18.851+0000] {logging_mixin.py:190} INFO - [2025-03-12T11:36:18.851+0000] {override.py:1930} INFO - Created Permission View: can delete on DAG Run:example_sensor_decorator
[2025-03-12T11:36:18.858+0000] {logging_mixin.py:190} INFO - [2025-03-12T11:36:18.858+0000] {override.py:1930} INFO - Created Permission View: can read on DAG Run:example_sensor_decorator
[2025-03-12T11:36:18.858+0000] {logging_mixin.py:190} INFO - [2025-03-12T11:36:18.858+0000] {dag.py:3239} INFO - Sync 1 DAGs
[2025-03-12T11:36:18.867+0000] {logging_mixin.py:190} INFO - [2025-03-12T11:36:18.867+0000] {dag.py:3262} INFO - Creating ORM DAG for example_sensor_decorator
[2025-03-12T11:36:18.867+0000] {logging_mixin.py:190} INFO - [2025-03-12T11:36:18.867+0000] {dag.py:4180} INFO - Setting next_dagrun for example_sensor_decorator to None, run_after=None
[2025-03-12T11:36:18.884+0000] {processor.py:208} INFO - Processing /home/arthur-guilherme/airflow-env/lib/python3.12/site-packages/airflow/example_dags/example_sensor_decorator.py took 0.178 seconds
[2025-03-12T11:37:25.743+0000] {processor.py:186} INFO - Started process (PID=25135) to work on /home/arthur-guilherme/airflow-env/lib/python3.12/site-packages/airflow/example_dags/example_sensor_decorator.py
[2025-03-12T11:37:25.744+0000] {processor.py:914} INFO - Processing file /home/arthur-guilherme/airflow-env/lib/python3.12/site-packages/airflow/example_dags/example_sensor_decorator.py for tasks to queue
[2025-03-12T11:37:25.747+0000] {logging_mixin.py:190} INFO - [2025-03-12T11:37:25.746+0000] {dagbag.py:588} INFO - Filling up the DagBag from /home/arthur-guilherme/airflow-env/lib/python3.12/site-packages/airflow/example_dags/example_sensor_decorator.py
[2025-03-12T11:37:25.757+0000] {processor.py:925} INFO - DAG(s) 'example_sensor_decorator' retrieved from /home/arthur-guilherme/airflow-env/lib/python3.12/site-packages/airflow/example_dags/example_sensor_decorator.py
[2025-03-12T11:37:25.770+0000] {logging_mixin.py:190} INFO - [2025-03-12T11:37:25.770+0000] {dag.py:3239} INFO - Sync 1 DAGs
[2025-03-12T11:37:25.787+0000] {logging_mixin.py:190} INFO - [2025-03-12T11:37:25.787+0000] {dag.py:4180} INFO - Setting next_dagrun for example_sensor_decorator to None, run_after=None
[2025-03-12T11:37:25.810+0000] {processor.py:208} INFO - Processing /home/arthur-guilherme/airflow-env/lib/python3.12/site-packages/airflow/example_dags/example_sensor_decorator.py took 0.074 seconds
[2025-03-12T11:38:22.799+0000] {processor.py:186} INFO - Started process (PID=25198) to work on /home/arthur-guilherme/airflow-env/lib/python3.12/site-packages/airflow/example_dags/example_sensor_decorator.py
[2025-03-12T11:38:22.801+0000] {processor.py:914} INFO - Processing file /home/arthur-guilherme/airflow-env/lib/python3.12/site-packages/airflow/example_dags/example_sensor_decorator.py for tasks to queue
[2025-03-12T11:38:22.803+0000] {logging_mixin.py:190} INFO - [2025-03-12T11:38:22.803+0000] {dagbag.py:588} INFO - Filling up the DagBag from /home/arthur-guilherme/airflow-env/lib/python3.12/site-packages/airflow/example_dags/example_sensor_decorator.py
[2025-03-12T11:38:22.810+0000] {processor.py:925} INFO - DAG(s) 'example_sensor_decorator' retrieved from /home/arthur-guilherme/airflow-env/lib/python3.12/site-packages/airflow/example_dags/example_sensor_decorator.py
[2025-03-12T11:38:22.824+0000] {logging_mixin.py:190} INFO - [2025-03-12T11:38:22.824+0000] {dag.py:3239} INFO - Sync 1 DAGs
[2025-03-12T11:38:22.835+0000] {logging_mixin.py:190} INFO - [2025-03-12T11:38:22.835+0000] {dag.py:4180} INFO - Setting next_dagrun for example_sensor_decorator to None, run_after=None
[2025-03-12T11:38:22.857+0000] {processor.py:208} INFO - Processing /home/arthur-guilherme/airflow-env/lib/python3.12/site-packages/airflow/example_dags/example_sensor_decorator.py took 0.063 seconds
