[2025-03-12T11:36:10.719+0000] {processor.py:186} INFO - Started process (PID=25022) to work on /home/arthur-guilherme/airflow-env/lib/python3.12/site-packages/airflow/example_dags/example_outlet_event_extra.py
[2025-03-12T11:36:10.721+0000] {processor.py:914} INFO - Processing file /home/arthur-guilherme/airflow-env/lib/python3.12/site-packages/airflow/example_dags/example_outlet_event_extra.py for tasks to queue
[2025-03-12T11:36:10.722+0000] {logging_mixin.py:190} INFO - [2025-03-12T11:36:10.722+0000] {dagbag.py:588} INFO - Filling up the DagBag from /home/arthur-guilherme/airflow-env/lib/python3.12/site-packages/airflow/example_dags/example_outlet_event_extra.py
[2025-03-12T11:36:10.738+0000] {processor.py:925} INFO - DAG(s) 'dataset_with_extra_by_yield', 'dataset_with_extra_by_context', 'dataset_with_extra_from_classic_operator' retrieved from /home/arthur-guilherme/airflow-env/lib/python3.12/site-packages/airflow/example_dags/example_outlet_event_extra.py
[2025-03-12T11:36:10.822+0000] {logging_mixin.py:190} INFO - [2025-03-12T11:36:10.822+0000] {override.py:1930} INFO - Created Permission View: can edit on DAG:dataset_with_extra_by_yield
[2025-03-12T11:36:10.833+0000] {logging_mixin.py:190} INFO - [2025-03-12T11:36:10.832+0000] {override.py:1930} INFO - Created Permission View: can delete on DAG:dataset_with_extra_by_yield
[2025-03-12T11:36:10.840+0000] {logging_mixin.py:190} INFO - [2025-03-12T11:36:10.840+0000] {override.py:1930} INFO - Created Permission View: can read on DAG:dataset_with_extra_by_yield
[2025-03-12T11:36:10.854+0000] {logging_mixin.py:190} INFO - [2025-03-12T11:36:10.853+0000] {override.py:1930} INFO - Created Permission View: menu access on DAG Run:dataset_with_extra_by_yield
[2025-03-12T11:36:10.862+0000] {logging_mixin.py:190} INFO - [2025-03-12T11:36:10.862+0000] {override.py:1930} INFO - Created Permission View: can create on DAG Run:dataset_with_extra_by_yield
[2025-03-12T11:36:10.871+0000] {logging_mixin.py:190} INFO - [2025-03-12T11:36:10.870+0000] {override.py:1930} INFO - Created Permission View: can delete on DAG Run:dataset_with_extra_by_yield
[2025-03-12T11:36:10.880+0000] {logging_mixin.py:190} INFO - [2025-03-12T11:36:10.879+0000] {override.py:1930} INFO - Created Permission View: can read on DAG Run:dataset_with_extra_by_yield
[2025-03-12T11:36:10.897+0000] {logging_mixin.py:190} INFO - [2025-03-12T11:36:10.897+0000] {override.py:1930} INFO - Created Permission View: can edit on DAG:dataset_with_extra_by_context
[2025-03-12T11:36:10.905+0000] {logging_mixin.py:190} INFO - [2025-03-12T11:36:10.905+0000] {override.py:1930} INFO - Created Permission View: can delete on DAG:dataset_with_extra_by_context
[2025-03-12T11:36:10.913+0000] {logging_mixin.py:190} INFO - [2025-03-12T11:36:10.913+0000] {override.py:1930} INFO - Created Permission View: can read on DAG:dataset_with_extra_by_context
[2025-03-12T11:36:10.926+0000] {logging_mixin.py:190} INFO - [2025-03-12T11:36:10.925+0000] {override.py:1930} INFO - Created Permission View: menu access on DAG Run:dataset_with_extra_by_context
[2025-03-12T11:36:10.934+0000] {logging_mixin.py:190} INFO - [2025-03-12T11:36:10.933+0000] {override.py:1930} INFO - Created Permission View: can create on DAG Run:dataset_with_extra_by_context
[2025-03-12T11:36:10.942+0000] {logging_mixin.py:190} INFO - [2025-03-12T11:36:10.942+0000] {override.py:1930} INFO - Created Permission View: can delete on DAG Run:dataset_with_extra_by_context
[2025-03-12T11:36:10.949+0000] {logging_mixin.py:190} INFO - [2025-03-12T11:36:10.949+0000] {override.py:1930} INFO - Created Permission View: can read on DAG Run:dataset_with_extra_by_context
[2025-03-12T11:36:10.968+0000] {logging_mixin.py:190} INFO - [2025-03-12T11:36:10.968+0000] {override.py:1930} INFO - Created Permission View: can edit on DAG:dataset_with_extra_from_classic_operator
[2025-03-12T11:36:10.975+0000] {logging_mixin.py:190} INFO - [2025-03-12T11:36:10.975+0000] {override.py:1930} INFO - Created Permission View: can delete on DAG:dataset_with_extra_from_classic_operator
[2025-03-12T11:36:10.983+0000] {logging_mixin.py:190} INFO - [2025-03-12T11:36:10.983+0000] {override.py:1930} INFO - Created Permission View: can read on DAG:dataset_with_extra_from_classic_operator
[2025-03-12T11:36:10.995+0000] {logging_mixin.py:190} INFO - [2025-03-12T11:36:10.995+0000] {override.py:1930} INFO - Created Permission View: menu access on DAG Run:dataset_with_extra_from_classic_operator
[2025-03-12T11:36:11.002+0000] {logging_mixin.py:190} INFO - [2025-03-12T11:36:11.002+0000] {override.py:1930} INFO - Created Permission View: can create on DAG Run:dataset_with_extra_from_classic_operator
[2025-03-12T11:36:11.009+0000] {logging_mixin.py:190} INFO - [2025-03-12T11:36:11.009+0000] {override.py:1930} INFO - Created Permission View: can delete on DAG Run:dataset_with_extra_from_classic_operator
[2025-03-12T11:36:11.017+0000] {logging_mixin.py:190} INFO - [2025-03-12T11:36:11.016+0000] {override.py:1930} INFO - Created Permission View: can read on DAG Run:dataset_with_extra_from_classic_operator
[2025-03-12T11:36:11.017+0000] {logging_mixin.py:190} INFO - [2025-03-12T11:36:11.017+0000] {dag.py:3239} INFO - Sync 3 DAGs
[2025-03-12T11:36:11.026+0000] {logging_mixin.py:190} INFO - [2025-03-12T11:36:11.026+0000] {dag.py:3262} INFO - Creating ORM DAG for dataset_with_extra_by_context
[2025-03-12T11:36:11.027+0000] {logging_mixin.py:190} INFO - [2025-03-12T11:36:11.027+0000] {dag.py:3262} INFO - Creating ORM DAG for dataset_with_extra_by_yield
[2025-03-12T11:36:11.027+0000] {logging_mixin.py:190} INFO - [2025-03-12T11:36:11.027+0000] {dag.py:3262} INFO - Creating ORM DAG for dataset_with_extra_from_classic_operator
[2025-03-12T11:36:11.034+0000] {logging_mixin.py:190} INFO - [2025-03-12T11:36:11.034+0000] {dag.py:4180} INFO - Setting next_dagrun for dataset_with_extra_by_context to 2025-03-11 00:00:00+00:00, run_after=2025-03-12 00:00:00+00:00
[2025-03-12T11:36:11.035+0000] {logging_mixin.py:190} INFO - [2025-03-12T11:36:11.035+0000] {dag.py:4180} INFO - Setting next_dagrun for dataset_with_extra_by_yield to 2025-03-11 00:00:00+00:00, run_after=2025-03-12 00:00:00+00:00
[2025-03-12T11:36:11.036+0000] {logging_mixin.py:190} INFO - [2025-03-12T11:36:11.036+0000] {dag.py:4180} INFO - Setting next_dagrun for dataset_with_extra_from_classic_operator to 2025-03-11 00:00:00+00:00, run_after=2025-03-12 00:00:00+00:00
[2025-03-12T11:36:11.063+0000] {processor.py:208} INFO - Processing /home/arthur-guilherme/airflow-env/lib/python3.12/site-packages/airflow/example_dags/example_outlet_event_extra.py took 0.347 seconds
[2025-03-12T11:37:17.106+0000] {processor.py:186} INFO - Started process (PID=25125) to work on /home/arthur-guilherme/airflow-env/lib/python3.12/site-packages/airflow/example_dags/example_outlet_event_extra.py
[2025-03-12T11:37:17.116+0000] {processor.py:914} INFO - Processing file /home/arthur-guilherme/airflow-env/lib/python3.12/site-packages/airflow/example_dags/example_outlet_event_extra.py for tasks to queue
[2025-03-12T11:37:17.117+0000] {logging_mixin.py:190} INFO - [2025-03-12T11:37:17.117+0000] {dagbag.py:588} INFO - Filling up the DagBag from /home/arthur-guilherme/airflow-env/lib/python3.12/site-packages/airflow/example_dags/example_outlet_event_extra.py
[2025-03-12T11:37:17.129+0000] {processor.py:925} INFO - DAG(s) 'dataset_with_extra_by_context', 'dataset_with_extra_from_classic_operator', 'dataset_with_extra_by_yield' retrieved from /home/arthur-guilherme/airflow-env/lib/python3.12/site-packages/airflow/example_dags/example_outlet_event_extra.py
[2025-03-12T11:37:17.147+0000] {logging_mixin.py:190} INFO - [2025-03-12T11:37:17.147+0000] {dag.py:3239} INFO - Sync 3 DAGs
[2025-03-12T11:37:17.161+0000] {logging_mixin.py:190} INFO - [2025-03-12T11:37:17.161+0000] {dag.py:4180} INFO - Setting next_dagrun for dataset_with_extra_by_context to 2025-03-11 00:00:00+00:00, run_after=2025-03-12 00:00:00+00:00
[2025-03-12T11:37:17.164+0000] {logging_mixin.py:190} INFO - [2025-03-12T11:37:17.164+0000] {dag.py:4180} INFO - Setting next_dagrun for dataset_with_extra_by_yield to 2025-03-11 00:00:00+00:00, run_after=2025-03-12 00:00:00+00:00
[2025-03-12T11:37:17.165+0000] {logging_mixin.py:190} INFO - [2025-03-12T11:37:17.165+0000] {dag.py:4180} INFO - Setting next_dagrun for dataset_with_extra_from_classic_operator to 2025-03-11 00:00:00+00:00, run_after=2025-03-12 00:00:00+00:00
[2025-03-12T11:37:17.192+0000] {processor.py:208} INFO - Processing /home/arthur-guilherme/airflow-env/lib/python3.12/site-packages/airflow/example_dags/example_outlet_event_extra.py took 0.089 seconds
[2025-03-12T11:37:53.557+0000] {processor.py:186} INFO - Started process (PID=25168) to work on /home/arthur-guilherme/airflow-env/lib/python3.12/site-packages/airflow/example_dags/example_outlet_event_extra.py
[2025-03-12T11:37:53.559+0000] {processor.py:914} INFO - Processing file /home/arthur-guilherme/airflow-env/lib/python3.12/site-packages/airflow/example_dags/example_outlet_event_extra.py for tasks to queue
[2025-03-12T11:37:53.561+0000] {logging_mixin.py:190} INFO - [2025-03-12T11:37:53.561+0000] {dagbag.py:588} INFO - Filling up the DagBag from /home/arthur-guilherme/airflow-env/lib/python3.12/site-packages/airflow/example_dags/example_outlet_event_extra.py
[2025-03-12T11:37:53.575+0000] {processor.py:925} INFO - DAG(s) 'dataset_with_extra_by_yield', 'dataset_with_extra_from_classic_operator', 'dataset_with_extra_by_context' retrieved from /home/arthur-guilherme/airflow-env/lib/python3.12/site-packages/airflow/example_dags/example_outlet_event_extra.py
[2025-03-12T11:37:53.593+0000] {logging_mixin.py:190} INFO - [2025-03-12T11:37:53.593+0000] {dag.py:3239} INFO - Sync 3 DAGs
[2025-03-12T11:37:53.612+0000] {logging_mixin.py:190} INFO - [2025-03-12T11:37:53.612+0000] {dag.py:4180} INFO - Setting next_dagrun for dataset_with_extra_by_context to 2025-03-11 00:00:00+00:00, run_after=2025-03-12 00:00:00+00:00
[2025-03-12T11:37:53.617+0000] {logging_mixin.py:190} INFO - [2025-03-12T11:37:53.617+0000] {dag.py:4180} INFO - Setting next_dagrun for dataset_with_extra_by_yield to 2025-03-11 00:00:00+00:00, run_after=2025-03-12 00:00:00+00:00
[2025-03-12T11:37:53.619+0000] {logging_mixin.py:190} INFO - [2025-03-12T11:37:53.619+0000] {dag.py:4180} INFO - Setting next_dagrun for dataset_with_extra_from_classic_operator to 2025-03-11 00:00:00+00:00, run_after=2025-03-12 00:00:00+00:00
[2025-03-12T11:37:53.641+0000] {processor.py:208} INFO - Processing /home/arthur-guilherme/airflow-env/lib/python3.12/site-packages/airflow/example_dags/example_outlet_event_extra.py took 0.088 seconds
[2025-03-12T11:38:48.727+0000] {processor.py:186} INFO - Started process (PID=25225) to work on /home/arthur-guilherme/airflow-env/lib/python3.12/site-packages/airflow/example_dags/example_outlet_event_extra.py
[2025-03-12T11:38:48.729+0000] {processor.py:914} INFO - Processing file /home/arthur-guilherme/airflow-env/lib/python3.12/site-packages/airflow/example_dags/example_outlet_event_extra.py for tasks to queue
[2025-03-12T11:38:48.732+0000] {logging_mixin.py:190} INFO - [2025-03-12T11:38:48.732+0000] {dagbag.py:588} INFO - Filling up the DagBag from /home/arthur-guilherme/airflow-env/lib/python3.12/site-packages/airflow/example_dags/example_outlet_event_extra.py
[2025-03-12T11:38:48.743+0000] {processor.py:925} INFO - DAG(s) 'dataset_with_extra_by_context', 'dataset_with_extra_by_yield', 'dataset_with_extra_from_classic_operator' retrieved from /home/arthur-guilherme/airflow-env/lib/python3.12/site-packages/airflow/example_dags/example_outlet_event_extra.py
[2025-03-12T11:38:48.759+0000] {logging_mixin.py:190} INFO - [2025-03-12T11:38:48.759+0000] {dag.py:3239} INFO - Sync 3 DAGs
[2025-03-12T11:38:48.777+0000] {logging_mixin.py:190} INFO - [2025-03-12T11:38:48.777+0000] {dag.py:4180} INFO - Setting next_dagrun for dataset_with_extra_by_context to 2025-03-11 00:00:00+00:00, run_after=2025-03-12 00:00:00+00:00
[2025-03-12T11:38:48.780+0000] {logging_mixin.py:190} INFO - [2025-03-12T11:38:48.780+0000] {dag.py:4180} INFO - Setting next_dagrun for dataset_with_extra_by_yield to 2025-03-11 00:00:00+00:00, run_after=2025-03-12 00:00:00+00:00
[2025-03-12T11:38:48.782+0000] {logging_mixin.py:190} INFO - [2025-03-12T11:38:48.782+0000] {dag.py:4180} INFO - Setting next_dagrun for dataset_with_extra_from_classic_operator to 2025-03-11 00:00:00+00:00, run_after=2025-03-12 00:00:00+00:00
[2025-03-12T11:38:48.811+0000] {processor.py:208} INFO - Processing /home/arthur-guilherme/airflow-env/lib/python3.12/site-packages/airflow/example_dags/example_outlet_event_extra.py took 0.088 seconds
