[2025-03-12T11:36:25.201+0000] {processor.py:186} INFO - Started process (PID=25036) to work on /home/arthur-guilherme/airflow-env/lib/python3.12/site-packages/airflow/example_dags/tutorial_taskflow_api.py
[2025-03-12T11:36:25.202+0000] {processor.py:914} INFO - Processing file /home/arthur-guilherme/airflow-env/lib/python3.12/site-packages/airflow/example_dags/tutorial_taskflow_api.py for tasks to queue
[2025-03-12T11:36:25.203+0000] {logging_mixin.py:190} INFO - [2025-03-12T11:36:25.203+0000] {dagbag.py:588} INFO - Filling up the DagBag from /home/arthur-guilherme/airflow-env/lib/python3.12/site-packages/airflow/example_dags/tutorial_taskflow_api.py
[2025-03-12T11:36:25.210+0000] {processor.py:925} INFO - DAG(s) 'tutorial_taskflow_api' retrieved from /home/arthur-guilherme/airflow-env/lib/python3.12/site-packages/airflow/example_dags/tutorial_taskflow_api.py
[2025-03-12T11:36:25.294+0000] {logging_mixin.py:190} INFO - [2025-03-12T11:36:25.293+0000] {override.py:1930} INFO - Created Permission View: can edit on DAG:tutorial_taskflow_api
[2025-03-12T11:36:25.304+0000] {logging_mixin.py:190} INFO - [2025-03-12T11:36:25.304+0000] {override.py:1930} INFO - Created Permission View: can delete on DAG:tutorial_taskflow_api
[2025-03-12T11:36:25.312+0000] {logging_mixin.py:190} INFO - [2025-03-12T11:36:25.312+0000] {override.py:1930} INFO - Created Permission View: can read on DAG:tutorial_taskflow_api
[2025-03-12T11:36:25.326+0000] {logging_mixin.py:190} INFO - [2025-03-12T11:36:25.326+0000] {override.py:1930} INFO - Created Permission View: menu access on DAG Run:tutorial_taskflow_api
[2025-03-12T11:36:25.334+0000] {logging_mixin.py:190} INFO - [2025-03-12T11:36:25.334+0000] {override.py:1930} INFO - Created Permission View: can create on DAG Run:tutorial_taskflow_api
[2025-03-12T11:36:25.341+0000] {logging_mixin.py:190} INFO - [2025-03-12T11:36:25.341+0000] {override.py:1930} INFO - Created Permission View: can delete on DAG Run:tutorial_taskflow_api
[2025-03-12T11:36:25.348+0000] {logging_mixin.py:190} INFO - [2025-03-12T11:36:25.348+0000] {override.py:1930} INFO - Created Permission View: can read on DAG Run:tutorial_taskflow_api
[2025-03-12T11:36:25.349+0000] {logging_mixin.py:190} INFO - [2025-03-12T11:36:25.349+0000] {dag.py:3239} INFO - Sync 1 DAGs
[2025-03-12T11:36:25.358+0000] {logging_mixin.py:190} INFO - [2025-03-12T11:36:25.358+0000] {dag.py:3262} INFO - Creating ORM DAG for tutorial_taskflow_api
[2025-03-12T11:36:25.358+0000] {logging_mixin.py:190} INFO - [2025-03-12T11:36:25.358+0000] {dag.py:4180} INFO - Setting next_dagrun for tutorial_taskflow_api to None, run_after=None
[2025-03-12T11:36:25.374+0000] {processor.py:208} INFO - Processing /home/arthur-guilherme/airflow-env/lib/python3.12/site-packages/airflow/example_dags/tutorial_taskflow_api.py took 0.176 seconds
[2025-03-12T11:37:31.950+0000] {processor.py:186} INFO - Started process (PID=25141) to work on /home/arthur-guilherme/airflow-env/lib/python3.12/site-packages/airflow/example_dags/tutorial_taskflow_api.py
[2025-03-12T11:37:31.963+0000] {processor.py:914} INFO - Processing file /home/arthur-guilherme/airflow-env/lib/python3.12/site-packages/airflow/example_dags/tutorial_taskflow_api.py for tasks to queue
[2025-03-12T11:37:31.965+0000] {logging_mixin.py:190} INFO - [2025-03-12T11:37:31.965+0000] {dagbag.py:588} INFO - Filling up the DagBag from /home/arthur-guilherme/airflow-env/lib/python3.12/site-packages/airflow/example_dags/tutorial_taskflow_api.py
[2025-03-12T11:37:31.985+0000] {processor.py:925} INFO - DAG(s) 'tutorial_taskflow_api' retrieved from /home/arthur-guilherme/airflow-env/lib/python3.12/site-packages/airflow/example_dags/tutorial_taskflow_api.py
[2025-03-12T11:37:32.010+0000] {logging_mixin.py:190} INFO - [2025-03-12T11:37:32.009+0000] {dag.py:3239} INFO - Sync 1 DAGs
[2025-03-12T11:37:32.018+0000] {logging_mixin.py:190} INFO - [2025-03-12T11:37:32.018+0000] {dag.py:4180} INFO - Setting next_dagrun for tutorial_taskflow_api to None, run_after=None
[2025-03-12T11:37:32.064+0000] {processor.py:208} INFO - Processing /home/arthur-guilherme/airflow-env/lib/python3.12/site-packages/airflow/example_dags/tutorial_taskflow_api.py took 0.118 seconds
[2025-03-12T11:38:28.342+0000] {processor.py:186} INFO - Started process (PID=25204) to work on /home/arthur-guilherme/airflow-env/lib/python3.12/site-packages/airflow/example_dags/tutorial_taskflow_api.py
[2025-03-12T11:38:28.343+0000] {processor.py:914} INFO - Processing file /home/arthur-guilherme/airflow-env/lib/python3.12/site-packages/airflow/example_dags/tutorial_taskflow_api.py for tasks to queue
[2025-03-12T11:38:28.345+0000] {logging_mixin.py:190} INFO - [2025-03-12T11:38:28.344+0000] {dagbag.py:588} INFO - Filling up the DagBag from /home/arthur-guilherme/airflow-env/lib/python3.12/site-packages/airflow/example_dags/tutorial_taskflow_api.py
[2025-03-12T11:38:28.353+0000] {processor.py:925} INFO - DAG(s) 'tutorial_taskflow_api' retrieved from /home/arthur-guilherme/airflow-env/lib/python3.12/site-packages/airflow/example_dags/tutorial_taskflow_api.py
[2025-03-12T11:38:28.366+0000] {logging_mixin.py:190} INFO - [2025-03-12T11:38:28.366+0000] {dag.py:3239} INFO - Sync 1 DAGs
[2025-03-12T11:38:28.376+0000] {logging_mixin.py:190} INFO - [2025-03-12T11:38:28.376+0000] {dag.py:4180} INFO - Setting next_dagrun for tutorial_taskflow_api to None, run_after=None
[2025-03-12T11:38:28.395+0000] {processor.py:208} INFO - Processing /home/arthur-guilherme/airflow-env/lib/python3.12/site-packages/airflow/example_dags/tutorial_taskflow_api.py took 0.058 seconds
