[2025-03-12T11:36:18.227+0000] {processor.py:186} INFO - Started process (PID=25029) to work on /home/arthur-guilherme/airflow-env/lib/python3.12/site-packages/airflow/example_dags/tutorial.py
[2025-03-12T11:36:18.227+0000] {processor.py:914} INFO - Processing file /home/arthur-guilherme/airflow-env/lib/python3.12/site-packages/airflow/example_dags/tutorial.py for tasks to queue
[2025-03-12T11:36:18.229+0000] {logging_mixin.py:190} INFO - [2025-03-12T11:36:18.228+0000] {dagbag.py:588} INFO - Filling up the DagBag from /home/arthur-guilherme/airflow-env/lib/python3.12/site-packages/airflow/example_dags/tutorial.py
[2025-03-12T11:36:18.235+0000] {processor.py:925} INFO - DAG(s) 'tutorial' retrieved from /home/arthur-guilherme/airflow-env/lib/python3.12/site-packages/airflow/example_dags/tutorial.py
[2025-03-12T11:36:18.324+0000] {logging_mixin.py:190} INFO - [2025-03-12T11:36:18.323+0000] {override.py:1930} INFO - Created Permission View: can edit on DAG:tutorial
[2025-03-12T11:36:18.335+0000] {logging_mixin.py:190} INFO - [2025-03-12T11:36:18.334+0000] {override.py:1930} INFO - Created Permission View: can delete on DAG:tutorial
[2025-03-12T11:36:18.342+0000] {logging_mixin.py:190} INFO - [2025-03-12T11:36:18.342+0000] {override.py:1930} INFO - Created Permission View: can read on DAG:tutorial
[2025-03-12T11:36:18.356+0000] {logging_mixin.py:190} INFO - [2025-03-12T11:36:18.356+0000] {override.py:1930} INFO - Created Permission View: menu access on DAG Run:tutorial
[2025-03-12T11:36:18.365+0000] {logging_mixin.py:190} INFO - [2025-03-12T11:36:18.364+0000] {override.py:1930} INFO - Created Permission View: can create on DAG Run:tutorial
[2025-03-12T11:36:18.372+0000] {logging_mixin.py:190} INFO - [2025-03-12T11:36:18.372+0000] {override.py:1930} INFO - Created Permission View: can delete on DAG Run:tutorial
[2025-03-12T11:36:18.379+0000] {logging_mixin.py:190} INFO - [2025-03-12T11:36:18.379+0000] {override.py:1930} INFO - Created Permission View: can read on DAG Run:tutorial
[2025-03-12T11:36:18.380+0000] {logging_mixin.py:190} INFO - [2025-03-12T11:36:18.380+0000] {dag.py:3239} INFO - Sync 1 DAGs
[2025-03-12T11:36:18.388+0000] {logging_mixin.py:190} INFO - [2025-03-12T11:36:18.388+0000] {dag.py:3262} INFO - Creating ORM DAG for tutorial
[2025-03-12T11:36:18.395+0000] {logging_mixin.py:190} INFO - [2025-03-12T11:36:18.395+0000] {dag.py:4180} INFO - Setting next_dagrun for tutorial to 2025-03-11 00:00:00+00:00, run_after=2025-03-12 00:00:00+00:00
[2025-03-12T11:36:18.413+0000] {processor.py:208} INFO - Processing /home/arthur-guilherme/airflow-env/lib/python3.12/site-packages/airflow/example_dags/tutorial.py took 0.191 seconds
[2025-03-12T11:37:24.593+0000] {processor.py:186} INFO - Started process (PID=25134) to work on /home/arthur-guilherme/airflow-env/lib/python3.12/site-packages/airflow/example_dags/tutorial.py
[2025-03-12T11:37:24.594+0000] {processor.py:914} INFO - Processing file /home/arthur-guilherme/airflow-env/lib/python3.12/site-packages/airflow/example_dags/tutorial.py for tasks to queue
[2025-03-12T11:37:24.596+0000] {logging_mixin.py:190} INFO - [2025-03-12T11:37:24.596+0000] {dagbag.py:588} INFO - Filling up the DagBag from /home/arthur-guilherme/airflow-env/lib/python3.12/site-packages/airflow/example_dags/tutorial.py
[2025-03-12T11:37:24.604+0000] {processor.py:925} INFO - DAG(s) 'tutorial' retrieved from /home/arthur-guilherme/airflow-env/lib/python3.12/site-packages/airflow/example_dags/tutorial.py
[2025-03-12T11:37:24.616+0000] {logging_mixin.py:190} INFO - [2025-03-12T11:37:24.615+0000] {dag.py:3239} INFO - Sync 1 DAGs
[2025-03-12T11:37:24.628+0000] {logging_mixin.py:190} INFO - [2025-03-12T11:37:24.628+0000] {dag.py:4180} INFO - Setting next_dagrun for tutorial to 2025-03-11 00:00:00+00:00, run_after=2025-03-12 00:00:00+00:00
[2025-03-12T11:37:24.644+0000] {processor.py:208} INFO - Processing /home/arthur-guilherme/airflow-env/lib/python3.12/site-packages/airflow/example_dags/tutorial.py took 0.056 seconds
[2025-03-12T11:38:21.650+0000] {processor.py:186} INFO - Started process (PID=25197) to work on /home/arthur-guilherme/airflow-env/lib/python3.12/site-packages/airflow/example_dags/tutorial.py
[2025-03-12T11:38:21.653+0000] {processor.py:914} INFO - Processing file /home/arthur-guilherme/airflow-env/lib/python3.12/site-packages/airflow/example_dags/tutorial.py for tasks to queue
[2025-03-12T11:38:21.656+0000] {logging_mixin.py:190} INFO - [2025-03-12T11:38:21.655+0000] {dagbag.py:588} INFO - Filling up the DagBag from /home/arthur-guilherme/airflow-env/lib/python3.12/site-packages/airflow/example_dags/tutorial.py
[2025-03-12T11:38:21.663+0000] {processor.py:925} INFO - DAG(s) 'tutorial' retrieved from /home/arthur-guilherme/airflow-env/lib/python3.12/site-packages/airflow/example_dags/tutorial.py
[2025-03-12T11:38:21.675+0000] {logging_mixin.py:190} INFO - [2025-03-12T11:38:21.675+0000] {dag.py:3239} INFO - Sync 1 DAGs
[2025-03-12T11:38:21.691+0000] {logging_mixin.py:190} INFO - [2025-03-12T11:38:21.691+0000] {dag.py:4180} INFO - Setting next_dagrun for tutorial to 2025-03-11 00:00:00+00:00, run_after=2025-03-12 00:00:00+00:00
[2025-03-12T11:38:21.710+0000] {processor.py:208} INFO - Processing /home/arthur-guilherme/airflow-env/lib/python3.12/site-packages/airflow/example_dags/tutorial.py took 0.064 seconds
