[2025-03-12T11:36:08.221+0000] {processor.py:186} INFO - Started process (PID=25020) to work on /home/arthur-guilherme/airflow-env/lib/python3.12/site-packages/airflow/example_dags/tutorial_dag.py
[2025-03-12T11:36:08.222+0000] {processor.py:914} INFO - Processing file /home/arthur-guilherme/airflow-env/lib/python3.12/site-packages/airflow/example_dags/tutorial_dag.py for tasks to queue
[2025-03-12T11:36:08.223+0000] {logging_mixin.py:190} INFO - [2025-03-12T11:36:08.223+0000] {dagbag.py:588} INFO - Filling up the DagBag from /home/arthur-guilherme/airflow-env/lib/python3.12/site-packages/airflow/example_dags/tutorial_dag.py
[2025-03-12T11:36:08.231+0000] {processor.py:925} INFO - DAG(s) 'tutorial_dag' retrieved from /home/arthur-guilherme/airflow-env/lib/python3.12/site-packages/airflow/example_dags/tutorial_dag.py
[2025-03-12T11:36:08.329+0000] {logging_mixin.py:190} INFO - [2025-03-12T11:36:08.328+0000] {override.py:1930} INFO - Created Permission View: can edit on DAG:tutorial_dag
[2025-03-12T11:36:08.340+0000] {logging_mixin.py:190} INFO - [2025-03-12T11:36:08.339+0000] {override.py:1930} INFO - Created Permission View: can delete on DAG:tutorial_dag
[2025-03-12T11:36:08.346+0000] {logging_mixin.py:190} INFO - [2025-03-12T11:36:08.346+0000] {override.py:1930} INFO - Created Permission View: can read on DAG:tutorial_dag
[2025-03-12T11:36:08.359+0000] {logging_mixin.py:190} INFO - [2025-03-12T11:36:08.358+0000] {override.py:1930} INFO - Created Permission View: menu access on DAG Run:tutorial_dag
[2025-03-12T11:36:08.367+0000] {logging_mixin.py:190} INFO - [2025-03-12T11:36:08.366+0000] {override.py:1930} INFO - Created Permission View: can create on DAG Run:tutorial_dag
[2025-03-12T11:36:08.375+0000] {logging_mixin.py:190} INFO - [2025-03-12T11:36:08.375+0000] {override.py:1930} INFO - Created Permission View: can delete on DAG Run:tutorial_dag
[2025-03-12T11:36:08.384+0000] {logging_mixin.py:190} INFO - [2025-03-12T11:36:08.384+0000] {override.py:1930} INFO - Created Permission View: can read on DAG Run:tutorial_dag
[2025-03-12T11:36:08.384+0000] {logging_mixin.py:190} INFO - [2025-03-12T11:36:08.384+0000] {dag.py:3239} INFO - Sync 1 DAGs
[2025-03-12T11:36:08.394+0000] {logging_mixin.py:190} INFO - [2025-03-12T11:36:08.393+0000] {dag.py:3262} INFO - Creating ORM DAG for tutorial_dag
[2025-03-12T11:36:08.394+0000] {logging_mixin.py:190} INFO - [2025-03-12T11:36:08.394+0000] {dag.py:4180} INFO - Setting next_dagrun for tutorial_dag to None, run_after=None
[2025-03-12T11:36:08.410+0000] {processor.py:208} INFO - Processing /home/arthur-guilherme/airflow-env/lib/python3.12/site-packages/airflow/example_dags/tutorial_dag.py took 0.194 seconds
[2025-03-12T11:37:15.578+0000] {processor.py:186} INFO - Started process (PID=25123) to work on /home/arthur-guilherme/airflow-env/lib/python3.12/site-packages/airflow/example_dags/tutorial_dag.py
[2025-03-12T11:37:15.586+0000] {processor.py:914} INFO - Processing file /home/arthur-guilherme/airflow-env/lib/python3.12/site-packages/airflow/example_dags/tutorial_dag.py for tasks to queue
[2025-03-12T11:37:15.588+0000] {logging_mixin.py:190} INFO - [2025-03-12T11:37:15.588+0000] {dagbag.py:588} INFO - Filling up the DagBag from /home/arthur-guilherme/airflow-env/lib/python3.12/site-packages/airflow/example_dags/tutorial_dag.py
[2025-03-12T11:37:15.594+0000] {processor.py:925} INFO - DAG(s) 'tutorial_dag' retrieved from /home/arthur-guilherme/airflow-env/lib/python3.12/site-packages/airflow/example_dags/tutorial_dag.py
[2025-03-12T11:37:15.608+0000] {logging_mixin.py:190} INFO - [2025-03-12T11:37:15.608+0000] {dag.py:3239} INFO - Sync 1 DAGs
[2025-03-12T11:37:15.617+0000] {logging_mixin.py:190} INFO - [2025-03-12T11:37:15.617+0000] {dag.py:4180} INFO - Setting next_dagrun for tutorial_dag to None, run_after=None
[2025-03-12T11:37:15.636+0000] {processor.py:208} INFO - Processing /home/arthur-guilherme/airflow-env/lib/python3.12/site-packages/airflow/example_dags/tutorial_dag.py took 0.063 seconds
[2025-03-12T11:37:51.326+0000] {processor.py:186} INFO - Started process (PID=25163) to work on /home/arthur-guilherme/airflow-env/lib/python3.12/site-packages/airflow/example_dags/tutorial_dag.py
[2025-03-12T11:37:51.328+0000] {processor.py:914} INFO - Processing file /home/arthur-guilherme/airflow-env/lib/python3.12/site-packages/airflow/example_dags/tutorial_dag.py for tasks to queue
[2025-03-12T11:37:51.330+0000] {logging_mixin.py:190} INFO - [2025-03-12T11:37:51.329+0000] {dagbag.py:588} INFO - Filling up the DagBag from /home/arthur-guilherme/airflow-env/lib/python3.12/site-packages/airflow/example_dags/tutorial_dag.py
[2025-03-12T11:37:51.351+0000] {processor.py:925} INFO - DAG(s) 'tutorial_dag' retrieved from /home/arthur-guilherme/airflow-env/lib/python3.12/site-packages/airflow/example_dags/tutorial_dag.py
[2025-03-12T11:37:51.379+0000] {logging_mixin.py:190} INFO - [2025-03-12T11:37:51.379+0000] {dag.py:3239} INFO - Sync 1 DAGs
[2025-03-12T11:37:51.401+0000] {logging_mixin.py:190} INFO - [2025-03-12T11:37:51.401+0000] {dag.py:4180} INFO - Setting next_dagrun for tutorial_dag to None, run_after=None
[2025-03-12T11:37:51.432+0000] {processor.py:208} INFO - Processing /home/arthur-guilherme/airflow-env/lib/python3.12/site-packages/airflow/example_dags/tutorial_dag.py took 0.124 seconds
[2025-03-12T11:38:46.389+0000] {processor.py:186} INFO - Started process (PID=25223) to work on /home/arthur-guilherme/airflow-env/lib/python3.12/site-packages/airflow/example_dags/tutorial_dag.py
[2025-03-12T11:38:46.400+0000] {processor.py:914} INFO - Processing file /home/arthur-guilherme/airflow-env/lib/python3.12/site-packages/airflow/example_dags/tutorial_dag.py for tasks to queue
[2025-03-12T11:38:46.402+0000] {logging_mixin.py:190} INFO - [2025-03-12T11:38:46.402+0000] {dagbag.py:588} INFO - Filling up the DagBag from /home/arthur-guilherme/airflow-env/lib/python3.12/site-packages/airflow/example_dags/tutorial_dag.py
[2025-03-12T11:38:46.414+0000] {processor.py:925} INFO - DAG(s) 'tutorial_dag' retrieved from /home/arthur-guilherme/airflow-env/lib/python3.12/site-packages/airflow/example_dags/tutorial_dag.py
[2025-03-12T11:38:46.428+0000] {logging_mixin.py:190} INFO - [2025-03-12T11:38:46.428+0000] {dag.py:3239} INFO - Sync 1 DAGs
[2025-03-12T11:38:46.439+0000] {logging_mixin.py:190} INFO - [2025-03-12T11:38:46.439+0000] {dag.py:4180} INFO - Setting next_dagrun for tutorial_dag to None, run_after=None
[2025-03-12T11:38:46.460+0000] {processor.py:208} INFO - Processing /home/arthur-guilherme/airflow-env/lib/python3.12/site-packages/airflow/example_dags/tutorial_dag.py took 0.075 seconds
