[2025-03-12T11:36:33.481+0000] {processor.py:186} INFO - Started process (PID=25074) to work on /home/arthur-guilherme/airflow-env/lib/python3.12/site-packages/airflow/example_dags/tutorial_objectstorage.py
[2025-03-12T11:36:33.482+0000] {processor.py:914} INFO - Processing file /home/arthur-guilherme/airflow-env/lib/python3.12/site-packages/airflow/example_dags/tutorial_objectstorage.py for tasks to queue
[2025-03-12T11:36:33.484+0000] {logging_mixin.py:190} INFO - [2025-03-12T11:36:33.483+0000] {dagbag.py:588} INFO - Filling up the DagBag from /home/arthur-guilherme/airflow-env/lib/python3.12/site-packages/airflow/example_dags/tutorial_objectstorage.py
[2025-03-12T11:36:33.494+0000] {processor.py:925} INFO - DAG(s) 'tutorial_objectstorage' retrieved from /home/arthur-guilherme/airflow-env/lib/python3.12/site-packages/airflow/example_dags/tutorial_objectstorage.py
[2025-03-12T11:36:33.651+0000] {logging_mixin.py:190} INFO - [2025-03-12T11:36:33.651+0000] {override.py:1930} INFO - Created Permission View: can edit on DAG:tutorial_objectstorage
[2025-03-12T11:36:33.666+0000] {logging_mixin.py:190} INFO - [2025-03-12T11:36:33.665+0000] {override.py:1930} INFO - Created Permission View: can delete on DAG:tutorial_objectstorage
[2025-03-12T11:36:33.679+0000] {logging_mixin.py:190} INFO - [2025-03-12T11:36:33.678+0000] {override.py:1930} INFO - Created Permission View: can read on DAG:tutorial_objectstorage
[2025-03-12T11:36:33.699+0000] {logging_mixin.py:190} INFO - [2025-03-12T11:36:33.699+0000] {override.py:1930} INFO - Created Permission View: menu access on DAG Run:tutorial_objectstorage
[2025-03-12T11:36:33.708+0000] {logging_mixin.py:190} INFO - [2025-03-12T11:36:33.708+0000] {override.py:1930} INFO - Created Permission View: can create on DAG Run:tutorial_objectstorage
[2025-03-12T11:36:33.718+0000] {logging_mixin.py:190} INFO - [2025-03-12T11:36:33.718+0000] {override.py:1930} INFO - Created Permission View: can delete on DAG Run:tutorial_objectstorage
[2025-03-12T11:36:33.731+0000] {logging_mixin.py:190} INFO - [2025-03-12T11:36:33.730+0000] {override.py:1930} INFO - Created Permission View: can read on DAG Run:tutorial_objectstorage
[2025-03-12T11:36:33.732+0000] {logging_mixin.py:190} INFO - [2025-03-12T11:36:33.731+0000] {dag.py:3239} INFO - Sync 1 DAGs
[2025-03-12T11:36:33.748+0000] {logging_mixin.py:190} INFO - [2025-03-12T11:36:33.748+0000] {dag.py:3262} INFO - Creating ORM DAG for tutorial_objectstorage
[2025-03-12T11:36:33.749+0000] {logging_mixin.py:190} INFO - [2025-03-12T11:36:33.749+0000] {dag.py:4180} INFO - Setting next_dagrun for tutorial_objectstorage to None, run_after=None
[2025-03-12T11:36:33.777+0000] {processor.py:208} INFO - Processing /home/arthur-guilherme/airflow-env/lib/python3.12/site-packages/airflow/example_dags/tutorial_objectstorage.py took 0.304 seconds
[2025-03-12T11:37:39.164+0000] {processor.py:186} INFO - Started process (PID=25149) to work on /home/arthur-guilherme/airflow-env/lib/python3.12/site-packages/airflow/example_dags/tutorial_objectstorage.py
[2025-03-12T11:37:39.169+0000] {processor.py:914} INFO - Processing file /home/arthur-guilherme/airflow-env/lib/python3.12/site-packages/airflow/example_dags/tutorial_objectstorage.py for tasks to queue
[2025-03-12T11:37:39.171+0000] {logging_mixin.py:190} INFO - [2025-03-12T11:37:39.171+0000] {dagbag.py:588} INFO - Filling up the DagBag from /home/arthur-guilherme/airflow-env/lib/python3.12/site-packages/airflow/example_dags/tutorial_objectstorage.py
[2025-03-12T11:37:39.180+0000] {processor.py:925} INFO - DAG(s) 'tutorial_objectstorage' retrieved from /home/arthur-guilherme/airflow-env/lib/python3.12/site-packages/airflow/example_dags/tutorial_objectstorage.py
[2025-03-12T11:37:39.195+0000] {logging_mixin.py:190} INFO - [2025-03-12T11:37:39.194+0000] {dag.py:3239} INFO - Sync 1 DAGs
[2025-03-12T11:37:39.205+0000] {logging_mixin.py:190} INFO - [2025-03-12T11:37:39.205+0000] {dag.py:4180} INFO - Setting next_dagrun for tutorial_objectstorage to None, run_after=None
[2025-03-12T11:37:39.229+0000] {processor.py:208} INFO - Processing /home/arthur-guilherme/airflow-env/lib/python3.12/site-packages/airflow/example_dags/tutorial_objectstorage.py took 0.071 seconds
[2025-03-12T11:38:35.979+0000] {processor.py:186} INFO - Started process (PID=25212) to work on /home/arthur-guilherme/airflow-env/lib/python3.12/site-packages/airflow/example_dags/tutorial_objectstorage.py
[2025-03-12T11:38:35.982+0000] {processor.py:914} INFO - Processing file /home/arthur-guilherme/airflow-env/lib/python3.12/site-packages/airflow/example_dags/tutorial_objectstorage.py for tasks to queue
[2025-03-12T11:38:35.983+0000] {logging_mixin.py:190} INFO - [2025-03-12T11:38:35.983+0000] {dagbag.py:588} INFO - Filling up the DagBag from /home/arthur-guilherme/airflow-env/lib/python3.12/site-packages/airflow/example_dags/tutorial_objectstorage.py
[2025-03-12T11:38:35.993+0000] {processor.py:925} INFO - DAG(s) 'tutorial_objectstorage' retrieved from /home/arthur-guilherme/airflow-env/lib/python3.12/site-packages/airflow/example_dags/tutorial_objectstorage.py
[2025-03-12T11:38:36.007+0000] {logging_mixin.py:190} INFO - [2025-03-12T11:38:36.007+0000] {dag.py:3239} INFO - Sync 1 DAGs
[2025-03-12T11:38:36.022+0000] {logging_mixin.py:190} INFO - [2025-03-12T11:38:36.022+0000] {dag.py:4180} INFO - Setting next_dagrun for tutorial_objectstorage to None, run_after=None
[2025-03-12T11:38:36.045+0000] {processor.py:208} INFO - Processing /home/arthur-guilherme/airflow-env/lib/python3.12/site-packages/airflow/example_dags/tutorial_objectstorage.py took 0.071 seconds
